wandb: Starting wandb agent 🕵️
2023-10-20 00:07:03,214 - wandb.wandb_agent - INFO - Running runs: []
2023-10-20 00:07:03,588 - wandb.wandb_agent - INFO - Agent received command: run
2023-10-20 00:07:03,588 - wandb.wandb_agent - INFO - Agent starting run with config:
	batch_size: 24
	num_epochs: 16
2023-10-20 00:07:03,590 - wandb.wandb_agent - INFO - About to run command: /usr/bin/env srun --nodes=1 --cpus-per-task=12 --gpus=4 "-p gpu" --ntasks-per-node=4 --exclusive python3 pretrain_swin2.py --batch_size=24 --num_epochs=16 --devices 0 1 2 3
srun: error: WARNING: Multiple leaf switches contain nodes: gn[01-60]
2023-10-20 00:07:08,600 - wandb.wandb_agent - INFO - Running runs: ['3qxx5hv7']
/ceph/hpc/data/st2207-pgp-users/ldragar/pytorch_env/lib/python3.10/site-packages/torch/functional.py:504: UserWarning: torch.meshgrid: in an upcoming release, it will be required to pass the indexing argument. (Triggered internally at ../aten/src/ATen/native/TensorShape.cpp:3527.)
  return _VF.meshgrid(tensors, **kwargs)  # type: ignore[attr-defined]
/ceph/hpc/data/st2207-pgp-users/ldragar/pytorch_env/lib/python3.10/site-packages/torch/functional.py:504: UserWarning: torch.meshgrid: in an upcoming release, it will be required to pass the indexing argument. (Triggered internally at ../aten/src/ATen/native/TensorShape.cpp:3527.)
  return _VF.meshgrid(tensors, **kwargs)  # type: ignore[attr-defined]
/ceph/hpc/data/st2207-pgp-users/ldragar/pytorch_env/lib/python3.10/site-packages/torch/functional.py:504: UserWarning: torch.meshgrid: in an upcoming release, it will be required to pass the indexing argument. (Triggered internally at ../aten/src/ATen/native/TensorShape.cpp:3527.)
  return _VF.meshgrid(tensors, **kwargs)  # type: ignore[attr-defined]
/ceph/hpc/data/st2207-pgp-users/ldragar/pytorch_env/lib/python3.10/site-packages/torch/functional.py:504: UserWarning: torch.meshgrid: in an upcoming release, it will be required to pass the indexing argument. (Triggered internally at ../aten/src/ATen/native/TensorShape.cpp:3527.)
  return _VF.meshgrid(tensors, **kwargs)  # type: ignore[attr-defined]
Initializing distributed: GLOBAL_RANK: 1, MEMBER: 2/4
Initializing distributed: GLOBAL_RANK: 2, MEMBER: 3/4
Initializing distributed: GLOBAL_RANK: 3, MEMBER: 4/4
wandb: Currently logged in as: thelukadragar (luka_borut). Use `wandb login --relogin` to force relogin
wandb: WARNING Ignored wandb.init() arg project when running a sweep.
wandb: wandb version 0.15.12 is available!  To upgrade, please run:
wandb:  $ pip install wandb --upgrade
wandb: Tracking run with wandb version 0.15.8
wandb: Run data is saved locally in ./wandb/run-20231020_000808-3qxx5hv7
wandb: Run `wandb offline` to turn off syncing.
wandb: Resuming run swin_large_patch4_window12_384_in22k_40
wandb: ⭐️ View project at https://wandb.ai/luka_borut/borut_pretrain
wandb: 🧹 View sweep at https://wandb.ai/luka_borut/borut_pretrain/sweeps/ijouzlgt
wandb: 🚀 View run at https://wandb.ai/luka_borut/borut_pretrain/runs/3qxx5hv7
wandb: logging graph, to disable use `wandb.watch(log_graph=False)`
wandb: WARNING Config item 'num_epochs' was locked by 'sweep' (ignored update).
wandb: WARNING Config item 'batch_size' was locked by 'sweep' (ignored update).
GPU available: True (cuda), used: True
TPU available: False, using: 0 TPU cores
IPU available: False, using: 0 IPUs
HPU available: False, using: 0 HPUs
Initializing distributed: GLOBAL_RANK: 0, MEMBER: 1/4
----------------------------------------------------------------------------------------------------
distributed_backend=nccl
All distributed processes registered. Starting with 4 processes
----------------------------------------------------------------------------------------------------

You are using a CUDA device ('NVIDIA A100-SXM4-40GB') that has Tensor Cores. To properly utilize them, you should set `torch.set_float32_matmul_precision('medium' | 'high')` which will trade-off precision for performance. For more details, read https://pytorch.org/docs/stable/generated/torch.set_float32_matmul_precision.html#torch.set_float32_matmul_precision
LOCAL_RANK: 0 - CUDA_VISIBLE_DEVICES: [0,1,2,3]
LOCAL_RANK: 1 - CUDA_VISIBLE_DEVICES: [0,1,2,3]
LOCAL_RANK: 2 - CUDA_VISIBLE_DEVICES: [0,1,2,3]
LOCAL_RANK: 3 - CUDA_VISIBLE_DEVICES: [0,1,2,3]

  | Name      | Type             | Params
-----------------------------------------------
0 | model     | SwinTransformer  | 195 M 
1 | criterion | CrossEntropyLoss | 0     
-----------------------------------------------
195 M     Trainable params
0         Non-trainable params
195 M     Total params
780.806   Total estimated model params size (MB)
SLURM auto-requeueing enabled. Setting signal handlers.
SLURM auto-requeueing enabled. Setting signal handlers.
SLURM auto-requeueing enabled. Setting signal handlers.
SLURM auto-requeueing enabled. Setting signal handlers.
/ceph/hpc/data/st2207-pgp-users/ldragar/pytorch_env/lib/python3.10/site-packages/wandb/wandb_torch.py:193: UserWarning: The torch.cuda.*DtypeTensor constructors are no longer recommended. It's best to use methods such as torch.tensor(data, dtype=*, device='cuda') to create tensors. (Triggered internally at ../torch/csrc/tensor/python_tensor.cpp:83.)
  check = torch.cuda.FloatTensor(1).fill_(0)
srun: Job step aborted: Waiting up to 32 seconds for job step to finish.
slurmstepd: error: *** STEP 5903706.0 ON gn09 CANCELLED AT 2023-10-20T11:45:37 ***
slurmstepd: error: *** JOB 5903706 ON gn09 CANCELLED AT 2023-10-20T11:45:37 ***
