wandb: Starting wandb agent 🕵️
2023-10-23 22:03:13,815 - wandb.wandb_agent - INFO - Running runs: []
2023-10-23 22:03:14,223 - wandb.wandb_agent - INFO - Agent received command: run
2023-10-23 22:03:14,223 - wandb.wandb_agent - INFO - Agent starting run with config:
	batch_size: 8
	model_name: eva02_large_patch14_448.mim_m38m_ft_in22k_in1k
	num_epochs: 60
2023-10-23 22:03:14,225 - wandb.wandb_agent - INFO - About to run command: /usr/bin/env srun --nodes=2 --cpus-per-task=12 --gpus-per-node=4 "-p gpu" --ntasks-per-node=4 --exclusive python3 pretrain_timm.py --batch_size=8 --model_name=eva02_large_patch14_448.mim_m38m_ft_in22k_in1k --num_epochs=60 --devices 0 1 2 3 --num_nodes 2
srun: error: WARNING: Multiple leaf switches contain nodes: gn[01-60]
/ceph/hpc/data/st2207-pgp-users/ldragar/pytorch_env/lib/python3.10/site-packages/torch/functional.py:504: UserWarning: torch.meshgrid: in an upcoming release, it will be required to pass the indexing argument. (Triggered internally at ../aten/src/ATen/native/TensorShape.cpp:3527.)
  return _VF.meshgrid(tensors, **kwargs)  # type: ignore[attr-defined]
/ceph/hpc/data/st2207-pgp-users/ldragar/pytorch_env/lib/python3.10/site-packages/torch/functional.py:504: UserWarning: torch.meshgrid: in an upcoming release, it will be required to pass the indexing argument. (Triggered internally at ../aten/src/ATen/native/TensorShape.cpp:3527.)
  return _VF.meshgrid(tensors, **kwargs)  # type: ignore[attr-defined]
/ceph/hpc/data/st2207-pgp-users/ldragar/pytorch_env/lib/python3.10/site-packages/torch/functional.py:504: UserWarning: torch.meshgrid: in an upcoming release, it will be required to pass the indexing argument. (Triggered internally at ../aten/src/ATen/native/TensorShape.cpp:3527.)
  return _VF.meshgrid(tensors, **kwargs)  # type: ignore[attr-defined]
/ceph/hpc/data/st2207-pgp-users/ldragar/pytorch_env/lib/python3.10/site-packages/torch/functional.py:504: UserWarning: torch.meshgrid: in an upcoming release, it will be required to pass the indexing argument. (Triggered internally at ../aten/src/ATen/native/TensorShape.cpp:3527.)
  return _VF.meshgrid(tensors, **kwargs)  # type: ignore[attr-defined]
/ceph/hpc/data/st2207-pgp-users/ldragar/pytorch_env/lib/python3.10/site-packages/torch/functional.py:504: UserWarning: torch.meshgrid: in an upcoming release, it will be required to pass the indexing argument. (Triggered internally at ../aten/src/ATen/native/TensorShape.cpp:3527.)
  return _VF.meshgrid(tensors, **kwargs)  # type: ignore[attr-defined]
/ceph/hpc/data/st2207-pgp-users/ldragar/pytorch_env/lib/python3.10/site-packages/torch/functional.py:504: UserWarning: torch.meshgrid: in an upcoming release, it will be required to pass the indexing argument. (Triggered internally at ../aten/src/ATen/native/TensorShape.cpp:3527.)
  return _VF.meshgrid(tensors, **kwargs)  # type: ignore[attr-defined]
wandb: Currently logged in as: thelukadragar (luka_borut). Use `wandb login --relogin` to force relogin
wandb: WARNING Ignored wandb.init() arg project when running a sweep.
/ceph/hpc/data/st2207-pgp-users/ldragar/pytorch_env/lib/python3.10/site-packages/torch/functional.py:504: UserWarning: torch.meshgrid: in an upcoming release, it will be required to pass the indexing argument. (Triggered internally at ../aten/src/ATen/native/TensorShape.cpp:3527.)
  return _VF.meshgrid(tensors, **kwargs)  # type: ignore[attr-defined]
2023-10-23 22:03:19,235 - wandb.wandb_agent - INFO - Running runs: ['whjv5miu']
wandb: wandb version 0.15.12 is available!  To upgrade, please run:
wandb:  $ pip install wandb --upgrade
wandb: Tracking run with wandb version 0.15.8
wandb: Run data is saved locally in ./wandb/run-20231023_220319-whjv5miu
wandb: Run `wandb offline` to turn off syncing.
wandb: Resuming run eva02_large_patch14_448.mim_m38m_ft_in22k_in1k
wandb: ⭐️ View project at https://wandb.ai/luka_borut/borut_pretrain
wandb: 🧹 View sweep at https://wandb.ai/luka_borut/borut_pretrain/sweeps/hal7e323
wandb: 🚀 View run at https://wandb.ai/luka_borut/borut_pretrain/runs/whjv5miu
/ceph/hpc/data/st2207-pgp-users/ldragar/pytorch_env/lib/python3.10/site-packages/torch/functional.py:504: UserWarning: torch.meshgrid: in an upcoming release, it will be required to pass the indexing argument. (Triggered internally at ../aten/src/ATen/native/TensorShape.cpp:3527.)
  return _VF.meshgrid(tensors, **kwargs)  # type: ignore[attr-defined]
Initializing distributed: GLOBAL_RANK: 7, MEMBER: 8/8
Initializing distributed: GLOBAL_RANK: 2, MEMBER: 3/8
Initializing distributed: GLOBAL_RANK: 1, MEMBER: 2/8
Initializing distributed: GLOBAL_RANK: 4, MEMBER: 5/8
wandb: WARNING Config item 'model_name' was locked by 'sweep' (ignored update).
wandb: WARNING Config item 'num_epochs' was locked by 'sweep' (ignored update).
wandb: WARNING Config item 'batch_size' was locked by 'sweep' (ignored update).
Initializing distributed: GLOBAL_RANK: 3, MEMBER: 4/8
GPU available: True (cuda), used: True
TPU available: False, using: 0 TPU cores
IPU available: False, using: 0 IPUs
HPU available: False, using: 0 HPUs
Initializing distributed: GLOBAL_RANK: 0, MEMBER: 1/8
Initializing distributed: GLOBAL_RANK: 5, MEMBER: 6/8
Initializing distributed: GLOBAL_RANK: 6, MEMBER: 7/8
----------------------------------------------------------------------------------------------------
distributed_backend=nccl
All distributed processes registered. Starting with 8 processes
----------------------------------------------------------------------------------------------------

You are using a CUDA device ('NVIDIA A100-SXM4-40GB') that has Tensor Cores. To properly utilize them, you should set `torch.set_float32_matmul_precision('medium' | 'high')` which will trade-off precision for performance. For more details, read https://pytorch.org/docs/stable/generated/torch.set_float32_matmul_precision.html#torch.set_float32_matmul_precision
LOCAL_RANK: 0 - CUDA_VISIBLE_DEVICES: [0,1,2,3]
LOCAL_RANK: 3 - CUDA_VISIBLE_DEVICES: [0,1,2,3]
LOCAL_RANK: 1 - CUDA_VISIBLE_DEVICES: [0,1,2,3]
LOCAL_RANK: 2 - CUDA_VISIBLE_DEVICES: [0,1,2,3]
LOCAL_RANK: 0 - CUDA_VISIBLE_DEVICES: [0,1,2,3]
LOCAL_RANK: 3 - CUDA_VISIBLE_DEVICES: [0,1,2,3]
LOCAL_RANK: 1 - CUDA_VISIBLE_DEVICES: [0,1,2,3]
LOCAL_RANK: 2 - CUDA_VISIBLE_DEVICES: [0,1,2,3]

  | Name      | Type             | Params
-----------------------------------------------
0 | model     | Eva              | 304 M 
1 | criterion | CrossEntropyLoss | 0     
-----------------------------------------------
304 M     Trainable params
0         Non-trainable params
304 M     Total params
1,216.229 Total estimated model params size (MB)
SLURM auto-requeueing enabled. Setting signal handlers.
SLURM auto-requeueing enabled. Setting signal handlers.
SLURM auto-requeueing enabled. Setting signal handlers.
SLURM auto-requeueing enabled. Setting signal handlers.
SLURM auto-requeueing enabled. Setting signal handlers.
SLURM auto-requeueing enabled. Setting signal handlers.
SLURM auto-requeueing enabled. Setting signal handlers.
SLURM auto-requeueing enabled. Setting signal handlers.
/ceph/hpc/data/st2207-pgp-users/ldragar/pytorch_env/lib/python3.10/site-packages/wandb/wandb_torch.py:193: UserWarning: The torch.cuda.*DtypeTensor constructors are no longer recommended. It's best to use methods such as torch.tensor(data, dtype=*, device='cuda') to create tensors. (Triggered internally at ../torch/csrc/tensor/python_tensor.cpp:83.)
  check = torch.cuda.FloatTensor(1).fill_(0)
srun: Job step aborted: Waiting up to 32 seconds for job step to finish.
slurmstepd: error: *** STEP 6088410.0 ON gn40 CANCELLED AT 2023-10-25T22:03:14 DUE TO TIME LIMIT ***
slurmstepd: error: *** JOB 6088410 ON gn40 CANCELLED AT 2023-10-25T22:03:14 DUE TO TIME LIMIT ***
