wandb: Starting wandb agent 🕵️
2023-10-20 20:15:59,076 - wandb.wandb_agent - INFO - Running runs: []
2023-10-20 20:15:59,446 - wandb.wandb_agent - INFO - Agent received command: run
2023-10-20 20:15:59,446 - wandb.wandb_agent - INFO - Agent starting run with config:
	batch_size: 8
	model_name: swin_large_patch4_window12_384.ms_in22k_ft_in1k
	num_epochs: 20
2023-10-20 20:15:59,448 - wandb.wandb_agent - INFO - About to run command: /usr/bin/env srun --nodes=2 --cpus-per-task=12 --gpus-per-node=4 "-p gpu" --ntasks-per-node=4 --exclusive python3 pretrain_timm.py --batch_size=8 --model_name=swin_large_patch4_window12_384.ms_in22k_ft_in1k --num_epochs=20 --devices 0 1 2 3 --num_nodes 2
srun: error: WARNING: Multiple leaf switches contain nodes: gn[01-60]
2023-10-20 20:16:04,458 - wandb.wandb_agent - INFO - Running runs: ['wn5kh581']
wandb: Currently logged in as: thelukadragar (luka_borut). Use `wandb login --relogin` to force relogin
wandb: WARNING Ignored wandb.init() arg project when running a sweep.
/ceph/hpc/data/st2207-pgp-users/ldragar/pytorch_env/lib/python3.10/site-packages/torch/functional.py:504: UserWarning: torch.meshgrid: in an upcoming release, it will be required to pass the indexing argument. (Triggered internally at ../aten/src/ATen/native/TensorShape.cpp:3527.)
  return _VF.meshgrid(tensors, **kwargs)  # type: ignore[attr-defined]
/ceph/hpc/data/st2207-pgp-users/ldragar/pytorch_env/lib/python3.10/site-packages/torch/functional.py:504: UserWarning: torch.meshgrid: in an upcoming release, it will be required to pass the indexing argument. (Triggered internally at ../aten/src/ATen/native/TensorShape.cpp:3527.)
  return _VF.meshgrid(tensors, **kwargs)  # type: ignore[attr-defined]
/ceph/hpc/data/st2207-pgp-users/ldragar/pytorch_env/lib/python3.10/site-packages/torch/functional.py:504: UserWarning: torch.meshgrid: in an upcoming release, it will be required to pass the indexing argument. (Triggered internally at ../aten/src/ATen/native/TensorShape.cpp:3527.)
  return _VF.meshgrid(tensors, **kwargs)  # type: ignore[attr-defined]
/ceph/hpc/data/st2207-pgp-users/ldragar/pytorch_env/lib/python3.10/site-packages/torch/functional.py:504: UserWarning: torch.meshgrid: in an upcoming release, it will be required to pass the indexing argument. (Triggered internally at ../aten/src/ATen/native/TensorShape.cpp:3527.)
  return _VF.meshgrid(tensors, **kwargs)  # type: ignore[attr-defined]
/ceph/hpc/data/st2207-pgp-users/ldragar/pytorch_env/lib/python3.10/site-packages/torch/functional.py:504: UserWarning: torch.meshgrid: in an upcoming release, it will be required to pass the indexing argument. (Triggered internally at ../aten/src/ATen/native/TensorShape.cpp:3527.)
  return _VF.meshgrid(tensors, **kwargs)  # type: ignore[attr-defined]
/ceph/hpc/data/st2207-pgp-users/ldragar/pytorch_env/lib/python3.10/site-packages/torch/functional.py:504: UserWarning: torch.meshgrid: in an upcoming release, it will be required to pass the indexing argument. (Triggered internally at ../aten/src/ATen/native/TensorShape.cpp:3527.)
  return _VF.meshgrid(tensors, **kwargs)  # type: ignore[attr-defined]
/ceph/hpc/data/st2207-pgp-users/ldragar/pytorch_env/lib/python3.10/site-packages/torch/functional.py:504: UserWarning: torch.meshgrid: in an upcoming release, it will be required to pass the indexing argument. (Triggered internally at ../aten/src/ATen/native/TensorShape.cpp:3527.)
  return _VF.meshgrid(tensors, **kwargs)  # type: ignore[attr-defined]
wandb: - Waiting for wandb.init()...wandb: \ Waiting for wandb.init()...wandb: wandb version 0.15.12 is available!  To upgrade, please run:
wandb:  $ pip install wandb --upgrade
wandb: Tracking run with wandb version 0.15.8
wandb: Run data is saved locally in ./wandb/run-20231020_201824-wn5kh581
wandb: Run `wandb offline` to turn off syncing.
wandb: Resuming run swin_large_patch4_window12_384.ms_in22k_ft_in1k
wandb: ⭐️ View project at https://wandb.ai/luka_borut/borut_pretrain
wandb: 🧹 View sweep at https://wandb.ai/luka_borut/borut_pretrain/sweeps/5mskh2v4
wandb: 🚀 View run at https://wandb.ai/luka_borut/borut_pretrain/runs/wn5kh581
/ceph/hpc/data/st2207-pgp-users/ldragar/pytorch_env/lib/python3.10/site-packages/torch/functional.py:504: UserWarning: torch.meshgrid: in an upcoming release, it will be required to pass the indexing argument. (Triggered internally at ../aten/src/ATen/native/TensorShape.cpp:3527.)
  return _VF.meshgrid(tensors, **kwargs)  # type: ignore[attr-defined]
Initializing distributed: GLOBAL_RANK: 2, MEMBER: 3/8
Initializing distributed: GLOBAL_RANK: 1, MEMBER: 2/8
Initializing distributed: GLOBAL_RANK: 3, MEMBER: 4/8
Initializing distributed: GLOBAL_RANK: 5, MEMBER: 6/8
wandb: WARNING Config item 'model_name' was locked by 'sweep' (ignored update).
wandb: WARNING Config item 'num_epochs' was locked by 'sweep' (ignored update).
wandb: WARNING Config item 'batch_size' was locked by 'sweep' (ignored update).
Initializing distributed: GLOBAL_RANK: 6, MEMBER: 7/8
Initializing distributed: GLOBAL_RANK: 7, MEMBER: 8/8
Initializing distributed: GLOBAL_RANK: 4, MEMBER: 5/8
GPU available: True (cuda), used: True
TPU available: False, using: 0 TPU cores
IPU available: False, using: 0 IPUs
HPU available: False, using: 0 HPUs
Initializing distributed: GLOBAL_RANK: 0, MEMBER: 1/8
----------------------------------------------------------------------------------------------------
distributed_backend=nccl
All distributed processes registered. Starting with 8 processes
----------------------------------------------------------------------------------------------------

You are using a CUDA device ('NVIDIA A100-SXM4-40GB') that has Tensor Cores. To properly utilize them, you should set `torch.set_float32_matmul_precision('medium' | 'high')` which will trade-off precision for performance. For more details, read https://pytorch.org/docs/stable/generated/torch.set_float32_matmul_precision.html#torch.set_float32_matmul_precision
/ceph/hpc/data/st2207-pgp-users/ldragar/pytorch_env/lib/python3.10/site-packages/pytorch_lightning/callbacks/model_checkpoint.py:617: UserWarning: Checkpoint directory /ceph/hpc/data/st2207-pgp-users/models_luka/swin_large_patch4_window12_384.ms_in22k_ft_in1k exists and is not empty.
  rank_zero_warn(f"Checkpoint directory {dirpath} exists and is not empty.")
LOCAL_RANK: 2 - CUDA_VISIBLE_DEVICES: [0,1,2,3]
LOCAL_RANK: 2 - CUDA_VISIBLE_DEVICES: [0,1,2,3]
LOCAL_RANK: 0 - CUDA_VISIBLE_DEVICES: [0,1,2,3]
LOCAL_RANK: 3 - CUDA_VISIBLE_DEVICES: [0,1,2,3]
LOCAL_RANK: 1 - CUDA_VISIBLE_DEVICES: [0,1,2,3]
LOCAL_RANK: 0 - CUDA_VISIBLE_DEVICES: [0,1,2,3]
LOCAL_RANK: 3 - CUDA_VISIBLE_DEVICES: [0,1,2,3]
LOCAL_RANK: 1 - CUDA_VISIBLE_DEVICES: [0,1,2,3]

  | Name      | Type             | Params
-----------------------------------------------
0 | model     | SwinTransformer  | 195 M 
1 | criterion | CrossEntropyLoss | 0     
-----------------------------------------------
195 M     Trainable params
0         Non-trainable params
195 M     Total params
780.806   Total estimated model params size (MB)
SLURM auto-requeueing enabled. Setting signal handlers.
SLURM auto-requeueing enabled. Setting signal handlers.
SLURM auto-requeueing enabled. Setting signal handlers.
SLURM auto-requeueing enabled. Setting signal handlers.
SLURM auto-requeueing enabled. Setting signal handlers.
SLURM auto-requeueing enabled. Setting signal handlers.
SLURM auto-requeueing enabled. Setting signal handlers.
SLURM auto-requeueing enabled. Setting signal handlers.
/ceph/hpc/data/st2207-pgp-users/ldragar/pytorch_env/lib/python3.10/site-packages/wandb/wandb_torch.py:193: UserWarning: The torch.cuda.*DtypeTensor constructors are no longer recommended. It's best to use methods such as torch.tensor(data, dtype=*, device='cuda') to create tensors. (Triggered internally at ../torch/csrc/tensor/python_tensor.cpp:83.)
  check = torch.cuda.FloatTensor(1).fill_(0)
`Trainer.fit` stopped: `max_epochs=20` reached.
Traceback (most recent call last):
  File "/ceph/hpc/data/st2207-pgp-users/ldragar/BeyondDetection/borut_pretrain/pretrain_timm.py", line 438, in <module>
    main()
  File "/ceph/hpc/data/st2207-pgp-users/ldragar/BeyondDetection/borut_pretrain/pretrain_timm.py", line 376, in main
    save_network(model, '%s/%s/%s.pth' % (args.save_path,wandb_run_id,args.model_name))
  File "/ceph/hpc/data/st2207-pgp-users/ldragar/BeyondDetection/borut_pretrain/pretrain_timm.py", line 44, in save_network
    torch.save(network.cpu().state_dict(), save_filename)
  File "/ceph/hpc/data/st2207-pgp-users/ldragar/pytorch_env/lib/python3.10/site-packages/torch/serialization.py", line 620, in save
    with _open_zipfile_writer(f) as opened_zipfile:
  File "/ceph/hpc/data/st2207-pgp-users/ldragar/pytorch_env/lib/python3.10/site-packages/torch/serialization.py", line 494, in _open_zipfile_writer
    return container(name_or_buffer)
  File "/ceph/hpc/data/st2207-pgp-users/ldragar/pytorch_env/lib/python3.10/site-packages/torch/serialization.py", line 465, in __init__
    super().__init__(torch._C.PyTorchFileWriter(self.name))
RuntimeError: Parent directory /ceph/hpc/data/st2207-pgp-users/models_luka/wn5kh581 does not exist.
srun: error: gn06: task 0: Exited with exit code 1
2023-10-21 04:49:04,954 - wandb.wandb_agent - INFO - Cleaning up finished run: wn5kh581
wandb: Waiting for W&B process to finish... (failed 1). Press Control-C to abort syncing.
wandb: 
wandb: Run history:
wandb:               epoch ▁▁▁▁▂▂▂▂▂▂▃▃▃▃▄▄▄▄▄▄▅▅▅▅▅▅▆▆▆▆▇▇▇▇▇▇████
wandb:    train_loss_epoch █▅▄▃▃▃▂▂▂▂▂▂▂▁▁▁▁▁▁▁
wandb:     train_loss_step ▇▆▆█▄▆▅▅█▆▃▂▅▄▂▄▃▃▃▂▃▃▄▂▇▁▃▄▁▄▁▁▅▁▂▂▁▁▁▁
wandb: trainer/global_step ▁▁▁▂▂▂▂▂▂▃▃▃▃▃▃▄▄▄▄▄▅▅▅▅▅▅▆▆▆▆▆▇▇▇▇▇▇███
wandb: 
wandb: Run summary:
wandb:               epoch 19
wandb:    train_loss_epoch 0.02344
wandb:     train_loss_step 0.01056
wandb: trainer/global_step 67039
wandb: 
wandb: 🚀 View run swin_large_patch4_window12_384.ms_in22k_ft_in1k at: https://wandb.ai/luka_borut/borut_pretrain/runs/wn5kh581
wandb: Synced 3 W&B file(s), 0 media file(s), 0 artifact file(s) and 0 other file(s)
wandb: Find logs at: ./wandb/run-20231020_201824-wn5kh581/logs
2023-10-21 04:49:13,725 - wandb.wandb_agent - INFO - Agent received command: exit
2023-10-21 04:49:13,725 - wandb.wandb_agent - INFO - Received exit command. Killing runs and quitting.
wandb: Terminating and syncing runs. Press ctrl-c to kill.
