start
imports done
[2023-10-20 12:06:17 swin_large_patch4_window12_384.ms_in22k_ft_in1k](pretrain_timm.py 187): INFO Start Training swin_large_patch4_window12_384.ms_in22k_ft_in1k
start
imports done
[2023-10-20 12:06:17 swin_large_patch4_window12_384.ms_in22k_ft_in1k](pretrain_timm.py 187): INFO Start Training swin_large_patch4_window12_384.ms_in22k_ft_in1k
start
imports done
[2023-10-20 12:06:17 swin_large_patch4_window12_384.ms_in22k_ft_in1k](pretrain_timm.py 187): INFO Start Training swin_large_patch4_window12_384.ms_in22k_ft_in1k
[2023-10-20 12:06:17 swin_large_patch4_window12_384.ms_in22k_ft_in1k](pretrain_timm.py 189): INFO [2023-10-20 12:06:17]
[2023-10-20 12:06:17 swin_large_patch4_window12_384.ms_in22k_ft_in1k](pretrain_timm.py 189): INFO [2023-10-20 12:06:17]
[2023-10-20 12:06:17 swin_large_patch4_window12_384.ms_in22k_ft_in1k](pretrain_timm.py 189): INFO [2023-10-20 12:06:17]
start
imports done
[2023-10-20 12:06:19 swin_large_patch4_window12_384.ms_in22k_ft_in1k](pretrain_timm.py 187): INFO Start Training swin_large_patch4_window12_384.ms_in22k_ft_in1k
[2023-10-20 12:06:19 swin_large_patch4_window12_384.ms_in22k_ft_in1k](pretrain_timm.py 189): INFO [2023-10-20 12:06:19]
start
imports done
[2023-10-20 12:07:56 swin_large_patch4_window12_384.ms_in22k_ft_in1k](pretrain_timm.py 187): INFO Start Training swin_large_patch4_window12_384.ms_in22k_ft_in1k
start
imports done
[2023-10-20 12:07:56 swin_large_patch4_window12_384.ms_in22k_ft_in1k](pretrain_timm.py 187): INFO Start Training swin_large_patch4_window12_384.ms_in22k_ft_in1k
start
imports done
[2023-10-20 12:07:56 swin_large_patch4_window12_384.ms_in22k_ft_in1k](pretrain_timm.py 187): INFO Start Training swin_large_patch4_window12_384.ms_in22k_ft_in1k
start
imports done
[2023-10-20 12:07:56 swin_large_patch4_window12_384.ms_in22k_ft_in1k](pretrain_timm.py 187): INFO Start Training swin_large_patch4_window12_384.ms_in22k_ft_in1k
[2023-10-20 12:07:56 swin_large_patch4_window12_384.ms_in22k_ft_in1k](pretrain_timm.py 189): INFO [2023-10-20 12:07:56]
[2023-10-20 12:07:56 swin_large_patch4_window12_384.ms_in22k_ft_in1k](pretrain_timm.py 189): INFO [2023-10-20 12:07:56]
[2023-10-20 12:07:56 swin_large_patch4_window12_384.ms_in22k_ft_in1k](pretrain_timm.py 189): INFO [2023-10-20 12:07:56]
[2023-10-20 12:07:56 swin_large_patch4_window12_384.ms_in22k_ft_in1k](pretrain_timm.py 189): INFO [2023-10-20 12:07:56]
gn26:3126578:3126578 [0] NCCL INFO Bootstrap : Using ib0:10.210.4.10<0>
gn26:3126578:3126578 [0] NCCL INFO NET/Plugin : Plugin load (libnccl-net.so) returned 2 : libnccl-net.so: cannot open shared object file: No such file or directory
gn26:3126578:3126578 [0] NCCL INFO NET/Plugin : No plugin found, using internal implementation
gn26:3126578:3126578 [0] NCCL INFO cudaDriverVersion 12020
NCCL version 2.17.1+cuda12.1
loading train_labels from cache
[2023-10-20 12:07:56], All Train videos: all:100, fake:91, ratio(FAKE/ALL):0.91
[2023-10-20 12:07:56] All Train videos Number: 100
batch_size = 8
no wandb run id this is a copy of model with DDP
init trainer
Adjusting learning rate of group 0 to 5.0000e-05.
loading train_labels from cache
[2023-10-20 12:07:56], All Train videos: all:100, fake:91, ratio(FAKE/ALL):0.91
[2023-10-20 12:07:56] All Train videos Number: 100
batch_size = 8
no wandb run id this is a copy of model with DDP
init trainer
Adjusting learning rate of group 0 to 5.0000e-05.
loading train_labels from cache
[2023-10-20 12:07:56], All Train videos: all:100, fake:91, ratio(FAKE/ALL):0.91
[2023-10-20 12:07:56] All Train videos Number: 100
batch_size = 8
no wandb run id this is a copy of model with DDP
init trainer
Adjusting learning rate of group 0 to 5.0000e-05.
loading train_labels from cache
[2023-10-20 12:07:56], All Train videos: all:100, fake:91, ratio(FAKE/ALL):0.91
[2023-10-20 12:07:56] All Train videos Number: 100
batch_size = 8
no wandb run id this is a copy of model with DDP
init trainer
Adjusting learning rate of group 0 to 5.0000e-05.
loading train_labels from cache
[2023-10-20 12:06:18], All Train videos: all:100, fake:91, ratio(FAKE/ALL):0.91
[2023-10-20 12:06:18] All Train videos Number: 100
batch_size = 8
no wandb run id this is a copy of model with DDP
init trainer
Adjusting learning rate of group 0 to 5.0000e-05.
loading train_labels from cache
[2023-10-20 12:06:18], All Train videos: all:100, fake:91, ratio(FAKE/ALL):0.91
[2023-10-20 12:06:18] All Train videos Number: 100
batch_size = 8
no wandb run id this is a copy of model with DDP
init trainer
Adjusting learning rate of group 0 to 5.0000e-05.
loading train_labels from cache
[2023-10-20 12:06:18], All Train videos: all:100, fake:91, ratio(FAKE/ALL):0.91
[2023-10-20 12:06:18] All Train videos Number: 100
batch_size = 8
no wandb run id this is a copy of model with DDP
init trainer
Adjusting learning rate of group 0 to 5.0000e-05.
loading train_labels from cache
[2023-10-20 12:06:19], All Train videos: all:100, fake:91, ratio(FAKE/ALL):0.91
[2023-10-20 12:06:19] All Train videos Number: 100
batch_size = 8
init trainer
Adjusting learning rate of group 0 to 5.0000e-05.
gn30:524803:524803 [0] NCCL INFO cudaDriverVersion 12020
gn30:524803:524803 [0] NCCL INFO Bootstrap : Using ib0:10.210.4.14<0>
gn30:524803:524803 [0] NCCL INFO NET/Plugin : Plugin load (libnccl-net.so) returned 2 : libnccl-net.so: cannot open shared object file: No such file or directory
gn30:524803:524803 [0] NCCL INFO NET/Plugin : No plugin found, using internal implementation
gn30:524803:525067 [0] NCCL INFO NET/IB : Using [0]mlx5_0:1/IB [1]mlx5_1:1/IB [RO]; OOB ib0:10.210.4.14<0>
gn30:524803:525067 [0] NCCL INFO Using network IB
gn30:524803:525067 [0] NCCL INFO Trees [0] -1/-1/-1->4->7 [1] 5/-1/-1->4->6 [2] -1/-1/-1->4->7 [3] 5/-1/-1->4->6
gn30:524803:525067 [0] NCCL INFO P2P Chunksize set to 131072
gn30:524803:525067 [0] NCCL INFO Channel 00/0 : 4[3000] -> 7[c4000] via P2P/IPC/read
gn30:524803:525067 [0] NCCL INFO Channel 01/0 : 4[3000] -> 7[c4000] via P2P/IPC/read
gn30:524803:525067 [0] NCCL INFO Channel 02/0 : 4[3000] -> 7[c4000] via P2P/IPC/read
gn30:524803:525067 [0] NCCL INFO Channel 03/0 : 4[3000] -> 7[c4000] via P2P/IPC/read
gn30:524803:525067 [0] NCCL INFO Connected all rings
gn30:524803:525067 [0] NCCL INFO Channel 01/0 : 4[3000] -> 5[44000] via P2P/IPC/read
gn30:524803:525067 [0] NCCL INFO Channel 03/0 : 4[3000] -> 5[44000] via P2P/IPC/read
gn30:524803:525067 [0] NCCL INFO Channel 01/0 : 4[3000] -> 6[84000] via P2P/IPC/read
gn30:524803:525067 [0] NCCL INFO Channel 03/0 : 4[3000] -> 6[84000] via P2P/IPC/read
gn30:524803:525067 [0] NCCL INFO Connected all trees
gn30:524803:525067 [0] NCCL INFO threadThresholds 8/8/64 | 64/8/64 | 512 | 512
gn30:524803:525067 [0] NCCL INFO 4 coll channels, 0 nvls channels, 4 p2p channels, 2 p2p channels per peer
gn30:524803:525067 [0] NCCL INFO comm 0xdf46010 rank 4 nranks 8 cudaDev 0 busId 3000 commId 0x91d09ae73cb9f26b - Init COMPLETE
gn30:524804:524804 [1] NCCL INFO cudaDriverVersion 12020
gn30:524804:524804 [1] NCCL INFO Bootstrap : Using ib0:10.210.4.14<0>
gn30:524804:524804 [1] NCCL INFO NET/Plugin : Plugin load (libnccl-net.so) returned 2 : libnccl-net.so: cannot open shared object file: No such file or directory
gn30:524804:524804 [1] NCCL INFO NET/Plugin : No plugin found, using internal implementation
gn30:524804:525064 [1] NCCL INFO NET/IB : Using [0]mlx5_0:1/IB [1]mlx5_1:1/IB [RO]; OOB ib0:10.210.4.14<0>
gn30:524804:525064 [1] NCCL INFO Using network IB
gn30:524804:525064 [1] NCCL INFO Trees [0] 6/-1/-1->5->1 [1] 7/-1/-1->5->4 [2] 6/1/-1->5->-1 [3] 7/-1/-1->5->4
gn30:524804:525064 [1] NCCL INFO P2P Chunksize set to 131072
gn30:524804:525064 [1] NCCL INFO Channel 00/0 : 2[84000] -> 5[44000] [receive] via NET/IB/0/GDRDMA
gn30:524804:525064 [1] NCCL INFO Channel 02/0 : 2[84000] -> 5[44000] [receive] via NET/IB/0/GDRDMA
gn30:524804:525064 [1] NCCL INFO Channel 00/0 : 5[44000] -> 4[3000] via P2P/IPC/read
gn30:524804:525064 [1] NCCL INFO Channel 01/0 : 5[44000] -> 4[3000] via P2P/IPC/read
gn30:524804:525064 [1] NCCL INFO Channel 02/0 : 5[44000] -> 4[3000] via P2P/IPC/read
gn30:524804:525064 [1] NCCL INFO Channel 03/0 : 5[44000] -> 4[3000] via P2P/IPC/read
gn30:524804:525064 [1] NCCL INFO Connected all rings
gn30:524804:525064 [1] NCCL INFO Channel 00/0 : 5[44000] -> 6[84000] via P2P/IPC/read
gn30:524804:525064 [1] NCCL INFO Channel 02/0 : 5[44000] -> 6[84000] via P2P/IPC/read
gn30:524804:525064 [1] NCCL INFO Channel 01/0 : 5[44000] -> 7[c4000] via P2P/IPC/read
gn30:524804:525064 [1] NCCL INFO Channel 03/0 : 5[44000] -> 7[c4000] via P2P/IPC/read
gn30:524804:525064 [1] NCCL INFO Channel 00/0 : 1[44000] -> 5[44000] [receive] via NET/IB/0/GDRDMA
gn30:524804:525064 [1] NCCL INFO Channel 02/0 : 1[44000] -> 5[44000] [receive] via NET/IB/0/GDRDMA
gn30:524804:525064 [1] NCCL INFO Channel 00/0 : 5[44000] -> 1[44000] [send] via NET/IB/0/GDRDMA
gn30:524804:525064 [1] NCCL INFO Channel 02/0 : 5[44000] -> 1[44000] [send] via NET/IB/0/GDRDMA
gn30:524804:525064 [1] NCCL INFO Connected all trees
gn30:524804:525064 [1] NCCL INFO threadThresholds 8/8/64 | 64/8/64 | 512 | 512
gn30:524804:525064 [1] NCCL INFO 4 coll channels, 0 nvls channels, 4 p2p channels, 2 p2p channels per peer
gn30:524804:525064 [1] NCCL INFO comm 0xe5da030 rank 5 nranks 8 cudaDev 1 busId 44000 commId 0x91d09ae73cb9f26b - Init COMPLETE
gn30:524805:524805 [2] NCCL INFO cudaDriverVersion 12020
gn30:524805:524805 [2] NCCL INFO Bootstrap : Using ib0:10.210.4.14<0>
gn30:524805:524805 [2] NCCL INFO NET/Plugin : Plugin load (libnccl-net.so) returned 2 : libnccl-net.so: cannot open shared object file: No such file or directory
gn30:524805:524805 [2] NCCL INFO NET/Plugin : No plugin found, using internal implementation
gn30:524805:525065 [2] NCCL INFO NET/IB : Using [0]mlx5_0:1/IB [1]mlx5_1:1/IB [RO]; OOB ib0:10.210.4.14<0>
gn30:524805:525065 [2] NCCL INFO Using network IB
gn30:524805:525065 [2] NCCL INFO Trees [0] 7/-1/-1->6->5 [1] 4/-1/-1->6->2 [2] 7/-1/-1->6->5 [3] 4/2/-1->6->-1
gn30:524805:525065 [2] NCCL INFO P2P Chunksize set to 131072
gn30:524805:525065 [2] NCCL INFO Channel 01/0 : 3[c4000] -> 6[84000] [receive] via NET/IB/1/GDRDMA
gn30:524805:525065 [2] NCCL INFO Channel 03/0 : 3[c4000] -> 6[84000] [receive] via NET/IB/1/GDRDMA
gn30:524805:525065 [2] NCCL INFO Channel 00/0 : 6[84000] -> 1[44000] [send] via NET/IB/0(5)/GDRDMA
gn30:524805:525065 [2] NCCL INFO Channel 02/0 : 6[84000] -> 1[44000] [send] via NET/IB/0(5)/GDRDMA
gn30:524805:525065 [2] NCCL INFO Channel 01/0 : 6[84000] -> 5[44000] via P2P/IPC/read
gn30:524805:525065 [2] NCCL INFO Channel 03/0 : 6[84000] -> 5[44000] via P2P/IPC/read
gn30:524805:525065 [2] NCCL INFO Connected all rings
gn30:524805:525065 [2] NCCL INFO Channel 00/0 : 6[84000] -> 7[c4000] via P2P/IPC/read
gn30:524805:525065 [2] NCCL INFO Channel 02/0 : 6[84000] -> 7[c4000] via P2P/IPC/read
gn30:524805:525065 [2] NCCL INFO Channel 01/0 : 2[84000] -> 6[84000] [receive] via NET/IB/1/GDRDMA
gn30:524805:525065 [2] NCCL INFO Channel 03/0 : 2[84000] -> 6[84000] [receive] via NET/IB/1/GDRDMA
gn30:524805:525065 [2] NCCL INFO Channel 01/0 : 6[84000] -> 2[84000] [send] via NET/IB/1/GDRDMA
gn30:524805:525065 [2] NCCL INFO Channel 03/0 : 6[84000] -> 2[84000] [send] via NET/IB/1/GDRDMA
gn30:524805:525065 [2] NCCL INFO Channel 01/0 : 6[84000] -> 4[3000] via P2P/IPC/read
gn30:524805:525065 [2] NCCL INFO Channel 03/0 : 6[84000] -> 4[3000] via P2P/IPC/read
gn30:524805:525065 [2] NCCL INFO Channel 00/0 : 6[84000] -> 5[44000] via P2P/IPC/read
gn30:524805:525065 [2] NCCL INFO Channel 02/0 : 6[84000] -> 5[44000] via P2P/IPC/read
gn30:524805:525065 [2] NCCL INFO Connected all trees
gn30:524805:525065 [2] NCCL INFO threadThresholds 8/8/64 | 64/8/64 | 512 | 512
gn30:524805:525065 [2] NCCL INFO 4 coll channels, 0 nvls channels, 4 p2p channels, 2 p2p channels per peer
gn30:524805:525065 [2] NCCL INFO comm 0xf1f0a00 rank 6 nranks 8 cudaDev 2 busId 84000 commId 0x91d09ae73cb9f26b - Init COMPLETE
gn30:524806:524806 [3] NCCL INFO cudaDriverVersion 12020
gn30:524806:524806 [3] NCCL INFO Bootstrap : Using ib0:10.210.4.14<0>
gn30:524806:524806 [3] NCCL INFO NET/Plugin : Plugin load (libnccl-net.so) returned 2 : libnccl-net.so: cannot open shared object file: No such file or directory
gn30:524806:524806 [3] NCCL INFO NET/Plugin : No plugin found, using internal implementation
gn30:524806:525068 [3] NCCL INFO NET/IB : Using [0]mlx5_0:1/IB [1]mlx5_1:1/IB [RO]; OOB ib0:10.210.4.14<0>
gn30:524806:525068 [3] NCCL INFO Using network IB
gn30:524806:525068 [3] NCCL INFO Trees [0] 4/-1/-1->7->6 [1] -1/-1/-1->7->5 [2] 4/-1/-1->7->6 [3] -1/-1/-1->7->5
gn30:524806:525068 [3] NCCL INFO P2P Chunksize set to 131072
gn30:524806:525068 [3] NCCL INFO Channel 01/0 : 7[c4000] -> 2[84000] [send] via NET/IB/1(6)/GDRDMA
gn30:524806:525068 [3] NCCL INFO Channel 03/0 : 7[c4000] -> 2[84000] [send] via NET/IB/1(6)/GDRDMA
gn30:524806:525068 [3] NCCL INFO Channel 00/0 : 7[c4000] -> 6[84000] via P2P/IPC/read
gn30:524806:525068 [3] NCCL INFO Channel 02/0 : 7[c4000] -> 6[84000] via P2P/IPC/read
gn30:524806:525068 [3] NCCL INFO Connected all rings
gn30:524806:525068 [3] NCCL INFO Channel 00/0 : 7[c4000] -> 4[3000] via P2P/IPC/read
gn30:524806:525068 [3] NCCL INFO Channel 02/0 : 7[c4000] -> 4[3000] via P2P/IPC/read
gn30:524806:525068 [3] NCCL INFO Channel 01/0 : 7[c4000] -> 5[44000] via P2P/IPC/read
gn30:524806:525068 [3] NCCL INFO Channel 03/0 : 7[c4000] -> 5[44000] via P2P/IPC/read
gn30:524806:525068 [3] NCCL INFO Connected all trees
gn30:524806:525068 [3] NCCL INFO threadThresholds 8/8/64 | 64/8/64 | 512 | 512
gn30:524806:525068 [3] NCCL INFO 4 coll channels, 0 nvls channels, 4 p2p channels, 2 p2p channels per peer
gn30:524806:525068 [3] NCCL INFO comm 0xdec6360 rank 7 nranks 8 cudaDev 3 busId c4000 commId 0x91d09ae73cb9f26b - Init COMPLETE
gn30:524804:525078 [1] NCCL INFO [Service thread] Connection closed by localRank 0
gn30:524804:525078 [1] NCCL INFO [Service thread] Connection closed by localRank 1
gn30:524804:525078 [1] NCCL INFO [Service thread] Connection closed by localRank 2
gn30:524804:525078 [1] NCCL INFO [Service thread] Connection closed by localRank 3
gn30:524804:524804 [1] NCCL INFO comm 0xe5da030 rank 5 nranks 8 cudaDev 1 busId 44000 - Abort COMPLETE
gn30:524805:525080 [2] NCCL INFO [Service thread] Connection closed by localRank 0
gn30:524805:525080 [2] NCCL INFO [Service thread] Connection closed by localRank 1
gn30:524805:525080 [2] NCCL INFO [Service thread] Connection closed by localRank 2
gn30:524805:525080 [2] NCCL INFO [Service thread] Connection closed by localRank 3
gn30:524805:524805 [2] NCCL INFO comm 0xf1f0a00 rank 6 nranks 8 cudaDev 2 busId 84000 - Abort COMPLETE
gn30:524803:525077 [0] NCCL INFO [Service thread] Connection closed by localRank 0
gn30:524803:524803 [0] NCCL INFO comm 0xdf46010 rank 4 nranks 8 cudaDev 0 busId 3000 - Abort COMPLETE
gn30:524806:525079 [3] NCCL INFO [Service thread] Connection closed by localRank 3
gn30:524806:524806 [3] NCCL INFO comm 0xdec6360 rank 7 nranks 8 cudaDev 3 busId c4000 - Abort COMPLETE
