wandb: Starting wandb agent 🕵️
2023-10-20 12:12:03,049 - wandb.wandb_agent - INFO - Running runs: []
2023-10-20 12:12:03,461 - wandb.wandb_agent - INFO - Agent received command: run
2023-10-20 12:12:03,461 - wandb.wandb_agent - INFO - Agent starting run with config:
	batch_size: 24
	model_name: swin_large_patch4_window12_384.ms_in22k_ft_in1k
	num_epochs: 5
2023-10-20 12:12:03,464 - wandb.wandb_agent - INFO - About to run command: /usr/bin/env srun --nodes=2 --cpus-per-task=12 --gpus-per-node=4 "-p gpu" --ntasks-per-node=4 --exclusive python3 pretrain_timm.py --batch_size=24 --model_name=swin_large_patch4_window12_384.ms_in22k_ft_in1k --num_epochs=5 --devices 0 1 2 3 --num_nodes 2
srun: error: WARNING: Multiple leaf switches contain nodes: gn[01-60]
2023-10-20 12:12:08,474 - wandb.wandb_agent - INFO - Running runs: ['7zu6dr39']
wandb: Currently logged in as: thelukadragar (luka_borut). Use `wandb login --relogin` to force relogin
wandb: WARNING Ignored wandb.init() arg project when running a sweep.
/ceph/hpc/data/st2207-pgp-users/ldragar/pytorch_env/lib/python3.10/site-packages/torch/functional.py:504: UserWarning: torch.meshgrid: in an upcoming release, it will be required to pass the indexing argument. (Triggered internally at ../aten/src/ATen/native/TensorShape.cpp:3527.)
  return _VF.meshgrid(tensors, **kwargs)  # type: ignore[attr-defined]
/ceph/hpc/data/st2207-pgp-users/ldragar/pytorch_env/lib/python3.10/site-packages/torch/functional.py:504: UserWarning: torch.meshgrid: in an upcoming release, it will be required to pass the indexing argument. (Triggered internally at ../aten/src/ATen/native/TensorShape.cpp:3527.)
  return _VF.meshgrid(tensors, **kwargs)  # type: ignore[attr-defined]
/ceph/hpc/data/st2207-pgp-users/ldragar/pytorch_env/lib/python3.10/site-packages/torch/functional.py:504: UserWarning: torch.meshgrid: in an upcoming release, it will be required to pass the indexing argument. (Triggered internally at ../aten/src/ATen/native/TensorShape.cpp:3527.)
  return _VF.meshgrid(tensors, **kwargs)  # type: ignore[attr-defined]
/ceph/hpc/data/st2207-pgp-users/ldragar/pytorch_env/lib/python3.10/site-packages/torch/functional.py:504: UserWarning: torch.meshgrid: in an upcoming release, it will be required to pass the indexing argument. (Triggered internally at ../aten/src/ATen/native/TensorShape.cpp:3527.)
  return _VF.meshgrid(tensors, **kwargs)  # type: ignore[attr-defined]
/ceph/hpc/data/st2207-pgp-users/ldragar/pytorch_env/lib/python3.10/site-packages/torch/functional.py:504: UserWarning: torch.meshgrid: in an upcoming release, it will be required to pass the indexing argument. (Triggered internally at ../aten/src/ATen/native/TensorShape.cpp:3527.)
  return _VF.meshgrid(tensors, **kwargs)  # type: ignore[attr-defined]
/ceph/hpc/data/st2207-pgp-users/ldragar/pytorch_env/lib/python3.10/site-packages/torch/functional.py:504: UserWarning: torch.meshgrid: in an upcoming release, it will be required to pass the indexing argument. (Triggered internally at ../aten/src/ATen/native/TensorShape.cpp:3527.)
  return _VF.meshgrid(tensors, **kwargs)  # type: ignore[attr-defined]
/ceph/hpc/data/st2207-pgp-users/ldragar/pytorch_env/lib/python3.10/site-packages/torch/functional.py:504: UserWarning: torch.meshgrid: in an upcoming release, it will be required to pass the indexing argument. (Triggered internally at ../aten/src/ATen/native/TensorShape.cpp:3527.)
  return _VF.meshgrid(tensors, **kwargs)  # type: ignore[attr-defined]
wandb: wandb version 0.15.12 is available!  To upgrade, please run:
wandb:  $ pip install wandb --upgrade
wandb: Tracking run with wandb version 0.15.8
wandb: Run data is saved locally in ./wandb/run-20231020_121211-7zu6dr39
wandb: Run `wandb offline` to turn off syncing.
wandb: Resuming run swin_large_patch4_window12_384.ms_in22k_ft_in1k
wandb: ⭐️ View project at https://wandb.ai/luka_borut/borut_pretrain
wandb: 🧹 View sweep at https://wandb.ai/luka_borut/borut_pretrain/sweeps/kf0u25re
wandb: 🚀 View run at https://wandb.ai/luka_borut/borut_pretrain/runs/7zu6dr39
/ceph/hpc/data/st2207-pgp-users/ldragar/pytorch_env/lib/python3.10/site-packages/torch/functional.py:504: UserWarning: torch.meshgrid: in an upcoming release, it will be required to pass the indexing argument. (Triggered internally at ../aten/src/ATen/native/TensorShape.cpp:3527.)
  return _VF.meshgrid(tensors, **kwargs)  # type: ignore[attr-defined]
Traceback (most recent call last):
  File "/ceph/hpc/data/st2207-pgp-users/ldragar/BeyondDetection/borut_pretrain/pretrain_timm.py", line 438, in <module>
    main()
  File "/ceph/hpc/data/st2207-pgp-users/ldragar/BeyondDetection/borut_pretrain/pretrain_timm.py", line 366, in main
    print(trainer.global_rank, trainer.world_size, os.environ["SLURM_NTASKS"], trainer.training_type_plugin.num_processes, trainer.training_type_plugin.num_nodes, trainer.training_type_plugin.num_processes)
AttributeError: 'Trainer' object has no attribute 'training_type_plugin'
Traceback (most recent call last):
  File "/ceph/hpc/data/st2207-pgp-users/ldragar/BeyondDetection/borut_pretrain/pretrain_timm.py", line 438, in <module>
    main()
  File "/ceph/hpc/data/st2207-pgp-users/ldragar/BeyondDetection/borut_pretrain/pretrain_timm.py", line 366, in main
    print(trainer.global_rank, trainer.world_size, os.environ["SLURM_NTASKS"], trainer.training_type_plugin.num_processes, trainer.training_type_plugin.num_nodes, trainer.training_type_plugin.num_processes)
AttributeError: 'Trainer' object has no attribute 'training_type_plugin'
Traceback (most recent call last):
  File "/ceph/hpc/data/st2207-pgp-users/ldragar/BeyondDetection/borut_pretrain/pretrain_timm.py", line 438, in <module>
    main()
  File "/ceph/hpc/data/st2207-pgp-users/ldragar/BeyondDetection/borut_pretrain/pretrain_timm.py", line 366, in main
    print(trainer.global_rank, trainer.world_size, os.environ["SLURM_NTASKS"], trainer.training_type_plugin.num_processes, trainer.training_type_plugin.num_nodes, trainer.training_type_plugin.num_processes)
AttributeError: 'Trainer' object has no attribute 'training_type_plugin'
Traceback (most recent call last):
  File "/ceph/hpc/data/st2207-pgp-users/ldragar/BeyondDetection/borut_pretrain/pretrain_timm.py", line 438, in <module>
    main()
  File "/ceph/hpc/data/st2207-pgp-users/ldragar/BeyondDetection/borut_pretrain/pretrain_timm.py", line 366, in main
    print(trainer.global_rank, trainer.world_size, os.environ["SLURM_NTASKS"], trainer.training_type_plugin.num_processes, trainer.training_type_plugin.num_nodes, trainer.training_type_plugin.num_processes)
AttributeError: 'Trainer' object has no attribute 'training_type_plugin'
Traceback (most recent call last):
  File "/ceph/hpc/data/st2207-pgp-users/ldragar/BeyondDetection/borut_pretrain/pretrain_timm.py", line 438, in <module>
    main()
  File "/ceph/hpc/data/st2207-pgp-users/ldragar/BeyondDetection/borut_pretrain/pretrain_timm.py", line 366, in main
    print(trainer.global_rank, trainer.world_size, os.environ["SLURM_NTASKS"], trainer.training_type_plugin.num_processes, trainer.training_type_plugin.num_nodes, trainer.training_type_plugin.num_processes)
AttributeError: 'Trainer' object has no attribute 'training_type_plugin'
Traceback (most recent call last):
  File "/ceph/hpc/data/st2207-pgp-users/ldragar/BeyondDetection/borut_pretrain/pretrain_timm.py", line 438, in <module>
    main()
  File "/ceph/hpc/data/st2207-pgp-users/ldragar/BeyondDetection/borut_pretrain/pretrain_timm.py", line 366, in main
    print(trainer.global_rank, trainer.world_size, os.environ["SLURM_NTASKS"], trainer.training_type_plugin.num_processes, trainer.training_type_plugin.num_nodes, trainer.training_type_plugin.num_processes)
AttributeError: 'Trainer' object has no attribute 'training_type_plugin'
srun: error: gn30: task 5: Exited with exit code 1
wandb: logging graph, to disable use `wandb.watch(log_graph=False)`
wandb: WARNING Config item 'model_name' was locked by 'sweep' (ignored update).
wandb: WARNING Config item 'num_epochs' was locked by 'sweep' (ignored update).
wandb: WARNING Config item 'batch_size' was locked by 'sweep' (ignored update).
GPU available: True (cuda), used: True
TPU available: False, using: 0 TPU cores
IPU available: False, using: 0 IPUs
HPU available: False, using: 0 HPUs
Traceback (most recent call last):
  File "/ceph/hpc/data/st2207-pgp-users/ldragar/BeyondDetection/borut_pretrain/pretrain_timm.py", line 438, in <module>
    main()
  File "/ceph/hpc/data/st2207-pgp-users/ldragar/BeyondDetection/borut_pretrain/pretrain_timm.py", line 366, in main
    print(trainer.global_rank, trainer.world_size, os.environ["SLURM_NTASKS"], trainer.training_type_plugin.num_processes, trainer.training_type_plugin.num_nodes, trainer.training_type_plugin.num_processes)
AttributeError: 'Trainer' object has no attribute 'training_type_plugin'
srun: error: gn26: tasks 1,3: Exited with exit code 1
srun: error: gn26: task 2: Exited with exit code 1
srun: error: gn30: task 4: Exited with exit code 1
srun: error: gn30: task 6: Exited with exit code 1
Traceback (most recent call last):
  File "/ceph/hpc/data/st2207-pgp-users/ldragar/BeyondDetection/borut_pretrain/pretrain_timm.py", line 438, in <module>
    main()
  File "/ceph/hpc/data/st2207-pgp-users/ldragar/BeyondDetection/borut_pretrain/pretrain_timm.py", line 366, in main
    print(trainer.global_rank, trainer.world_size, os.environ["SLURM_NTASKS"], trainer.training_type_plugin.num_processes, trainer.training_type_plugin.num_nodes, trainer.training_type_plugin.num_processes)
AttributeError: 'Trainer' object has no attribute 'training_type_plugin'
srun: error: gn26: task 0: Exited with exit code 1
srun: error: gn30: task 7: Exited with exit code 1
2023-10-20 12:12:18,799 - wandb.wandb_agent - INFO - Cleaning up finished run: 7zu6dr39
wandb: Waiting for W&B process to finish... (failed 1). Press Control-C to abort syncing.
wandb: - 0.000 MB of 0.002 MB uploaded (0.000 MB deduped)wandb: \ 0.003 MB of 0.003 MB uploaded (0.000 MB deduped)wandb: 🚀 View run swin_large_patch4_window12_384.ms_in22k_ft_in1k at: https://wandb.ai/luka_borut/borut_pretrain/runs/7zu6dr39
wandb: Synced 3 W&B file(s), 0 media file(s), 0 artifact file(s) and 0 other file(s)
wandb: Find logs at: ./wandb/run-20231020_121211-7zu6dr39/logs
2023-10-20 12:12:23,685 - wandb.wandb_agent - INFO - Agent received command: run
2023-10-20 12:12:23,685 - wandb.wandb_agent - INFO - Agent starting run with config:
	batch_size: 24
	model_name: eva_large_patch14_336.in22k_ft_in22k_in1k
	num_epochs: 5
2023-10-20 12:12:23,687 - wandb.wandb_agent - INFO - About to run command: /usr/bin/env srun --nodes=2 --cpus-per-task=12 --gpus-per-node=4 "-p gpu" --ntasks-per-node=4 --exclusive python3 pretrain_timm.py --batch_size=24 --model_name=eva_large_patch14_336.in22k_ft_in22k_in1k --num_epochs=5 --devices 0 1 2 3 --num_nodes 2
srun: error: WARNING: Multiple leaf switches contain nodes: gn[01-60]
2023-10-20 12:12:28,695 - wandb.wandb_agent - INFO - Running runs: ['8bb60hii']
wandb: Currently logged in as: thelukadragar (luka_borut). Use `wandb login --relogin` to force relogin
wandb: WARNING Ignored wandb.init() arg project when running a sweep.
wandb: wandb version 0.15.12 is available!  To upgrade, please run:
wandb:  $ pip install wandb --upgrade
wandb: Tracking run with wandb version 0.15.8
wandb: Run data is saved locally in ./wandb/run-20231020_121229-8bb60hii
wandb: Run `wandb offline` to turn off syncing.
wandb: Resuming run eva_large_patch14_336.in22k_ft_in22k_in1k
wandb: ⭐️ View project at https://wandb.ai/luka_borut/borut_pretrain
wandb: 🧹 View sweep at https://wandb.ai/luka_borut/borut_pretrain/sweeps/kf0u25re
wandb: 🚀 View run at https://wandb.ai/luka_borut/borut_pretrain/runs/8bb60hii
Traceback (most recent call last):
  File "/ceph/hpc/data/st2207-pgp-users/ldragar/BeyondDetection/borut_pretrain/pretrain_timm.py", line 438, in <module>
    main()
  File "/ceph/hpc/data/st2207-pgp-users/ldragar/BeyondDetection/borut_pretrain/pretrain_timm.py", line 366, in main
    print(trainer.global_rank, trainer.world_size, os.environ["SLURM_NTASKS"], trainer.training_type_plugin.num_processes, trainer.training_type_plugin.num_nodes, trainer.training_type_plugin.num_processes)
AttributeError: 'Trainer' object has no attribute 'training_type_plugin'
Traceback (most recent call last):
  File "/ceph/hpc/data/st2207-pgp-users/ldragar/BeyondDetection/borut_pretrain/pretrain_timm.py", line 438, in <module>
    main()
  File "/ceph/hpc/data/st2207-pgp-users/ldragar/BeyondDetection/borut_pretrain/pretrain_timm.py", line 366, in main
    print(trainer.global_rank, trainer.world_size, os.environ["SLURM_NTASKS"], trainer.training_type_plugin.num_processes, trainer.training_type_plugin.num_nodes, trainer.training_type_plugin.num_processes)
AttributeError: 'Trainer' object has no attribute 'training_type_plugin'
Traceback (most recent call last):
  File "/ceph/hpc/data/st2207-pgp-users/ldragar/BeyondDetection/borut_pretrain/pretrain_timm.py", line 438, in <module>
    main()
  File "/ceph/hpc/data/st2207-pgp-users/ldragar/BeyondDetection/borut_pretrain/pretrain_timm.py", line 366, in main
    print(trainer.global_rank, trainer.world_size, os.environ["SLURM_NTASKS"], trainer.training_type_plugin.num_processes, trainer.training_type_plugin.num_nodes, trainer.training_type_plugin.num_processes)
AttributeError: 'Trainer' object has no attribute 'training_type_plugin'
Traceback (most recent call last):
  File "/ceph/hpc/data/st2207-pgp-users/ldragar/BeyondDetection/borut_pretrain/pretrain_timm.py", line 438, in <module>
    main()
  File "/ceph/hpc/data/st2207-pgp-users/ldragar/BeyondDetection/borut_pretrain/pretrain_timm.py", line 366, in main
    print(trainer.global_rank, trainer.world_size, os.environ["SLURM_NTASKS"], trainer.training_type_plugin.num_processes, trainer.training_type_plugin.num_nodes, trainer.training_type_plugin.num_processes)
AttributeError: 'Trainer' object has no attribute 'training_type_plugin'
wandb: logging graph, to disable use `wandb.watch(log_graph=False)`
wandb: WARNING Config item 'model_name' was locked by 'sweep' (ignored update).
wandb: WARNING Config item 'num_epochs' was locked by 'sweep' (ignored update).
wandb: WARNING Config item 'batch_size' was locked by 'sweep' (ignored update).
srun: error: gn30: task 4: Exited with exit code 1
GPU available: True (cuda), used: True
TPU available: False, using: 0 TPU cores
IPU available: False, using: 0 IPUs
HPU available: False, using: 0 HPUs
Traceback (most recent call last):
  File "/ceph/hpc/data/st2207-pgp-users/ldragar/BeyondDetection/borut_pretrain/pretrain_timm.py", line 438, in <module>
    main()
  File "/ceph/hpc/data/st2207-pgp-users/ldragar/BeyondDetection/borut_pretrain/pretrain_timm.py", line 366, in main
    print(trainer.global_rank, trainer.world_size, os.environ["SLURM_NTASKS"], trainer.training_type_plugin.num_processes, trainer.training_type_plugin.num_nodes, trainer.training_type_plugin.num_processes)
AttributeError: 'Trainer' object has no attribute 'training_type_plugin'
wandb: Waiting for W&B process to finish... (failed 1). Press Control-C to abort syncing.
Traceback (most recent call last):
  File "/ceph/hpc/data/st2207-pgp-users/ldragar/BeyondDetection/borut_pretrain/pretrain_timm.py", line 438, in <module>
    main()
  File "/ceph/hpc/data/st2207-pgp-users/ldragar/BeyondDetection/borut_pretrain/pretrain_timm.py", line 366, in main
    print(trainer.global_rank, trainer.world_size, os.environ["SLURM_NTASKS"], trainer.training_type_plugin.num_processes, trainer.training_type_plugin.num_nodes, trainer.training_type_plugin.num_processes)
AttributeError: 'Trainer' object has no attribute 'training_type_plugin'
Traceback (most recent call last):
  File "/ceph/hpc/data/st2207-pgp-users/ldragar/BeyondDetection/borut_pretrain/pretrain_timm.py", line 438, in <module>
    main()
  File "/ceph/hpc/data/st2207-pgp-users/ldragar/BeyondDetection/borut_pretrain/pretrain_timm.py", line 366, in main
    print(trainer.global_rank, trainer.world_size, os.environ["SLURM_NTASKS"], trainer.training_type_plugin.num_processes, trainer.training_type_plugin.num_nodes, trainer.training_type_plugin.num_processes)
AttributeError: 'Trainer' object has no attribute 'training_type_plugin'
srun: error: gn26: tasks 1,3: Exited with exit code 1
srun: error: gn26: task 2: Exited with exit code 1
srun: error: gn30: tasks 5-6: Exited with exit code 1
Traceback (most recent call last):
  File "/ceph/hpc/data/st2207-pgp-users/ldragar/BeyondDetection/borut_pretrain/pretrain_timm.py", line 438, in <module>
    main()
  File "/ceph/hpc/data/st2207-pgp-users/ldragar/BeyondDetection/borut_pretrain/pretrain_timm.py", line 366, in main
    print(trainer.global_rank, trainer.world_size, os.environ["SLURM_NTASKS"], trainer.training_type_plugin.num_processes, trainer.training_type_plugin.num_nodes, trainer.training_type_plugin.num_processes)
AttributeError: 'Trainer' object has no attribute 'training_type_plugin'
srun: error: gn30: task 7: Exited with exit code 1
wandb: - 0.000 MB of 0.000 MB uploaded (0.000 MB deduped)wandb: \ 0.000 MB of 0.000 MB uploaded (0.000 MB deduped)wandb: | 0.000 MB of 0.000 MB uploaded (0.000 MB deduped)wandb: / 0.000 MB of 0.000 MB uploaded (0.000 MB deduped)wandb: - 0.000 MB of 0.000 MB uploaded (0.000 MB deduped)wandb: 🚀 View run eva_large_patch14_336.in22k_ft_in22k_in1k at: https://wandb.ai/luka_borut/borut_pretrain/runs/8bb60hii
wandb: Synced 3 W&B file(s), 0 media file(s), 0 artifact file(s) and 0 other file(s)
wandb: Find logs at: ./wandb/run-20231020_121229-8bb60hii/logs
srun: error: gn26: task 0: Exited with exit code 1
2023-10-20 12:12:44,171 - wandb.wandb_agent - INFO - Cleaning up finished run: 8bb60hii
2023-10-20 12:12:44,532 - wandb.wandb_agent - INFO - Agent received command: run
2023-10-20 12:12:44,532 - wandb.wandb_agent - INFO - Agent starting run with config:
	batch_size: 8
	model_name: swin_large_patch4_window12_384.ms_in22k_ft_in1k
	num_epochs: 5
2023-10-20 12:12:44,534 - wandb.wandb_agent - INFO - About to run command: /usr/bin/env srun --nodes=2 --cpus-per-task=12 --gpus-per-node=4 "-p gpu" --ntasks-per-node=4 --exclusive python3 pretrain_timm.py --batch_size=8 --model_name=swin_large_patch4_window12_384.ms_in22k_ft_in1k --num_epochs=5 --devices 0 1 2 3 --num_nodes 2
srun: error: WARNING: Multiple leaf switches contain nodes: gn[01-60]
/ceph/hpc/data/st2207-pgp-users/ldragar/pytorch_env/lib/python3.10/site-packages/torch/functional.py:504: UserWarning: torch.meshgrid: in an upcoming release, it will be required to pass the indexing argument. (Triggered internally at ../aten/src/ATen/native/TensorShape.cpp:3527.)
  return _VF.meshgrid(tensors, **kwargs)  # type: ignore[attr-defined]
/ceph/hpc/data/st2207-pgp-users/ldragar/pytorch_env/lib/python3.10/site-packages/torch/functional.py:504: UserWarning: torch.meshgrid: in an upcoming release, it will be required to pass the indexing argument. (Triggered internally at ../aten/src/ATen/native/TensorShape.cpp:3527.)
  return _VF.meshgrid(tensors, **kwargs)  # type: ignore[attr-defined]
/ceph/hpc/data/st2207-pgp-users/ldragar/pytorch_env/lib/python3.10/site-packages/torch/functional.py:504: UserWarning: torch.meshgrid: in an upcoming release, it will be required to pass the indexing argument. (Triggered internally at ../aten/src/ATen/native/TensorShape.cpp:3527.)
  return _VF.meshgrid(tensors, **kwargs)  # type: ignore[attr-defined]
/ceph/hpc/data/st2207-pgp-users/ldragar/pytorch_env/lib/python3.10/site-packages/torch/functional.py:504: UserWarning: torch.meshgrid: in an upcoming release, it will be required to pass the indexing argument. (Triggered internally at ../aten/src/ATen/native/TensorShape.cpp:3527.)
  return _VF.meshgrid(tensors, **kwargs)  # type: ignore[attr-defined]
/ceph/hpc/data/st2207-pgp-users/ldragar/pytorch_env/lib/python3.10/site-packages/torch/functional.py:504: UserWarning: torch.meshgrid: in an upcoming release, it will be required to pass the indexing argument. (Triggered internally at ../aten/src/ATen/native/TensorShape.cpp:3527.)
  return _VF.meshgrid(tensors, **kwargs)  # type: ignore[attr-defined]
/ceph/hpc/data/st2207-pgp-users/ldragar/pytorch_env/lib/python3.10/site-packages/torch/functional.py:504: UserWarning: torch.meshgrid: in an upcoming release, it will be required to pass the indexing argument. (Triggered internally at ../aten/src/ATen/native/TensorShape.cpp:3527.)
  return _VF.meshgrid(tensors, **kwargs)  # type: ignore[attr-defined]
/ceph/hpc/data/st2207-pgp-users/ldragar/pytorch_env/lib/python3.10/site-packages/torch/functional.py:504: UserWarning: torch.meshgrid: in an upcoming release, it will be required to pass the indexing argument. (Triggered internally at ../aten/src/ATen/native/TensorShape.cpp:3527.)
  return _VF.meshgrid(tensors, **kwargs)  # type: ignore[attr-defined]
2023-10-20 12:12:49,542 - wandb.wandb_agent - INFO - Running runs: ['l6ph4wut']
wandb: Currently logged in as: thelukadragar (luka_borut). Use `wandb login --relogin` to force relogin
wandb: WARNING Ignored wandb.init() arg project when running a sweep.
wandb: wandb version 0.15.12 is available!  To upgrade, please run:
wandb:  $ pip install wandb --upgrade
wandb: Tracking run with wandb version 0.15.8
wandb: Run data is saved locally in ./wandb/run-20231020_121250-l6ph4wut
wandb: Run `wandb offline` to turn off syncing.
wandb: Resuming run swin_large_patch4_window12_384.ms_in22k_ft_in1k
wandb: ⭐️ View project at https://wandb.ai/luka_borut/borut_pretrain
wandb: 🧹 View sweep at https://wandb.ai/luka_borut/borut_pretrain/sweeps/kf0u25re
wandb: 🚀 View run at https://wandb.ai/luka_borut/borut_pretrain/runs/l6ph4wut
/ceph/hpc/data/st2207-pgp-users/ldragar/pytorch_env/lib/python3.10/site-packages/torch/functional.py:504: UserWarning: torch.meshgrid: in an upcoming release, it will be required to pass the indexing argument. (Triggered internally at ../aten/src/ATen/native/TensorShape.cpp:3527.)
  return _VF.meshgrid(tensors, **kwargs)  # type: ignore[attr-defined]
Traceback (most recent call last):
  File "/ceph/hpc/data/st2207-pgp-users/ldragar/BeyondDetection/borut_pretrain/pretrain_timm.py", line 438, in <module>
    main()
  File "/ceph/hpc/data/st2207-pgp-users/ldragar/BeyondDetection/borut_pretrain/pretrain_timm.py", line 366, in main
    print(trainer.global_rank, trainer.world_size, os.environ["SLURM_NTASKS"], trainer.training_type_plugin.num_processes, trainer.training_type_plugin.num_nodes, trainer.training_type_plugin.num_processes)
AttributeError: 'Trainer' object has no attribute 'training_type_plugin'
Traceback (most recent call last):
  File "/ceph/hpc/data/st2207-pgp-users/ldragar/BeyondDetection/borut_pretrain/pretrain_timm.py", line 438, in <module>
    main()
  File "/ceph/hpc/data/st2207-pgp-users/ldragar/BeyondDetection/borut_pretrain/pretrain_timm.py", line 366, in main
    print(trainer.global_rank, trainer.world_size, os.environ["SLURM_NTASKS"], trainer.training_type_plugin.num_processes, trainer.training_type_plugin.num_nodes, trainer.training_type_plugin.num_processes)
AttributeError: 'Trainer' object has no attribute 'training_type_plugin'
Traceback (most recent call last):
  File "/ceph/hpc/data/st2207-pgp-users/ldragar/BeyondDetection/borut_pretrain/pretrain_timm.py", line 438, in <module>
    main()
  File "/ceph/hpc/data/st2207-pgp-users/ldragar/BeyondDetection/borut_pretrain/pretrain_timm.py", line 366, in main
    print(trainer.global_rank, trainer.world_size, os.environ["SLURM_NTASKS"], trainer.training_type_plugin.num_processes, trainer.training_type_plugin.num_nodes, trainer.training_type_plugin.num_processes)
AttributeError: 'Trainer' object has no attribute 'training_type_plugin'
Traceback (most recent call last):
  File "/ceph/hpc/data/st2207-pgp-users/ldragar/BeyondDetection/borut_pretrain/pretrain_timm.py", line 438, in <module>
    main()
  File "/ceph/hpc/data/st2207-pgp-users/ldragar/BeyondDetection/borut_pretrain/pretrain_timm.py", line 366, in main
    print(trainer.global_rank, trainer.world_size, os.environ["SLURM_NTASKS"], trainer.training_type_plugin.num_processes, trainer.training_type_plugin.num_nodes, trainer.training_type_plugin.num_processes)
AttributeError: 'Trainer' object has no attribute 'training_type_plugin'
srun: error: gn26: task 2: Exited with exit code 1
Traceback (most recent call last):
  File "/ceph/hpc/data/st2207-pgp-users/ldragar/BeyondDetection/borut_pretrain/pretrain_timm.py", line 438, in <module>
    main()
  File "/ceph/hpc/data/st2207-pgp-users/ldragar/BeyondDetection/borut_pretrain/pretrain_timm.py", line 366, in main
    print(trainer.global_rank, trainer.world_size, os.environ["SLURM_NTASKS"], trainer.training_type_plugin.num_processes, trainer.training_type_plugin.num_nodes, trainer.training_type_plugin.num_processes)
AttributeError: 'Trainer' object has no attribute 'training_type_plugin'
srun: error: gn26: task 1: Exited with exit code 1
srun: error: gn30: task 5: Exited with exit code 1
srun: error: gn30: task 7: Exited with exit code 1
srun: error: gn30: task 6: Exited with exit code 1
Traceback (most recent call last):
  File "/ceph/hpc/data/st2207-pgp-users/ldragar/BeyondDetection/borut_pretrain/pretrain_timm.py", line 438, in <module>
    main()
  File "/ceph/hpc/data/st2207-pgp-users/ldragar/BeyondDetection/borut_pretrain/pretrain_timm.py", line 366, in main
    print(trainer.global_rank, trainer.world_size, os.environ["SLURM_NTASKS"], trainer.training_type_plugin.num_processes, trainer.training_type_plugin.num_nodes, trainer.training_type_plugin.num_processes)
AttributeError: 'Trainer' object has no attribute 'training_type_plugin'
srun: error: gn30: task 4: Exited with exit code 1
wandb: logging graph, to disable use `wandb.watch(log_graph=False)`
wandb: WARNING Config item 'model_name' was locked by 'sweep' (ignored update).
wandb: WARNING Config item 'num_epochs' was locked by 'sweep' (ignored update).
wandb: WARNING Config item 'batch_size' was locked by 'sweep' (ignored update).
GPU available: True (cuda), used: True
TPU available: False, using: 0 TPU cores
IPU available: False, using: 0 IPUs
HPU available: False, using: 0 HPUs
Traceback (most recent call last):
  File "/ceph/hpc/data/st2207-pgp-users/ldragar/BeyondDetection/borut_pretrain/pretrain_timm.py", line 438, in <module>
    main()
  File "/ceph/hpc/data/st2207-pgp-users/ldragar/BeyondDetection/borut_pretrain/pretrain_timm.py", line 366, in main
    print(trainer.global_rank, trainer.world_size, os.environ["SLURM_NTASKS"], trainer.training_type_plugin.num_processes, trainer.training_type_plugin.num_nodes, trainer.training_type_plugin.num_processes)
AttributeError: 'Trainer' object has no attribute 'training_type_plugin'
wandb: Waiting for W&B process to finish... (failed 1). Press Control-C to abort syncing.
Traceback (most recent call last):
  File "/ceph/hpc/data/st2207-pgp-users/ldragar/BeyondDetection/borut_pretrain/pretrain_timm.py", line 438, in <module>
    main()
  File "/ceph/hpc/data/st2207-pgp-users/ldragar/BeyondDetection/borut_pretrain/pretrain_timm.py", line 366, in main
    print(trainer.global_rank, trainer.world_size, os.environ["SLURM_NTASKS"], trainer.training_type_plugin.num_processes, trainer.training_type_plugin.num_nodes, trainer.training_type_plugin.num_processes)
AttributeError: 'Trainer' object has no attribute 'training_type_plugin'
srun: error: gn26: task 3: Exited with exit code 1
wandb: - 0.000 MB of 0.000 MB uploaded (0.000 MB deduped)wandb: \ 0.000 MB of 0.000 MB uploaded (0.000 MB deduped)wandb: | 0.003 MB of 0.003 MB uploaded (0.000 MB deduped)wandb: 🚀 View run swin_large_patch4_window12_384.ms_in22k_ft_in1k at: https://wandb.ai/luka_borut/borut_pretrain/runs/l6ph4wut
wandb: Synced 3 W&B file(s), 0 media file(s), 0 artifact file(s) and 0 other file(s)
wandb: Find logs at: ./wandb/run-20231020_121250-l6ph4wut/logs
srun: error: gn26: task 0: Exited with exit code 1
2023-10-20 12:13:05,022 - wandb.wandb_agent - INFO - Cleaning up finished run: l6ph4wut
2023-10-20 12:13:05,355 - wandb.wandb_agent - INFO - Agent received command: run
2023-10-20 12:13:05,355 - wandb.wandb_agent - INFO - Agent starting run with config:
	batch_size: 8
	model_name: eva_large_patch14_336.in22k_ft_in22k_in1k
	num_epochs: 5
2023-10-20 12:13:05,356 - wandb.wandb_agent - INFO - About to run command: /usr/bin/env srun --nodes=2 --cpus-per-task=12 --gpus-per-node=4 "-p gpu" --ntasks-per-node=4 --exclusive python3 pretrain_timm.py --batch_size=8 --model_name=eva_large_patch14_336.in22k_ft_in22k_in1k --num_epochs=5 --devices 0 1 2 3 --num_nodes 2
srun: error: WARNING: Multiple leaf switches contain nodes: gn[01-60]
2023-10-20 12:13:10,365 - wandb.wandb_agent - INFO - Running runs: ['96hl34hq']
wandb: Currently logged in as: thelukadragar (luka_borut). Use `wandb login --relogin` to force relogin
wandb: WARNING Ignored wandb.init() arg project when running a sweep.
wandb: wandb version 0.15.12 is available!  To upgrade, please run:
wandb:  $ pip install wandb --upgrade
wandb: Tracking run with wandb version 0.15.8
wandb: Run data is saved locally in ./wandb/run-20231020_121311-96hl34hq
wandb: Run `wandb offline` to turn off syncing.
wandb: Resuming run eva_large_patch14_336.in22k_ft_in22k_in1k
wandb: ⭐️ View project at https://wandb.ai/luka_borut/borut_pretrain
wandb: 🧹 View sweep at https://wandb.ai/luka_borut/borut_pretrain/sweeps/kf0u25re
wandb: 🚀 View run at https://wandb.ai/luka_borut/borut_pretrain/runs/96hl34hq
Traceback (most recent call last):
  File "/ceph/hpc/data/st2207-pgp-users/ldragar/BeyondDetection/borut_pretrain/pretrain_timm.py", line 438, in <module>
    main()
  File "/ceph/hpc/data/st2207-pgp-users/ldragar/BeyondDetection/borut_pretrain/pretrain_timm.py", line 366, in main
    print(trainer.global_rank, trainer.world_size, os.environ["SLURM_NTASKS"], trainer.training_type_plugin.num_processes, trainer.training_type_plugin.num_nodes, trainer.training_type_plugin.num_processes)
AttributeError: 'Trainer' object has no attribute 'training_type_plugin'
srun: error: gn26: task 1: Exited with exit code 1
Traceback (most recent call last):
  File "/ceph/hpc/data/st2207-pgp-users/ldragar/BeyondDetection/borut_pretrain/pretrain_timm.py", line 438, in <module>
    main()
  File "/ceph/hpc/data/st2207-pgp-users/ldragar/BeyondDetection/borut_pretrain/pretrain_timm.py", line 366, in main
    print(trainer.global_rank, trainer.world_size, os.environ["SLURM_NTASKS"], trainer.training_type_plugin.num_processes, trainer.training_type_plugin.num_nodes, trainer.training_type_plugin.num_processes)
AttributeError: 'Trainer' object has no attribute 'training_type_plugin'
Traceback (most recent call last):
  File "/ceph/hpc/data/st2207-pgp-users/ldragar/BeyondDetection/borut_pretrain/pretrain_timm.py", line 438, in <module>
    main()
  File "/ceph/hpc/data/st2207-pgp-users/ldragar/BeyondDetection/borut_pretrain/pretrain_timm.py", line 366, in main
    print(trainer.global_rank, trainer.world_size, os.environ["SLURM_NTASKS"], trainer.training_type_plugin.num_processes, trainer.training_type_plugin.num_nodes, trainer.training_type_plugin.num_processes)
AttributeError: 'Trainer' object has no attribute 'training_type_plugin'
Traceback (most recent call last):
  File "/ceph/hpc/data/st2207-pgp-users/ldragar/BeyondDetection/borut_pretrain/pretrain_timm.py", line 438, in <module>
    main()
  File "/ceph/hpc/data/st2207-pgp-users/ldragar/BeyondDetection/borut_pretrain/pretrain_timm.py", line 366, in main
    print(trainer.global_rank, trainer.world_size, os.environ["SLURM_NTASKS"], trainer.training_type_plugin.num_processes, trainer.training_type_plugin.num_nodes, trainer.training_type_plugin.num_processes)
AttributeError: 'Trainer' object has no attribute 'training_type_plugin'
Traceback (most recent call last):
  File "/ceph/hpc/data/st2207-pgp-users/ldragar/BeyondDetection/borut_pretrain/pretrain_timm.py", line 438, in <module>
    main()
  File "/ceph/hpc/data/st2207-pgp-users/ldragar/BeyondDetection/borut_pretrain/pretrain_timm.py", line 366, in main
    print(trainer.global_rank, trainer.world_size, os.environ["SLURM_NTASKS"], trainer.training_type_plugin.num_processes, trainer.training_type_plugin.num_nodes, trainer.training_type_plugin.num_processes)
AttributeError: 'Trainer' object has no attribute 'training_type_plugin'
Traceback (most recent call last):
  File "/ceph/hpc/data/st2207-pgp-users/ldragar/BeyondDetection/borut_pretrain/pretrain_timm.py", line 438, in <module>
    main()
  File "/ceph/hpc/data/st2207-pgp-users/ldragar/BeyondDetection/borut_pretrain/pretrain_timm.py", line 366, in main
    print(trainer.global_rank, trainer.world_size, os.environ["SLURM_NTASKS"], trainer.training_type_plugin.num_processes, trainer.training_type_plugin.num_nodes, trainer.training_type_plugin.num_processes)
AttributeError: 'Trainer' object has no attribute 'training_type_plugin'
srun: error: gn30: tasks 4,6: Exited with exit code 1
wandb: logging graph, to disable use `wandb.watch(log_graph=False)`
wandb: WARNING Config item 'model_name' was locked by 'sweep' (ignored update).
wandb: WARNING Config item 'num_epochs' was locked by 'sweep' (ignored update).
wandb: WARNING Config item 'batch_size' was locked by 'sweep' (ignored update).
GPU available: True (cuda), used: True
TPU available: False, using: 0 TPU cores
IPU available: False, using: 0 IPUs
HPU available: False, using: 0 HPUs
Traceback (most recent call last):
  File "/ceph/hpc/data/st2207-pgp-users/ldragar/BeyondDetection/borut_pretrain/pretrain_timm.py", line 438, in <module>
    main()
  File "/ceph/hpc/data/st2207-pgp-users/ldragar/BeyondDetection/borut_pretrain/pretrain_timm.py", line 366, in main
    print(trainer.global_rank, trainer.world_size, os.environ["SLURM_NTASKS"], trainer.training_type_plugin.num_processes, trainer.training_type_plugin.num_nodes, trainer.training_type_plugin.num_processes)
AttributeError: 'Trainer' object has no attribute 'training_type_plugin'
wandb: Waiting for W&B process to finish... (failed 1). Press Control-C to abort syncing.
srun: error: gn30: tasks 5,7: Exited with exit code 1
srun: error: gn26: task 3: Exited with exit code 1
Traceback (most recent call last):
  File "/ceph/hpc/data/st2207-pgp-users/ldragar/BeyondDetection/borut_pretrain/pretrain_timm.py", line 438, in <module>
    main()
  File "/ceph/hpc/data/st2207-pgp-users/ldragar/BeyondDetection/borut_pretrain/pretrain_timm.py", line 366, in main
    print(trainer.global_rank, trainer.world_size, os.environ["SLURM_NTASKS"], trainer.training_type_plugin.num_processes, trainer.training_type_plugin.num_nodes, trainer.training_type_plugin.num_processes)
AttributeError: 'Trainer' object has no attribute 'training_type_plugin'
srun: error: gn26: task 2: Exited with exit code 1
wandb: - 0.000 MB of 0.000 MB uploaded (0.000 MB deduped)wandb: \ 0.000 MB of 0.003 MB uploaded (0.000 MB deduped)wandb: | 0.003 MB of 0.003 MB uploaded (0.000 MB deduped)wandb: 🚀 View run eva_large_patch14_336.in22k_ft_in22k_in1k at: https://wandb.ai/luka_borut/borut_pretrain/runs/96hl34hq
wandb: Synced 3 W&B file(s), 0 media file(s), 0 artifact file(s) and 0 other file(s)
wandb: Find logs at: ./wandb/run-20231020_121311-96hl34hq/logs
srun: error: gn26: task 0: Exited with exit code 1
2023-10-20 12:13:25,870 - wandb.wandb_agent - INFO - Cleaning up finished run: 96hl34hq
2023-10-20 12:13:26,148 - wandb.wandb_agent - INFO - Agent received command: exit
2023-10-20 12:13:26,148 - wandb.wandb_agent - INFO - Received exit command. Killing runs and quitting.
wandb: Terminating and syncing runs. Press ctrl-c to kill.
