wandb: Starting wandb agent 🕵️
2023-10-30 02:40:40,864 - wandb.wandb_agent - INFO - Running runs: []
2023-10-30 02:40:41,329 - wandb.wandb_agent - INFO - Agent received command: run
2023-10-30 02:40:41,329 - wandb.wandb_agent - INFO - Agent starting run with config:
	batch_size: 8
	model_name: eva02_large_patch14_448.mim_m38m_ft_in22k_in1k
	num_epochs: 10
2023-10-30 02:40:41,332 - wandb.wandb_agent - INFO - About to run command: /usr/bin/env srun --nodes=2 --cpus-per-task=12 --gpus-per-node=4 "-p gpu" --ntasks-per-node=4 --exclusive python3 pretrain_timm.py --batch_size=8 --model_name=eva02_large_patch14_448.mim_m38m_ft_in22k_in1k --num_epochs=10 --devices 0 1 2 3 --num_nodes 2
srun: error: WARNING: Multiple leaf switches contain nodes: gn[01-60]
2023-10-30 02:40:46,341 - wandb.wandb_agent - INFO - Running runs: ['ox53hefn']
/ceph/hpc/data/st2207-pgp-users/ldragar/pytorch_env/lib/python3.10/site-packages/torch/functional.py:504: UserWarning: torch.meshgrid: in an upcoming release, it will be required to pass the indexing argument. (Triggered internally at ../aten/src/ATen/native/TensorShape.cpp:3527.)
  return _VF.meshgrid(tensors, **kwargs)  # type: ignore[attr-defined]
/ceph/hpc/data/st2207-pgp-users/ldragar/pytorch_env/lib/python3.10/site-packages/torch/functional.py:504: UserWarning: torch.meshgrid: in an upcoming release, it will be required to pass the indexing argument. (Triggered internally at ../aten/src/ATen/native/TensorShape.cpp:3527.)
  return _VF.meshgrid(tensors, **kwargs)  # type: ignore[attr-defined]
/ceph/hpc/data/st2207-pgp-users/ldragar/pytorch_env/lib/python3.10/site-packages/torch/functional.py:504: UserWarning: torch.meshgrid: in an upcoming release, it will be required to pass the indexing argument. (Triggered internally at ../aten/src/ATen/native/TensorShape.cpp:3527.)
  return _VF.meshgrid(tensors, **kwargs)  # type: ignore[attr-defined]
/ceph/hpc/data/st2207-pgp-users/ldragar/pytorch_env/lib/python3.10/site-packages/torch/functional.py:504: UserWarning: torch.meshgrid: in an upcoming release, it will be required to pass the indexing argument. (Triggered internally at ../aten/src/ATen/native/TensorShape.cpp:3527.)
  return _VF.meshgrid(tensors, **kwargs)  # type: ignore[attr-defined]
/ceph/hpc/data/st2207-pgp-users/ldragar/pytorch_env/lib/python3.10/site-packages/torch/functional.py:504: UserWarning: torch.meshgrid: in an upcoming release, it will be required to pass the indexing argument. (Triggered internally at ../aten/src/ATen/native/TensorShape.cpp:3527.)
  return _VF.meshgrid(tensors, **kwargs)  # type: ignore[attr-defined]
/ceph/hpc/data/st2207-pgp-users/ldragar/pytorch_env/lib/python3.10/site-packages/torch/functional.py:504: UserWarning: torch.meshgrid: in an upcoming release, it will be required to pass the indexing argument. (Triggered internally at ../aten/src/ATen/native/TensorShape.cpp:3527.)
  return _VF.meshgrid(tensors, **kwargs)  # type: ignore[attr-defined]
/ceph/hpc/data/st2207-pgp-users/ldragar/pytorch_env/lib/python3.10/site-packages/torch/functional.py:504: UserWarning: torch.meshgrid: in an upcoming release, it will be required to pass the indexing argument. (Triggered internally at ../aten/src/ATen/native/TensorShape.cpp:3527.)
  return _VF.meshgrid(tensors, **kwargs)  # type: ignore[attr-defined]
wandb: Currently logged in as: thelukadragar (luka_borut). Use `wandb login --relogin` to force relogin
wandb: WARNING Ignored wandb.init() arg project when running a sweep.
wandb: wandb version 0.15.12 is available!  To upgrade, please run:
wandb:  $ pip install wandb --upgrade
wandb: Tracking run with wandb version 0.15.8
wandb: Run data is saved locally in ./wandb/run-20231030_024326-ox53hefn
wandb: Run `wandb offline` to turn off syncing.
wandb: Resuming run eva02_large_patch14_448.mim_m38m_ft_in22k_in1k
wandb: ⭐️ View project at https://wandb.ai/luka_borut/borut_pretrain
wandb: 🧹 View sweep at https://wandb.ai/luka_borut/borut_pretrain/sweeps/zg65t7bz
wandb: 🚀 View run at https://wandb.ai/luka_borut/borut_pretrain/runs/ox53hefn
/ceph/hpc/data/st2207-pgp-users/ldragar/pytorch_env/lib/python3.10/site-packages/torch/functional.py:504: UserWarning: torch.meshgrid: in an upcoming release, it will be required to pass the indexing argument. (Triggered internally at ../aten/src/ATen/native/TensorShape.cpp:3527.)
  return _VF.meshgrid(tensors, **kwargs)  # type: ignore[attr-defined]
Initializing distributed: GLOBAL_RANK: 2, MEMBER: 3/8
wandb: WARNING Config item 'model_name' was locked by 'sweep' (ignored update).
wandb: WARNING Config item 'num_epochs' was locked by 'sweep' (ignored update).
wandb: WARNING Config item 'batch_size' was locked by 'sweep' (ignored update).
Initializing distributed: GLOBAL_RANK: 1, MEMBER: 2/8
GPU available: True (cuda), used: True
TPU available: False, using: 0 TPU cores
IPU available: False, using: 0 IPUs
HPU available: False, using: 0 HPUs
Initializing distributed: GLOBAL_RANK: 0, MEMBER: 1/8
Initializing distributed: GLOBAL_RANK: 4, MEMBER: 5/8
Initializing distributed: GLOBAL_RANK: 6, MEMBER: 7/8
Initializing distributed: GLOBAL_RANK: 5, MEMBER: 6/8
Initializing distributed: GLOBAL_RANK: 3, MEMBER: 4/8
Initializing distributed: GLOBAL_RANK: 7, MEMBER: 8/8
----------------------------------------------------------------------------------------------------
distributed_backend=nccl
All distributed processes registered. Starting with 8 processes
----------------------------------------------------------------------------------------------------

You are using a CUDA device ('NVIDIA A100-SXM4-40GB') that has Tensor Cores. To properly utilize them, you should set `torch.set_float32_matmul_precision('medium' | 'high')` which will trade-off precision for performance. For more details, read https://pytorch.org/docs/stable/generated/torch.set_float32_matmul_precision.html#torch.set_float32_matmul_precision
LOCAL_RANK: 0 - CUDA_VISIBLE_DEVICES: [0,1,2,3]
LOCAL_RANK: 0 - CUDA_VISIBLE_DEVICES: [0,1,2,3]
LOCAL_RANK: 1 - CUDA_VISIBLE_DEVICES: [0,1,2,3]
LOCAL_RANK: 2 - CUDA_VISIBLE_DEVICES: [0,1,2,3]
LOCAL_RANK: 3 - CUDA_VISIBLE_DEVICES: [0,1,2,3]
LOCAL_RANK: 1 - CUDA_VISIBLE_DEVICES: [0,1,2,3]
LOCAL_RANK: 2 - CUDA_VISIBLE_DEVICES: [0,1,2,3]
LOCAL_RANK: 3 - CUDA_VISIBLE_DEVICES: [0,1,2,3]

  | Name      | Type             | Params
-----------------------------------------------
0 | model     | Eva              | 304 M 
1 | criterion | CrossEntropyLoss | 0     
-----------------------------------------------
304 M     Trainable params
0         Non-trainable params
304 M     Total params
1,216.229 Total estimated model params size (MB)
SLURM auto-requeueing enabled. Setting signal handlers.
SLURM auto-requeueing enabled. Setting signal handlers.
SLURM auto-requeueing enabled. Setting signal handlers.
SLURM auto-requeueing enabled. Setting signal handlers.
SLURM auto-requeueing enabled. Setting signal handlers.
SLURM auto-requeueing enabled. Setting signal handlers.
SLURM auto-requeueing enabled. Setting signal handlers.
SLURM auto-requeueing enabled. Setting signal handlers.
/ceph/hpc/data/st2207-pgp-users/ldragar/pytorch_env/lib/python3.10/site-packages/pytorch_lightning/loops/fit_loop.py:281: PossibleUserWarning: The number of training batches (1) is smaller than the logging interval Trainer(log_every_n_steps=50). Set a lower value for log_every_n_steps if you want to see logs for the training epoch.
  rank_zero_warn(
`Trainer.fit` stopped: `max_epochs=10` reached.
2023-10-30 02:44:38,494 - wandb.wandb_agent - INFO - Cleaning up finished run: ox53hefn
wandb: Waiting for W&B process to finish... (success).
wandb: - 0.000 MB of 0.007 MB uploaded (0.000 MB deduped)wandb: \ 0.007 MB of 0.007 MB uploaded (0.000 MB deduped)wandb: 
wandb: Run history:
wandb:               epoch ▁▂▃▃▄▅▆▆▇█
wandb:    train_loss_epoch █▇▄▅▃▄▃▇▁▄
wandb: trainer/global_step ▁▂▃▃▄▅▆▆▇█
wandb: 
wandb: Run summary:
wandb:               epoch 9
wandb:    train_loss_epoch 0.67556
wandb: trainer/global_step 9
wandb: 
wandb: 🚀 View run eva02_large_patch14_448.mim_m38m_ft_in22k_in1k at: https://wandb.ai/luka_borut/borut_pretrain/runs/ox53hefn
wandb: Synced 3 W&B file(s), 0 media file(s), 0 artifact file(s) and 0 other file(s)
wandb: Find logs at: ./wandb/run-20231030_024326-ox53hefn/logs
2023-10-30 02:44:43,160 - wandb.wandb_agent - INFO - Agent received command: run
2023-10-30 02:44:43,160 - wandb.wandb_agent - INFO - Agent starting run with config:
	batch_size: 16
	model_name: eva02_large_patch14_448.mim_m38m_ft_in22k_in1k
	num_epochs: 10
2023-10-30 02:44:43,161 - wandb.wandb_agent - INFO - About to run command: /usr/bin/env srun --nodes=2 --cpus-per-task=12 --gpus-per-node=4 "-p gpu" --ntasks-per-node=4 --exclusive python3 pretrain_timm.py --batch_size=16 --model_name=eva02_large_patch14_448.mim_m38m_ft_in22k_in1k --num_epochs=10 --devices 0 1 2 3 --num_nodes 2
srun: error: WARNING: Multiple leaf switches contain nodes: gn[01-60]
/ceph/hpc/data/st2207-pgp-users/ldragar/pytorch_env/lib/python3.10/site-packages/torch/functional.py:504: UserWarning: torch.meshgrid: in an upcoming release, it will be required to pass the indexing argument. (Triggered internally at ../aten/src/ATen/native/TensorShape.cpp:3527.)
  return _VF.meshgrid(tensors, **kwargs)  # type: ignore[attr-defined]
/ceph/hpc/data/st2207-pgp-users/ldragar/pytorch_env/lib/python3.10/site-packages/torch/functional.py:504: UserWarning: torch.meshgrid: in an upcoming release, it will be required to pass the indexing argument. (Triggered internally at ../aten/src/ATen/native/TensorShape.cpp:3527.)
  return _VF.meshgrid(tensors, **kwargs)  # type: ignore[attr-defined]
/ceph/hpc/data/st2207-pgp-users/ldragar/pytorch_env/lib/python3.10/site-packages/torch/functional.py:504: UserWarning: torch.meshgrid: in an upcoming release, it will be required to pass the indexing argument. (Triggered internally at ../aten/src/ATen/native/TensorShape.cpp:3527.)
  return _VF.meshgrid(tensors, **kwargs)  # type: ignore[attr-defined]
/ceph/hpc/data/st2207-pgp-users/ldragar/pytorch_env/lib/python3.10/site-packages/torch/functional.py:504: UserWarning: torch.meshgrid: in an upcoming release, it will be required to pass the indexing argument. (Triggered internally at ../aten/src/ATen/native/TensorShape.cpp:3527.)
  return _VF.meshgrid(tensors, **kwargs)  # type: ignore[attr-defined]
/ceph/hpc/data/st2207-pgp-users/ldragar/pytorch_env/lib/python3.10/site-packages/torch/functional.py:504: UserWarning: torch.meshgrid: in an upcoming release, it will be required to pass the indexing argument. (Triggered internally at ../aten/src/ATen/native/TensorShape.cpp:3527.)
  return _VF.meshgrid(tensors, **kwargs)  # type: ignore[attr-defined]
2023-10-30 02:44:48,170 - wandb.wandb_agent - INFO - Running runs: ['sr49vj52']
/ceph/hpc/data/st2207-pgp-users/ldragar/pytorch_env/lib/python3.10/site-packages/torch/functional.py:504: UserWarning: torch.meshgrid: in an upcoming release, it will be required to pass the indexing argument. (Triggered internally at ../aten/src/ATen/native/TensorShape.cpp:3527.)
  return _VF.meshgrid(tensors, **kwargs)  # type: ignore[attr-defined]
/ceph/hpc/data/st2207-pgp-users/ldragar/pytorch_env/lib/python3.10/site-packages/torch/functional.py:504: UserWarning: torch.meshgrid: in an upcoming release, it will be required to pass the indexing argument. (Triggered internally at ../aten/src/ATen/native/TensorShape.cpp:3527.)
  return _VF.meshgrid(tensors, **kwargs)  # type: ignore[attr-defined]
wandb: Currently logged in as: thelukadragar (luka_borut). Use `wandb login --relogin` to force relogin
wandb: WARNING Ignored wandb.init() arg project when running a sweep.
wandb: wandb version 0.15.12 is available!  To upgrade, please run:
wandb:  $ pip install wandb --upgrade
wandb: Tracking run with wandb version 0.15.8
wandb: Run data is saved locally in ./wandb/run-20231030_024449-sr49vj52
wandb: Run `wandb offline` to turn off syncing.
wandb: Resuming run eva02_large_patch14_448.mim_m38m_ft_in22k_in1k
wandb: ⭐️ View project at https://wandb.ai/luka_borut/borut_pretrain
wandb: 🧹 View sweep at https://wandb.ai/luka_borut/borut_pretrain/sweeps/zg65t7bz
wandb: 🚀 View run at https://wandb.ai/luka_borut/borut_pretrain/runs/sr49vj52
/ceph/hpc/data/st2207-pgp-users/ldragar/pytorch_env/lib/python3.10/site-packages/torch/functional.py:504: UserWarning: torch.meshgrid: in an upcoming release, it will be required to pass the indexing argument. (Triggered internally at ../aten/src/ATen/native/TensorShape.cpp:3527.)
  return _VF.meshgrid(tensors, **kwargs)  # type: ignore[attr-defined]
Initializing distributed: GLOBAL_RANK: 4, MEMBER: 5/8
Initializing distributed: GLOBAL_RANK: 5, MEMBER: 6/8
Initializing distributed: GLOBAL_RANK: 1, MEMBER: 2/8
Initializing distributed: GLOBAL_RANK: 6, MEMBER: 7/8
wandb: WARNING Config item 'model_name' was locked by 'sweep' (ignored update).
wandb: WARNING Config item 'num_epochs' was locked by 'sweep' (ignored update).
wandb: WARNING Config item 'batch_size' was locked by 'sweep' (ignored update).
GPU available: True (cuda), used: True
TPU available: False, using: 0 TPU cores
IPU available: False, using: 0 IPUs
HPU available: False, using: 0 HPUs
Initializing distributed: GLOBAL_RANK: 0, MEMBER: 1/8
Initializing distributed: GLOBAL_RANK: 7, MEMBER: 8/8
Initializing distributed: GLOBAL_RANK: 2, MEMBER: 3/8
Initializing distributed: GLOBAL_RANK: 3, MEMBER: 4/8
----------------------------------------------------------------------------------------------------
distributed_backend=nccl
All distributed processes registered. Starting with 8 processes
----------------------------------------------------------------------------------------------------

You are using a CUDA device ('NVIDIA A100-SXM4-40GB') that has Tensor Cores. To properly utilize them, you should set `torch.set_float32_matmul_precision('medium' | 'high')` which will trade-off precision for performance. For more details, read https://pytorch.org/docs/stable/generated/torch.set_float32_matmul_precision.html#torch.set_float32_matmul_precision
LOCAL_RANK: 0 - CUDA_VISIBLE_DEVICES: [0,1,2,3]
LOCAL_RANK: 1 - CUDA_VISIBLE_DEVICES: [0,1,2,3]
LOCAL_RANK: 2 - CUDA_VISIBLE_DEVICES: [0,1,2,3]
LOCAL_RANK: 3 - CUDA_VISIBLE_DEVICES: [0,1,2,3]
LOCAL_RANK: 0 - CUDA_VISIBLE_DEVICES: [0,1,2,3]
LOCAL_RANK: 1 - CUDA_VISIBLE_DEVICES: [0,1,2,3]
LOCAL_RANK: 2 - CUDA_VISIBLE_DEVICES: [0,1,2,3]
LOCAL_RANK: 3 - CUDA_VISIBLE_DEVICES: [0,1,2,3]

  | Name      | Type             | Params
-----------------------------------------------
0 | model     | Eva              | 304 M 
1 | criterion | CrossEntropyLoss | 0     
-----------------------------------------------
304 M     Trainable params
0         Non-trainable params
304 M     Total params
1,216.229 Total estimated model params size (MB)
SLURM auto-requeueing enabled. Setting signal handlers.
SLURM auto-requeueing enabled. Setting signal handlers.
SLURM auto-requeueing enabled. Setting signal handlers.
SLURM auto-requeueing enabled. Setting signal handlers.
SLURM auto-requeueing enabled. Setting signal handlers.
SLURM auto-requeueing enabled. Setting signal handlers.
SLURM auto-requeueing enabled. Setting signal handlers.
SLURM auto-requeueing enabled. Setting signal handlers.
/ceph/hpc/data/st2207-pgp-users/ldragar/pytorch_env/lib/python3.10/site-packages/pytorch_lightning/loops/fit_loop.py:281: PossibleUserWarning: The number of training batches (1) is smaller than the logging interval Trainer(log_every_n_steps=50). Set a lower value for log_every_n_steps if you want to see logs for the training epoch.
  rank_zero_warn(
`Trainer.fit` stopped: `max_epochs=10` reached.
wandb: Waiting for W&B process to finish... (success).
wandb: 
wandb: Run history:
wandb:               epoch ▁▂▃▃▄▅▆▆▇█
wandb:    train_loss_epoch ▆▆▅▄█▁▂▆▂▄
wandb: trainer/global_step ▁▂▃▃▄▅▆▆▇█
wandb: 
wandb: Run summary:
wandb:               epoch 9
wandb:    train_loss_epoch 0.66194
wandb: trainer/global_step 9
wandb: 
wandb: 🚀 View run eva02_large_patch14_448.mim_m38m_ft_in22k_in1k at: https://wandb.ai/luka_borut/borut_pretrain/runs/sr49vj52
wandb: Synced 3 W&B file(s), 0 media file(s), 0 artifact file(s) and 0 other file(s)
wandb: Find logs at: ./wandb/run-20231030_024449-sr49vj52/logs
2023-10-30 02:46:10,727 - wandb.wandb_agent - INFO - Cleaning up finished run: sr49vj52
2023-10-30 02:46:11,091 - wandb.wandb_agent - INFO - Agent received command: exit
2023-10-30 02:46:11,091 - wandb.wandb_agent - INFO - Received exit command. Killing runs and quitting.
wandb: Terminating and syncing runs. Press ctrl-c to kill.
