start
imports done
wandb run 91z6toc7
model_name convnext_xlarge_384_in22ft1k
resolution 384
Timm data_cfg {'input_size': (3, 384, 384), 'interpolation': 'bicubic', 'mean': (0.485, 0.456, 0.406), 'std': (0.229, 0.224, 0.225), 'crop_pct': 1.0, 'crop_mode': 'squash'}
using norm_std (0.229, 0.224, 0.225)
using norm_mean (0.485, 0.456, 0.406)
found ['/ceph/hpc/data/st2207-pgp-users/models_luka/convnext_xlarge_384_in22ft1k/91z6toc7/convnext_xlarge_384_in22ft1k-epoch=00-val_loss=0.15-train_loss=0.16.ckpt', '/ceph/hpc/data/st2207-pgp-users/models_luka/convnext_xlarge_384_in22ft1k/91z6toc7/convnext_xlarge_384_in22ft1k-epoch=01-val_loss=0.17-train_loss=0.10.ckpt', '/ceph/hpc/data/st2207-pgp-users/models_luka/convnext_xlarge_384_in22ft1k/91z6toc7/convnext_xlarge_384_in22ft1k-epoch=02-val_loss=0.07-train_loss=0.08.ckpt', '/ceph/hpc/data/st2207-pgp-users/models_luka/convnext_xlarge_384_in22ft1k/91z6toc7/convnext_xlarge_384_in22ft1k-epoch=03-val_loss=0.14-train_loss=0.07.ckpt', '/ceph/hpc/data/st2207-pgp-users/models_luka/convnext_xlarge_384_in22ft1k/91z6toc7/convnext_xlarge_384_in22ft1k-epoch=04-val_loss=0.13-train_loss=0.06.ckpt', '/ceph/hpc/data/st2207-pgp-users/models_luka/convnext_xlarge_384_in22ft1k/91z6toc7/convnext_xlarge_384_in22ft1k-epoch=05-val_loss=0.13-train_loss=0.06.ckpt', '/ceph/hpc/data/st2207-pgp-users/models_luka/convnext_xlarge_384_in22ft1k/91z6toc7/convnext_xlarge_384_in22ft1k-epoch=06-val_loss=0.07-train_loss=0.04.ckpt', '/ceph/hpc/data/st2207-pgp-users/models_luka/convnext_xlarge_384_in22ft1k/91z6toc7/convnext_xlarge_384_in22ft1k-epoch=07-val_loss=0.05-train_loss=0.03.ckpt', '/ceph/hpc/data/st2207-pgp-users/models_luka/convnext_xlarge_384_in22ft1k/91z6toc7/convnext_xlarge_384_in22ft1k-epoch=08-val_loss=0.07-train_loss=0.03.ckpt', '/ceph/hpc/data/st2207-pgp-users/models_luka/convnext_xlarge_384_in22ft1k/91z6toc7/convnext_xlarge_384_in22ft1k-epoch=09-val_loss=0.02-train_loss=0.03.ckpt', '/ceph/hpc/data/st2207-pgp-users/models_luka/convnext_xlarge_384_in22ft1k/91z6toc7/convnext_xlarge_384_in22ft1k-epoch=10-val_loss=0.07-train_loss=0.03.ckpt', '/ceph/hpc/data/st2207-pgp-users/models_luka/convnext_xlarge_384_in22ft1k/91z6toc7/convnext_xlarge_384_in22ft1k-epoch=11-val_loss=0.02-train_loss=0.03.ckpt', '/ceph/hpc/data/st2207-pgp-users/models_luka/convnext_xlarge_384_in22ft1k/91z6toc7/convnext_xlarge_384_in22ft1k-epoch=12-val_loss=0.05-train_loss=0.03.ckpt', '/ceph/hpc/data/st2207-pgp-users/models_luka/convnext_xlarge_384_in22ft1k/91z6toc7/convnext_xlarge_384_in22ft1k-epoch=13-val_loss=0.03-train_loss=0.02.ckpt', '/ceph/hpc/data/st2207-pgp-users/models_luka/convnext_xlarge_384_in22ft1k/91z6toc7/convnext_xlarge_384_in22ft1k-epoch=14-val_loss=0.02-train_loss=0.02.ckpt', '/ceph/hpc/data/st2207-pgp-users/models_luka/convnext_xlarge_384_in22ft1k/91z6toc7/convnext_xlarge_384_in22ft1k-epoch=15-val_loss=0.02-train_loss=0.02.ckpt', '/ceph/hpc/data/st2207-pgp-users/models_luka/convnext_xlarge_384_in22ft1k/91z6toc7/convnext_xlarge_384_in22ft1k-epoch=16-val_loss=0.07-train_loss=0.02.ckpt', '/ceph/hpc/data/st2207-pgp-users/models_luka/convnext_xlarge_384_in22ft1k/91z6toc7/convnext_xlarge_384_in22ft1k-epoch=17-val_loss=0.04-train_loss=0.02.ckpt', '/ceph/hpc/data/st2207-pgp-users/models_luka/convnext_xlarge_384_in22ft1k/91z6toc7/convnext_xlarge_384_in22ft1k-epoch=18-val_loss=0.03-train_loss=0.02.ckpt', '/ceph/hpc/data/st2207-pgp-users/models_luka/convnext_xlarge_384_in22ft1k/91z6toc7/convnext_xlarge_384_in22ft1k-epoch=19-val_loss=0.03-train_loss=0.02.ckpt', '/ceph/hpc/data/st2207-pgp-users/models_luka/convnext_xlarge_384_in22ft1k/91z6toc7/convnext_xlarge_384_in22ft1k-epoch=20-val_loss=0.04-train_loss=0.02.ckpt', '/ceph/hpc/data/st2207-pgp-users/models_luka/convnext_xlarge_384_in22ft1k/91z6toc7/convnext_xlarge_384_in22ft1k-epoch=21-val_loss=0.02-train_loss=0.02.ckpt', '/ceph/hpc/data/st2207-pgp-users/models_luka/convnext_xlarge_384_in22ft1k/91z6toc7/convnext_xlarge_384_in22ft1k-epoch=22-val_loss=0.02-train_loss=0.02.ckpt', '/ceph/hpc/data/st2207-pgp-users/models_luka/convnext_xlarge_384_in22ft1k/91z6toc7/convnext_xlarge_384_in22ft1k-epoch=23-val_loss=0.00-train_loss=0.02.ckpt', '/ceph/hpc/data/st2207-pgp-users/models_luka/convnext_xlarge_384_in22ft1k/91z6toc7/convnext_xlarge_384_in22ft1k-epoch=24-val_loss=0.02-train_loss=0.02.ckpt', '/ceph/hpc/data/st2207-pgp-users/models_luka/convnext_xlarge_384_in22ft1k/91z6toc7/convnext_xlarge_384_in22ft1k-epoch=25-val_loss=0.03-train_loss=0.02.ckpt', '/ceph/hpc/data/st2207-pgp-users/models_luka/convnext_xlarge_384_in22ft1k/91z6toc7/convnext_xlarge_384_in22ft1k-epoch=26-val_loss=0.01-train_loss=0.02.ckpt', '/ceph/hpc/data/st2207-pgp-users/models_luka/convnext_xlarge_384_in22ft1k/91z6toc7/convnext_xlarge_384_in22ft1k-epoch=27-val_loss=0.01-train_loss=0.02.ckpt', '/ceph/hpc/data/st2207-pgp-users/models_luka/convnext_xlarge_384_in22ft1k/91z6toc7/convnext_xlarge_384_in22ft1k-epoch=28-val_loss=0.01-train_loss=0.02.ckpt', '/ceph/hpc/data/st2207-pgp-users/models_luka/convnext_xlarge_384_in22ft1k/91z6toc7/convnext_xlarge_384_in22ft1k-epoch=29-val_loss=0.01-train_loss=0.02.ckpt', '/ceph/hpc/data/st2207-pgp-users/models_luka/convnext_xlarge_384_in22ft1k/91z6toc7/convnext_xlarge_384_in22ft1k-epoch=30-val_loss=0.00-train_loss=0.02.ckpt', '/ceph/hpc/data/st2207-pgp-users/models_luka/convnext_xlarge_384_in22ft1k/91z6toc7/convnext_xlarge_384_in22ft1k-epoch=31-val_loss=0.01-train_loss=0.02.ckpt']
epoch 00
AUC score for model /ceph/hpc/data/st2207-pgp-users/models_luka/convnext_xlarge_384_in22ft1k/91z6toc7/convnext_xlarge_384_in22ft1k-epoch=00-val_loss=0.15-train_loss=0.16.ckpt is 0.856664
new best_auc 0.8566643759845695
epoch 01
AUC score for model /ceph/hpc/data/st2207-pgp-users/models_luka/convnext_xlarge_384_in22ft1k/91z6toc7/convnext_xlarge_384_in22ft1k-epoch=01-val_loss=0.17-train_loss=0.10.ckpt is 0.871289
new best_auc 0.8712888147746407
epoch 02
AUC score for model /ceph/hpc/data/st2207-pgp-users/models_luka/convnext_xlarge_384_in22ft1k/91z6toc7/convnext_xlarge_384_in22ft1k-epoch=02-val_loss=0.07-train_loss=0.08.ckpt is 0.915307
new best_auc 0.915306556208079
epoch 03
AUC score for model /ceph/hpc/data/st2207-pgp-users/models_luka/convnext_xlarge_384_in22ft1k/91z6toc7/convnext_xlarge_384_in22ft1k-epoch=03-val_loss=0.14-train_loss=0.07.ckpt is 0.911689
epoch 04
AUC score for model /ceph/hpc/data/st2207-pgp-users/models_luka/convnext_xlarge_384_in22ft1k/91z6toc7/convnext_xlarge_384_in22ft1k-epoch=04-val_loss=0.13-train_loss=0.06.ckpt is 0.908026
epoch 05
AUC score for model /ceph/hpc/data/st2207-pgp-users/models_luka/convnext_xlarge_384_in22ft1k/91z6toc7/convnext_xlarge_384_in22ft1k-epoch=05-val_loss=0.13-train_loss=0.06.ckpt is 0.887368
epoch 06
AUC score for model /ceph/hpc/data/st2207-pgp-users/models_luka/convnext_xlarge_384_in22ft1k/91z6toc7/convnext_xlarge_384_in22ft1k-epoch=06-val_loss=0.07-train_loss=0.04.ckpt is 0.891363
epoch 07
AUC score for model /ceph/hpc/data/st2207-pgp-users/models_luka/convnext_xlarge_384_in22ft1k/91z6toc7/convnext_xlarge_384_in22ft1k-epoch=07-val_loss=0.05-train_loss=0.03.ckpt is 0.890950
epoch 08
AUC score for model /ceph/hpc/data/st2207-pgp-users/models_luka/convnext_xlarge_384_in22ft1k/91z6toc7/convnext_xlarge_384_in22ft1k-epoch=08-val_loss=0.07-train_loss=0.03.ckpt is 0.907775
epoch 09
AUC score for model /ceph/hpc/data/st2207-pgp-users/models_luka/convnext_xlarge_384_in22ft1k/91z6toc7/convnext_xlarge_384_in22ft1k-epoch=09-val_loss=0.02-train_loss=0.03.ckpt is 0.885508
epoch 10
AUC score for model /ceph/hpc/data/st2207-pgp-users/models_luka/convnext_xlarge_384_in22ft1k/91z6toc7/convnext_xlarge_384_in22ft1k-epoch=10-val_loss=0.07-train_loss=0.03.ckpt is 0.887391
epoch 11
AUC score for model /ceph/hpc/data/st2207-pgp-users/models_luka/convnext_xlarge_384_in22ft1k/91z6toc7/convnext_xlarge_384_in22ft1k-epoch=11-val_loss=0.02-train_loss=0.03.ckpt is 0.896483
epoch 12
AUC score for model /ceph/hpc/data/st2207-pgp-users/models_luka/convnext_xlarge_384_in22ft1k/91z6toc7/convnext_xlarge_384_in22ft1k-epoch=12-val_loss=0.05-train_loss=0.03.ckpt is 0.889140
epoch 13
AUC score for model /ceph/hpc/data/st2207-pgp-users/models_luka/convnext_xlarge_384_in22ft1k/91z6toc7/convnext_xlarge_384_in22ft1k-epoch=13-val_loss=0.03-train_loss=0.02.ckpt is 0.888634
epoch 14
AUC score for model /ceph/hpc/data/st2207-pgp-users/models_luka/convnext_xlarge_384_in22ft1k/91z6toc7/convnext_xlarge_384_in22ft1k-epoch=14-val_loss=0.02-train_loss=0.02.ckpt is 0.887675
epoch 15
AUC score for model /ceph/hpc/data/st2207-pgp-users/models_luka/convnext_xlarge_384_in22ft1k/91z6toc7/convnext_xlarge_384_in22ft1k-epoch=15-val_loss=0.02-train_loss=0.02.ckpt is 0.884351
epoch 16
AUC score for model /ceph/hpc/data/st2207-pgp-users/models_luka/convnext_xlarge_384_in22ft1k/91z6toc7/convnext_xlarge_384_in22ft1k-epoch=16-val_loss=0.07-train_loss=0.02.ckpt is 0.884812
epoch 17
AUC score for model /ceph/hpc/data/st2207-pgp-users/models_luka/convnext_xlarge_384_in22ft1k/91z6toc7/convnext_xlarge_384_in22ft1k-epoch=17-val_loss=0.04-train_loss=0.02.ckpt is 0.884668
epoch 18
AUC score for model /ceph/hpc/data/st2207-pgp-users/models_luka/convnext_xlarge_384_in22ft1k/91z6toc7/convnext_xlarge_384_in22ft1k-epoch=18-val_loss=0.03-train_loss=0.02.ckpt is 0.885048
epoch 19
AUC score for model /ceph/hpc/data/st2207-pgp-users/models_luka/convnext_xlarge_384_in22ft1k/91z6toc7/convnext_xlarge_384_in22ft1k-epoch=19-val_loss=0.03-train_loss=0.02.ckpt is 0.885090
epoch 20
AUC score for model /ceph/hpc/data/st2207-pgp-users/models_luka/convnext_xlarge_384_in22ft1k/91z6toc7/convnext_xlarge_384_in22ft1k-epoch=20-val_loss=0.04-train_loss=0.02.ckpt is 0.885114
epoch 21
AUC score for model /ceph/hpc/data/st2207-pgp-users/models_luka/convnext_xlarge_384_in22ft1k/91z6toc7/convnext_xlarge_384_in22ft1k-epoch=21-val_loss=0.02-train_loss=0.02.ckpt is 0.885105
epoch 22
AUC score for model /ceph/hpc/data/st2207-pgp-users/models_luka/convnext_xlarge_384_in22ft1k/91z6toc7/convnext_xlarge_384_in22ft1k-epoch=22-val_loss=0.02-train_loss=0.02.ckpt is 0.885153
epoch 23
AUC score for model /ceph/hpc/data/st2207-pgp-users/models_luka/convnext_xlarge_384_in22ft1k/91z6toc7/convnext_xlarge_384_in22ft1k-epoch=23-val_loss=0.00-train_loss=0.02.ckpt is 0.885219
epoch 24
AUC score for model /ceph/hpc/data/st2207-pgp-users/models_luka/convnext_xlarge_384_in22ft1k/91z6toc7/convnext_xlarge_384_in22ft1k-epoch=24-val_loss=0.02-train_loss=0.02.ckpt is 0.885231
epoch 25
AUC score for model /ceph/hpc/data/st2207-pgp-users/models_luka/convnext_xlarge_384_in22ft1k/91z6toc7/convnext_xlarge_384_in22ft1k-epoch=25-val_loss=0.03-train_loss=0.02.ckpt is 0.885279
epoch 26
AUC score for model /ceph/hpc/data/st2207-pgp-users/models_luka/convnext_xlarge_384_in22ft1k/91z6toc7/convnext_xlarge_384_in22ft1k-epoch=26-val_loss=0.01-train_loss=0.02.ckpt is 0.885333
epoch 27
AUC score for model /ceph/hpc/data/st2207-pgp-users/models_luka/convnext_xlarge_384_in22ft1k/91z6toc7/convnext_xlarge_384_in22ft1k-epoch=27-val_loss=0.01-train_loss=0.02.ckpt is 0.885361
epoch 28
AUC score for model /ceph/hpc/data/st2207-pgp-users/models_luka/convnext_xlarge_384_in22ft1k/91z6toc7/convnext_xlarge_384_in22ft1k-epoch=28-val_loss=0.01-train_loss=0.02.ckpt is 0.885383
epoch 29
AUC score for model /ceph/hpc/data/st2207-pgp-users/models_luka/convnext_xlarge_384_in22ft1k/91z6toc7/convnext_xlarge_384_in22ft1k-epoch=29-val_loss=0.01-train_loss=0.02.ckpt is 0.885423
epoch 30
AUC score for model /ceph/hpc/data/st2207-pgp-users/models_luka/convnext_xlarge_384_in22ft1k/91z6toc7/convnext_xlarge_384_in22ft1k-epoch=30-val_loss=0.00-train_loss=0.02.ckpt is 0.885403
epoch 31
AUC score for model /ceph/hpc/data/st2207-pgp-users/models_luka/convnext_xlarge_384_in22ft1k/91z6toc7/convnext_xlarge_384_in22ft1k-epoch=31-val_loss=0.01-train_loss=0.02.ckpt is 0.885398
