start
imports done
wandb run 39w97nsi
model_name swin_large_patch4_window12_384.ms_in22k_ft_in1k
resolution 384
Timm data_cfg {'input_size': (3, 384, 384), 'interpolation': 'bicubic', 'mean': (0.485, 0.456, 0.406), 'std': (0.229, 0.224, 0.225), 'crop_pct': 1.0, 'crop_mode': 'center'}
using norm_std (0.229, 0.224, 0.225)
using norm_mean (0.485, 0.456, 0.406)
found ['/ceph/hpc/data/st2207-pgp-users/models_luka/swin_large_patch4_window12_384.ms_in22k_ft_in1k/39w97nsi/swin_large_patch4_window12_384.ms_in22k_ft_in1k-epoch=00-val_loss=0.28-train_loss=0.18.ckpt', '/ceph/hpc/data/st2207-pgp-users/models_luka/swin_large_patch4_window12_384.ms_in22k_ft_in1k/39w97nsi/swin_large_patch4_window12_384.ms_in22k_ft_in1k-epoch=01-val_loss=0.13-train_loss=0.11.ckpt', '/ceph/hpc/data/st2207-pgp-users/models_luka/swin_large_patch4_window12_384.ms_in22k_ft_in1k/39w97nsi/swin_large_patch4_window12_384.ms_in22k_ft_in1k-epoch=02-val_loss=0.08-train_loss=0.10.ckpt', '/ceph/hpc/data/st2207-pgp-users/models_luka/swin_large_patch4_window12_384.ms_in22k_ft_in1k/39w97nsi/swin_large_patch4_window12_384.ms_in22k_ft_in1k-epoch=03-val_loss=0.15-train_loss=0.09.ckpt', '/ceph/hpc/data/st2207-pgp-users/models_luka/swin_large_patch4_window12_384.ms_in22k_ft_in1k/39w97nsi/swin_large_patch4_window12_384.ms_in22k_ft_in1k-epoch=04-val_loss=0.11-train_loss=0.08.ckpt', '/ceph/hpc/data/st2207-pgp-users/models_luka/swin_large_patch4_window12_384.ms_in22k_ft_in1k/39w97nsi/swin_large_patch4_window12_384.ms_in22k_ft_in1k-epoch=05-val_loss=0.15-train_loss=0.07.ckpt', '/ceph/hpc/data/st2207-pgp-users/models_luka/swin_large_patch4_window12_384.ms_in22k_ft_in1k/39w97nsi/swin_large_patch4_window12_384.ms_in22k_ft_in1k-epoch=06-val_loss=0.08-train_loss=0.05.ckpt', '/ceph/hpc/data/st2207-pgp-users/models_luka/swin_large_patch4_window12_384.ms_in22k_ft_in1k/39w97nsi/swin_large_patch4_window12_384.ms_in22k_ft_in1k-epoch=07-val_loss=0.08-train_loss=0.04.ckpt', '/ceph/hpc/data/st2207-pgp-users/models_luka/swin_large_patch4_window12_384.ms_in22k_ft_in1k/39w97nsi/swin_large_patch4_window12_384.ms_in22k_ft_in1k-epoch=08-val_loss=0.07-train_loss=0.04.ckpt', '/ceph/hpc/data/st2207-pgp-users/models_luka/swin_large_patch4_window12_384.ms_in22k_ft_in1k/39w97nsi/swin_large_patch4_window12_384.ms_in22k_ft_in1k-epoch=09-val_loss=0.07-train_loss=0.04.ckpt', '/ceph/hpc/data/st2207-pgp-users/models_luka/swin_large_patch4_window12_384.ms_in22k_ft_in1k/39w97nsi/swin_large_patch4_window12_384.ms_in22k_ft_in1k-epoch=10-val_loss=0.08-train_loss=0.04.ckpt', '/ceph/hpc/data/st2207-pgp-users/models_luka/swin_large_patch4_window12_384.ms_in22k_ft_in1k/39w97nsi/swin_large_patch4_window12_384.ms_in22k_ft_in1k-epoch=11-val_loss=0.07-train_loss=0.04.ckpt', '/ceph/hpc/data/st2207-pgp-users/models_luka/swin_large_patch4_window12_384.ms_in22k_ft_in1k/39w97nsi/swin_large_patch4_window12_384.ms_in22k_ft_in1k-epoch=12-val_loss=0.12-train_loss=0.03.ckpt', '/ceph/hpc/data/st2207-pgp-users/models_luka/swin_large_patch4_window12_384.ms_in22k_ft_in1k/39w97nsi/swin_large_patch4_window12_384.ms_in22k_ft_in1k-epoch=13-val_loss=0.06-train_loss=0.03.ckpt', '/ceph/hpc/data/st2207-pgp-users/models_luka/swin_large_patch4_window12_384.ms_in22k_ft_in1k/39w97nsi/swin_large_patch4_window12_384.ms_in22k_ft_in1k-epoch=14-val_loss=0.04-train_loss=0.03.ckpt', '/ceph/hpc/data/st2207-pgp-users/models_luka/swin_large_patch4_window12_384.ms_in22k_ft_in1k/39w97nsi/swin_large_patch4_window12_384.ms_in22k_ft_in1k-epoch=15-val_loss=0.02-train_loss=0.03.ckpt', '/ceph/hpc/data/st2207-pgp-users/models_luka/swin_large_patch4_window12_384.ms_in22k_ft_in1k/39w97nsi/swin_large_patch4_window12_384.ms_in22k_ft_in1k-epoch=16-val_loss=0.04-train_loss=0.03.ckpt', '/ceph/hpc/data/st2207-pgp-users/models_luka/swin_large_patch4_window12_384.ms_in22k_ft_in1k/39w97nsi/swin_large_patch4_window12_384.ms_in22k_ft_in1k-epoch=17-val_loss=0.09-train_loss=0.03.ckpt', '/ceph/hpc/data/st2207-pgp-users/models_luka/swin_large_patch4_window12_384.ms_in22k_ft_in1k/39w97nsi/swin_large_patch4_window12_384.ms_in22k_ft_in1k-epoch=18-val_loss=0.08-train_loss=0.03.ckpt', '/ceph/hpc/data/st2207-pgp-users/models_luka/swin_large_patch4_window12_384.ms_in22k_ft_in1k/39w97nsi/swin_large_patch4_window12_384.ms_in22k_ft_in1k-epoch=19-val_loss=0.02-train_loss=0.03.ckpt', '/ceph/hpc/data/st2207-pgp-users/models_luka/swin_large_patch4_window12_384.ms_in22k_ft_in1k/39w97nsi/swin_large_patch4_window12_384.ms_in22k_ft_in1k-epoch=20-val_loss=0.06-train_loss=0.03.ckpt', '/ceph/hpc/data/st2207-pgp-users/models_luka/swin_large_patch4_window12_384.ms_in22k_ft_in1k/39w97nsi/swin_large_patch4_window12_384.ms_in22k_ft_in1k-epoch=21-val_loss=0.02-train_loss=0.03.ckpt', '/ceph/hpc/data/st2207-pgp-users/models_luka/swin_large_patch4_window12_384.ms_in22k_ft_in1k/39w97nsi/swin_large_patch4_window12_384.ms_in22k_ft_in1k-epoch=22-val_loss=0.05-train_loss=0.03.ckpt', '/ceph/hpc/data/st2207-pgp-users/models_luka/swin_large_patch4_window12_384.ms_in22k_ft_in1k/39w97nsi/swin_large_patch4_window12_384.ms_in22k_ft_in1k-epoch=23-val_loss=0.04-train_loss=0.03.ckpt', '/ceph/hpc/data/st2207-pgp-users/models_luka/swin_large_patch4_window12_384.ms_in22k_ft_in1k/39w97nsi/swin_large_patch4_window12_384.ms_in22k_ft_in1k-epoch=24-val_loss=0.02-train_loss=0.03.ckpt', '/ceph/hpc/data/st2207-pgp-users/models_luka/swin_large_patch4_window12_384.ms_in22k_ft_in1k/39w97nsi/swin_large_patch4_window12_384.ms_in22k_ft_in1k-epoch=25-val_loss=0.03-train_loss=0.03.ckpt', '/ceph/hpc/data/st2207-pgp-users/models_luka/swin_large_patch4_window12_384.ms_in22k_ft_in1k/39w97nsi/swin_large_patch4_window12_384.ms_in22k_ft_in1k-epoch=26-val_loss=0.04-train_loss=0.03.ckpt', '/ceph/hpc/data/st2207-pgp-users/models_luka/swin_large_patch4_window12_384.ms_in22k_ft_in1k/39w97nsi/swin_large_patch4_window12_384.ms_in22k_ft_in1k-epoch=27-val_loss=0.02-train_loss=0.03.ckpt', '/ceph/hpc/data/st2207-pgp-users/models_luka/swin_large_patch4_window12_384.ms_in22k_ft_in1k/39w97nsi/swin_large_patch4_window12_384.ms_in22k_ft_in1k-epoch=28-val_loss=0.06-train_loss=0.03.ckpt', '/ceph/hpc/data/st2207-pgp-users/models_luka/swin_large_patch4_window12_384.ms_in22k_ft_in1k/39w97nsi/swin_large_patch4_window12_384.ms_in22k_ft_in1k-epoch=29-val_loss=0.04-train_loss=0.03.ckpt', '/ceph/hpc/data/st2207-pgp-users/models_luka/swin_large_patch4_window12_384.ms_in22k_ft_in1k/39w97nsi/swin_large_patch4_window12_384.ms_in22k_ft_in1k-epoch=30-val_loss=0.05-train_loss=0.03.ckpt', '/ceph/hpc/data/st2207-pgp-users/models_luka/swin_large_patch4_window12_384.ms_in22k_ft_in1k/39w97nsi/swin_large_patch4_window12_384.ms_in22k_ft_in1k-epoch=31-val_loss=0.11-train_loss=0.03.ckpt', '/ceph/hpc/data/st2207-pgp-users/models_luka/swin_large_patch4_window12_384.ms_in22k_ft_in1k/39w97nsi/swin_large_patch4_window12_384.ms_in22k_ft_in1k-epoch=32-val_loss=0.04-train_loss=0.03.ckpt', '/ceph/hpc/data/st2207-pgp-users/models_luka/swin_large_patch4_window12_384.ms_in22k_ft_in1k/39w97nsi/swin_large_patch4_window12_384.ms_in22k_ft_in1k-epoch=33-val_loss=0.06-train_loss=0.03.ckpt', '/ceph/hpc/data/st2207-pgp-users/models_luka/swin_large_patch4_window12_384.ms_in22k_ft_in1k/39w97nsi/swin_large_patch4_window12_384.ms_in22k_ft_in1k-epoch=34-val_loss=0.02-train_loss=0.03.ckpt', '/ceph/hpc/data/st2207-pgp-users/models_luka/swin_large_patch4_window12_384.ms_in22k_ft_in1k/39w97nsi/swin_large_patch4_window12_384.ms_in22k_ft_in1k-epoch=35-val_loss=0.05-train_loss=0.03.ckpt', '/ceph/hpc/data/st2207-pgp-users/models_luka/swin_large_patch4_window12_384.ms_in22k_ft_in1k/39w97nsi/swin_large_patch4_window12_384.ms_in22k_ft_in1k-epoch=36-val_loss=0.02-train_loss=0.03.ckpt', '/ceph/hpc/data/st2207-pgp-users/models_luka/swin_large_patch4_window12_384.ms_in22k_ft_in1k/39w97nsi/swin_large_patch4_window12_384.ms_in22k_ft_in1k-epoch=37-val_loss=0.02-train_loss=0.03.ckpt', '/ceph/hpc/data/st2207-pgp-users/models_luka/swin_large_patch4_window12_384.ms_in22k_ft_in1k/39w97nsi/swin_large_patch4_window12_384.ms_in22k_ft_in1k-epoch=38-val_loss=0.04-train_loss=0.03.ckpt', '/ceph/hpc/data/st2207-pgp-users/models_luka/swin_large_patch4_window12_384.ms_in22k_ft_in1k/39w97nsi/swin_large_patch4_window12_384.ms_in22k_ft_in1k-epoch=39-val_loss=0.08-train_loss=0.03.ckpt', '/ceph/hpc/data/st2207-pgp-users/models_luka/swin_large_patch4_window12_384.ms_in22k_ft_in1k/39w97nsi/swin_large_patch4_window12_384.ms_in22k_ft_in1k-epoch=40-val_loss=0.04-train_loss=0.03.ckpt', '/ceph/hpc/data/st2207-pgp-users/models_luka/swin_large_patch4_window12_384.ms_in22k_ft_in1k/39w97nsi/swin_large_patch4_window12_384.ms_in22k_ft_in1k-epoch=41-val_loss=0.06-train_loss=0.03.ckpt', '/ceph/hpc/data/st2207-pgp-users/models_luka/swin_large_patch4_window12_384.ms_in22k_ft_in1k/39w97nsi/swin_large_patch4_window12_384.ms_in22k_ft_in1k-epoch=42-val_loss=0.07-train_loss=0.03.ckpt', '/ceph/hpc/data/st2207-pgp-users/models_luka/swin_large_patch4_window12_384.ms_in22k_ft_in1k/39w97nsi/swin_large_patch4_window12_384.ms_in22k_ft_in1k-epoch=43-val_loss=0.02-train_loss=0.03.ckpt', '/ceph/hpc/data/st2207-pgp-users/models_luka/swin_large_patch4_window12_384.ms_in22k_ft_in1k/39w97nsi/swin_large_patch4_window12_384.ms_in22k_ft_in1k-epoch=44-val_loss=0.05-train_loss=0.03.ckpt', '/ceph/hpc/data/st2207-pgp-users/models_luka/swin_large_patch4_window12_384.ms_in22k_ft_in1k/39w97nsi/swin_large_patch4_window12_384.ms_in22k_ft_in1k-epoch=45-val_loss=0.06-train_loss=0.03.ckpt']
epoch 00
AUC score for model /ceph/hpc/data/st2207-pgp-users/models_luka/swin_large_patch4_window12_384.ms_in22k_ft_in1k/39w97nsi/swin_large_patch4_window12_384.ms_in22k_ft_in1k-epoch=00-val_loss=0.28-train_loss=0.18.ckpt is 0.846712
new best_auc 0.846712411329478
epoch 01
AUC score for model /ceph/hpc/data/st2207-pgp-users/models_luka/swin_large_patch4_window12_384.ms_in22k_ft_in1k/39w97nsi/swin_large_patch4_window12_384.ms_in22k_ft_in1k-epoch=01-val_loss=0.13-train_loss=0.11.ckpt is 0.877545
new best_auc 0.877544791169981
epoch 02
AUC score for model /ceph/hpc/data/st2207-pgp-users/models_luka/swin_large_patch4_window12_384.ms_in22k_ft_in1k/39w97nsi/swin_large_patch4_window12_384.ms_in22k_ft_in1k-epoch=02-val_loss=0.08-train_loss=0.10.ckpt is 0.839270
epoch 03
AUC score for model /ceph/hpc/data/st2207-pgp-users/models_luka/swin_large_patch4_window12_384.ms_in22k_ft_in1k/39w97nsi/swin_large_patch4_window12_384.ms_in22k_ft_in1k-epoch=03-val_loss=0.15-train_loss=0.09.ckpt is 0.929864
new best_auc 0.9298641714614351
epoch 04
AUC score for model /ceph/hpc/data/st2207-pgp-users/models_luka/swin_large_patch4_window12_384.ms_in22k_ft_in1k/39w97nsi/swin_large_patch4_window12_384.ms_in22k_ft_in1k-epoch=04-val_loss=0.11-train_loss=0.08.ckpt is 0.906510
epoch 05
AUC score for model /ceph/hpc/data/st2207-pgp-users/models_luka/swin_large_patch4_window12_384.ms_in22k_ft_in1k/39w97nsi/swin_large_patch4_window12_384.ms_in22k_ft_in1k-epoch=05-val_loss=0.15-train_loss=0.07.ckpt is 0.865958
epoch 06
AUC score for model /ceph/hpc/data/st2207-pgp-users/models_luka/swin_large_patch4_window12_384.ms_in22k_ft_in1k/39w97nsi/swin_large_patch4_window12_384.ms_in22k_ft_in1k-epoch=06-val_loss=0.08-train_loss=0.05.ckpt is 0.889360
epoch 07
AUC score for model /ceph/hpc/data/st2207-pgp-users/models_luka/swin_large_patch4_window12_384.ms_in22k_ft_in1k/39w97nsi/swin_large_patch4_window12_384.ms_in22k_ft_in1k-epoch=07-val_loss=0.08-train_loss=0.04.ckpt is 0.907369
epoch 08
AUC score for model /ceph/hpc/data/st2207-pgp-users/models_luka/swin_large_patch4_window12_384.ms_in22k_ft_in1k/39w97nsi/swin_large_patch4_window12_384.ms_in22k_ft_in1k-epoch=08-val_loss=0.07-train_loss=0.04.ckpt is 0.906182
epoch 09
AUC score for model /ceph/hpc/data/st2207-pgp-users/models_luka/swin_large_patch4_window12_384.ms_in22k_ft_in1k/39w97nsi/swin_large_patch4_window12_384.ms_in22k_ft_in1k-epoch=09-val_loss=0.07-train_loss=0.04.ckpt is 0.892208
epoch 10
AUC score for model /ceph/hpc/data/st2207-pgp-users/models_luka/swin_large_patch4_window12_384.ms_in22k_ft_in1k/39w97nsi/swin_large_patch4_window12_384.ms_in22k_ft_in1k-epoch=10-val_loss=0.08-train_loss=0.04.ckpt is 0.881104
epoch 11
AUC score for model /ceph/hpc/data/st2207-pgp-users/models_luka/swin_large_patch4_window12_384.ms_in22k_ft_in1k/39w97nsi/swin_large_patch4_window12_384.ms_in22k_ft_in1k-epoch=11-val_loss=0.07-train_loss=0.04.ckpt is 0.902772
epoch 12
AUC score for model /ceph/hpc/data/st2207-pgp-users/models_luka/swin_large_patch4_window12_384.ms_in22k_ft_in1k/39w97nsi/swin_large_patch4_window12_384.ms_in22k_ft_in1k-epoch=12-val_loss=0.12-train_loss=0.03.ckpt is 0.905520
epoch 13
AUC score for model /ceph/hpc/data/st2207-pgp-users/models_luka/swin_large_patch4_window12_384.ms_in22k_ft_in1k/39w97nsi/swin_large_patch4_window12_384.ms_in22k_ft_in1k-epoch=13-val_loss=0.06-train_loss=0.03.ckpt is 0.903168
epoch 14
AUC score for model /ceph/hpc/data/st2207-pgp-users/models_luka/swin_large_patch4_window12_384.ms_in22k_ft_in1k/39w97nsi/swin_large_patch4_window12_384.ms_in22k_ft_in1k-epoch=14-val_loss=0.04-train_loss=0.03.ckpt is 0.902922
epoch 15
AUC score for model /ceph/hpc/data/st2207-pgp-users/models_luka/swin_large_patch4_window12_384.ms_in22k_ft_in1k/39w97nsi/swin_large_patch4_window12_384.ms_in22k_ft_in1k-epoch=15-val_loss=0.02-train_loss=0.03.ckpt is 0.902570
epoch 16
AUC score for model /ceph/hpc/data/st2207-pgp-users/models_luka/swin_large_patch4_window12_384.ms_in22k_ft_in1k/39w97nsi/swin_large_patch4_window12_384.ms_in22k_ft_in1k-epoch=16-val_loss=0.04-train_loss=0.03.ckpt is 0.904714
epoch 17
AUC score for model /ceph/hpc/data/st2207-pgp-users/models_luka/swin_large_patch4_window12_384.ms_in22k_ft_in1k/39w97nsi/swin_large_patch4_window12_384.ms_in22k_ft_in1k-epoch=17-val_loss=0.09-train_loss=0.03.ckpt is 0.903334
epoch 18
AUC score for model /ceph/hpc/data/st2207-pgp-users/models_luka/swin_large_patch4_window12_384.ms_in22k_ft_in1k/39w97nsi/swin_large_patch4_window12_384.ms_in22k_ft_in1k-epoch=18-val_loss=0.08-train_loss=0.03.ckpt is 0.901692
epoch 19
AUC score for model /ceph/hpc/data/st2207-pgp-users/models_luka/swin_large_patch4_window12_384.ms_in22k_ft_in1k/39w97nsi/swin_large_patch4_window12_384.ms_in22k_ft_in1k-epoch=19-val_loss=0.02-train_loss=0.03.ckpt is 0.902187
epoch 20
AUC score for model /ceph/hpc/data/st2207-pgp-users/models_luka/swin_large_patch4_window12_384.ms_in22k_ft_in1k/39w97nsi/swin_large_patch4_window12_384.ms_in22k_ft_in1k-epoch=20-val_loss=0.06-train_loss=0.03.ckpt is 0.902430
epoch 21
AUC score for model /ceph/hpc/data/st2207-pgp-users/models_luka/swin_large_patch4_window12_384.ms_in22k_ft_in1k/39w97nsi/swin_large_patch4_window12_384.ms_in22k_ft_in1k-epoch=21-val_loss=0.02-train_loss=0.03.ckpt is 0.903163
epoch 22
AUC score for model /ceph/hpc/data/st2207-pgp-users/models_luka/swin_large_patch4_window12_384.ms_in22k_ft_in1k/39w97nsi/swin_large_patch4_window12_384.ms_in22k_ft_in1k-epoch=22-val_loss=0.05-train_loss=0.03.ckpt is 0.902806
epoch 23
AUC score for model /ceph/hpc/data/st2207-pgp-users/models_luka/swin_large_patch4_window12_384.ms_in22k_ft_in1k/39w97nsi/swin_large_patch4_window12_384.ms_in22k_ft_in1k-epoch=23-val_loss=0.04-train_loss=0.03.ckpt is 0.902835
epoch 24
AUC score for model /ceph/hpc/data/st2207-pgp-users/models_luka/swin_large_patch4_window12_384.ms_in22k_ft_in1k/39w97nsi/swin_large_patch4_window12_384.ms_in22k_ft_in1k-epoch=24-val_loss=0.02-train_loss=0.03.ckpt is 0.902825
epoch 25
AUC score for model /ceph/hpc/data/st2207-pgp-users/models_luka/swin_large_patch4_window12_384.ms_in22k_ft_in1k/39w97nsi/swin_large_patch4_window12_384.ms_in22k_ft_in1k-epoch=25-val_loss=0.03-train_loss=0.03.ckpt is 0.902925
epoch 26
AUC score for model /ceph/hpc/data/st2207-pgp-users/models_luka/swin_large_patch4_window12_384.ms_in22k_ft_in1k/39w97nsi/swin_large_patch4_window12_384.ms_in22k_ft_in1k-epoch=26-val_loss=0.04-train_loss=0.03.ckpt is 0.902898
epoch 27
AUC score for model /ceph/hpc/data/st2207-pgp-users/models_luka/swin_large_patch4_window12_384.ms_in22k_ft_in1k/39w97nsi/swin_large_patch4_window12_384.ms_in22k_ft_in1k-epoch=27-val_loss=0.02-train_loss=0.03.ckpt is 0.902898
epoch 28
AUC score for model /ceph/hpc/data/st2207-pgp-users/models_luka/swin_large_patch4_window12_384.ms_in22k_ft_in1k/39w97nsi/swin_large_patch4_window12_384.ms_in22k_ft_in1k-epoch=28-val_loss=0.06-train_loss=0.03.ckpt is 0.902896
epoch 29
AUC score for model /ceph/hpc/data/st2207-pgp-users/models_luka/swin_large_patch4_window12_384.ms_in22k_ft_in1k/39w97nsi/swin_large_patch4_window12_384.ms_in22k_ft_in1k-epoch=29-val_loss=0.04-train_loss=0.03.ckpt is 0.902900
epoch 30
AUC score for model /ceph/hpc/data/st2207-pgp-users/models_luka/swin_large_patch4_window12_384.ms_in22k_ft_in1k/39w97nsi/swin_large_patch4_window12_384.ms_in22k_ft_in1k-epoch=30-val_loss=0.05-train_loss=0.03.ckpt is 0.902889
epoch 31
AUC score for model /ceph/hpc/data/st2207-pgp-users/models_luka/swin_large_patch4_window12_384.ms_in22k_ft_in1k/39w97nsi/swin_large_patch4_window12_384.ms_in22k_ft_in1k-epoch=31-val_loss=0.11-train_loss=0.03.ckpt is 0.902898
epoch 32
AUC score for model /ceph/hpc/data/st2207-pgp-users/models_luka/swin_large_patch4_window12_384.ms_in22k_ft_in1k/39w97nsi/swin_large_patch4_window12_384.ms_in22k_ft_in1k-epoch=32-val_loss=0.04-train_loss=0.03.ckpt is 0.902860
epoch 33
AUC score for model /ceph/hpc/data/st2207-pgp-users/models_luka/swin_large_patch4_window12_384.ms_in22k_ft_in1k/39w97nsi/swin_large_patch4_window12_384.ms_in22k_ft_in1k-epoch=33-val_loss=0.06-train_loss=0.03.ckpt is 0.902869
epoch 34
AUC score for model /ceph/hpc/data/st2207-pgp-users/models_luka/swin_large_patch4_window12_384.ms_in22k_ft_in1k/39w97nsi/swin_large_patch4_window12_384.ms_in22k_ft_in1k-epoch=34-val_loss=0.02-train_loss=0.03.ckpt is 0.902878
epoch 35
AUC score for model /ceph/hpc/data/st2207-pgp-users/models_luka/swin_large_patch4_window12_384.ms_in22k_ft_in1k/39w97nsi/swin_large_patch4_window12_384.ms_in22k_ft_in1k-epoch=35-val_loss=0.05-train_loss=0.03.ckpt is 0.902892
epoch 36
AUC score for model /ceph/hpc/data/st2207-pgp-users/models_luka/swin_large_patch4_window12_384.ms_in22k_ft_in1k/39w97nsi/swin_large_patch4_window12_384.ms_in22k_ft_in1k-epoch=36-val_loss=0.02-train_loss=0.03.ckpt is 0.902933
epoch 37
AUC score for model /ceph/hpc/data/st2207-pgp-users/models_luka/swin_large_patch4_window12_384.ms_in22k_ft_in1k/39w97nsi/swin_large_patch4_window12_384.ms_in22k_ft_in1k-epoch=37-val_loss=0.02-train_loss=0.03.ckpt is 0.902897
epoch 38
AUC score for model /ceph/hpc/data/st2207-pgp-users/models_luka/swin_large_patch4_window12_384.ms_in22k_ft_in1k/39w97nsi/swin_large_patch4_window12_384.ms_in22k_ft_in1k-epoch=38-val_loss=0.04-train_loss=0.03.ckpt is 0.902922
epoch 39
AUC score for model /ceph/hpc/data/st2207-pgp-users/models_luka/swin_large_patch4_window12_384.ms_in22k_ft_in1k/39w97nsi/swin_large_patch4_window12_384.ms_in22k_ft_in1k-epoch=39-val_loss=0.08-train_loss=0.03.ckpt is 0.902970
epoch 40
AUC score for model /ceph/hpc/data/st2207-pgp-users/models_luka/swin_large_patch4_window12_384.ms_in22k_ft_in1k/39w97nsi/swin_large_patch4_window12_384.ms_in22k_ft_in1k-epoch=40-val_loss=0.04-train_loss=0.03.ckpt is 0.902959
epoch 41
AUC score for model /ceph/hpc/data/st2207-pgp-users/models_luka/swin_large_patch4_window12_384.ms_in22k_ft_in1k/39w97nsi/swin_large_patch4_window12_384.ms_in22k_ft_in1k-epoch=41-val_loss=0.06-train_loss=0.03.ckpt is 0.903029
epoch 42
AUC score for model /ceph/hpc/data/st2207-pgp-users/models_luka/swin_large_patch4_window12_384.ms_in22k_ft_in1k/39w97nsi/swin_large_patch4_window12_384.ms_in22k_ft_in1k-epoch=42-val_loss=0.07-train_loss=0.03.ckpt is 0.903011
epoch 43
AUC score for model /ceph/hpc/data/st2207-pgp-users/models_luka/swin_large_patch4_window12_384.ms_in22k_ft_in1k/39w97nsi/swin_large_patch4_window12_384.ms_in22k_ft_in1k-epoch=43-val_loss=0.02-train_loss=0.03.ckpt is 0.903011
epoch 44
AUC score for model /ceph/hpc/data/st2207-pgp-users/models_luka/swin_large_patch4_window12_384.ms_in22k_ft_in1k/39w97nsi/swin_large_patch4_window12_384.ms_in22k_ft_in1k-epoch=44-val_loss=0.05-train_loss=0.03.ckpt is 0.903046
epoch 45
AUC score for model /ceph/hpc/data/st2207-pgp-users/models_luka/swin_large_patch4_window12_384.ms_in22k_ft_in1k/39w97nsi/swin_large_patch4_window12_384.ms_in22k_ft_in1k-epoch=45-val_loss=0.06-train_loss=0.03.ckpt is 0.903020
