start
imports done
wandb run x81may9t
model_name swinv2_large_window12to16_192to256.ms_in22k_ft_in1k
resolution 256
Timm data_cfg {'input_size': (3, 256, 256), 'interpolation': 'bicubic', 'mean': (0.485, 0.456, 0.406), 'std': (0.229, 0.224, 0.225), 'crop_pct': 0.9, 'crop_mode': 'center'}
using norm_std (0.229, 0.224, 0.225)
using norm_mean (0.485, 0.456, 0.406)
found ['/ceph/hpc/data/st2207-pgp-users/models_luka/swinv2_large_window12to16_192to256.ms_in22k_ft_in1k/x81may9t/swinv2_large_window12to16_192to256.ms_in22k_ft_in1k-epoch=00-val_loss=0.09-train_loss=0.08.ckpt', '/ceph/hpc/data/st2207-pgp-users/models_luka/swinv2_large_window12to16_192to256.ms_in22k_ft_in1k/x81may9t/swinv2_large_window12to16_192to256.ms_in22k_ft_in1k-epoch=01-val_loss=0.09-train_loss=0.05.ckpt', '/ceph/hpc/data/st2207-pgp-users/models_luka/swinv2_large_window12to16_192to256.ms_in22k_ft_in1k/x81may9t/swinv2_large_window12to16_192to256.ms_in22k_ft_in1k-epoch=02-val_loss=0.12-train_loss=0.04.ckpt', '/ceph/hpc/data/st2207-pgp-users/models_luka/swinv2_large_window12to16_192to256.ms_in22k_ft_in1k/x81may9t/swinv2_large_window12to16_192to256.ms_in22k_ft_in1k-epoch=03-val_loss=0.11-train_loss=0.03.ckpt', '/ceph/hpc/data/st2207-pgp-users/models_luka/swinv2_large_window12to16_192to256.ms_in22k_ft_in1k/x81may9t/swinv2_large_window12to16_192to256.ms_in22k_ft_in1k-epoch=04-val_loss=0.06-train_loss=0.03.ckpt', '/ceph/hpc/data/st2207-pgp-users/models_luka/swinv2_large_window12to16_192to256.ms_in22k_ft_in1k/x81may9t/swinv2_large_window12to16_192to256.ms_in22k_ft_in1k-epoch=05-val_loss=0.06-train_loss=0.03.ckpt', '/ceph/hpc/data/st2207-pgp-users/models_luka/swinv2_large_window12to16_192to256.ms_in22k_ft_in1k/x81may9t/swinv2_large_window12to16_192to256.ms_in22k_ft_in1k-epoch=06-val_loss=0.03-train_loss=0.03.ckpt', '/ceph/hpc/data/st2207-pgp-users/models_luka/swinv2_large_window12to16_192to256.ms_in22k_ft_in1k/x81may9t/swinv2_large_window12to16_192to256.ms_in22k_ft_in1k-epoch=07-val_loss=0.05-train_loss=0.03.ckpt', '/ceph/hpc/data/st2207-pgp-users/models_luka/swinv2_large_window12to16_192to256.ms_in22k_ft_in1k/x81may9t/swinv2_large_window12to16_192to256.ms_in22k_ft_in1k-epoch=08-val_loss=0.04-train_loss=0.03.ckpt', '/ceph/hpc/data/st2207-pgp-users/models_luka/swinv2_large_window12to16_192to256.ms_in22k_ft_in1k/x81may9t/swinv2_large_window12to16_192to256.ms_in22k_ft_in1k-epoch=09-val_loss=0.06-train_loss=0.02.ckpt', '/ceph/hpc/data/st2207-pgp-users/models_luka/swinv2_large_window12to16_192to256.ms_in22k_ft_in1k/x81may9t/swinv2_large_window12to16_192to256.ms_in22k_ft_in1k-epoch=10-val_loss=0.04-train_loss=0.02.ckpt', '/ceph/hpc/data/st2207-pgp-users/models_luka/swinv2_large_window12to16_192to256.ms_in22k_ft_in1k/x81may9t/swinv2_large_window12to16_192to256.ms_in22k_ft_in1k-epoch=11-val_loss=0.03-train_loss=0.01.ckpt', '/ceph/hpc/data/st2207-pgp-users/models_luka/swinv2_large_window12to16_192to256.ms_in22k_ft_in1k/x81may9t/swinv2_large_window12to16_192to256.ms_in22k_ft_in1k-epoch=12-val_loss=0.05-train_loss=0.01.ckpt', '/ceph/hpc/data/st2207-pgp-users/models_luka/swinv2_large_window12to16_192to256.ms_in22k_ft_in1k/x81may9t/swinv2_large_window12to16_192to256.ms_in22k_ft_in1k-epoch=13-val_loss=0.04-train_loss=0.01.ckpt', '/ceph/hpc/data/st2207-pgp-users/models_luka/swinv2_large_window12to16_192to256.ms_in22k_ft_in1k/x81may9t/swinv2_large_window12to16_192to256.ms_in22k_ft_in1k-epoch=14-val_loss=0.03-train_loss=0.01.ckpt', '/ceph/hpc/data/st2207-pgp-users/models_luka/swinv2_large_window12to16_192to256.ms_in22k_ft_in1k/x81may9t/swinv2_large_window12to16_192to256.ms_in22k_ft_in1k-epoch=15-val_loss=0.05-train_loss=0.01.ckpt', '/ceph/hpc/data/st2207-pgp-users/models_luka/swinv2_large_window12to16_192to256.ms_in22k_ft_in1k/x81may9t/swinv2_large_window12to16_192to256.ms_in22k_ft_in1k-epoch=16-val_loss=0.02-train_loss=0.01.ckpt', '/ceph/hpc/data/st2207-pgp-users/models_luka/swinv2_large_window12to16_192to256.ms_in22k_ft_in1k/x81may9t/swinv2_large_window12to16_192to256.ms_in22k_ft_in1k-epoch=17-val_loss=0.03-train_loss=0.01.ckpt', '/ceph/hpc/data/st2207-pgp-users/models_luka/swinv2_large_window12to16_192to256.ms_in22k_ft_in1k/x81may9t/swinv2_large_window12to16_192to256.ms_in22k_ft_in1k-epoch=18-val_loss=0.03-train_loss=0.01.ckpt', '/ceph/hpc/data/st2207-pgp-users/models_luka/swinv2_large_window12to16_192to256.ms_in22k_ft_in1k/x81may9t/swinv2_large_window12to16_192to256.ms_in22k_ft_in1k-epoch=19-val_loss=0.04-train_loss=0.01.ckpt', '/ceph/hpc/data/st2207-pgp-users/models_luka/swinv2_large_window12to16_192to256.ms_in22k_ft_in1k/x81may9t/swinv2_large_window12to16_192to256.ms_in22k_ft_in1k-epoch=20-val_loss=0.04-train_loss=0.01.ckpt', '/ceph/hpc/data/st2207-pgp-users/models_luka/swinv2_large_window12to16_192to256.ms_in22k_ft_in1k/x81may9t/swinv2_large_window12to16_192to256.ms_in22k_ft_in1k-epoch=21-val_loss=0.05-train_loss=0.01.ckpt', '/ceph/hpc/data/st2207-pgp-users/models_luka/swinv2_large_window12to16_192to256.ms_in22k_ft_in1k/x81may9t/swinv2_large_window12to16_192to256.ms_in22k_ft_in1k-epoch=22-val_loss=0.05-train_loss=0.01.ckpt', '/ceph/hpc/data/st2207-pgp-users/models_luka/swinv2_large_window12to16_192to256.ms_in22k_ft_in1k/x81may9t/swinv2_large_window12to16_192to256.ms_in22k_ft_in1k-epoch=23-val_loss=0.02-train_loss=0.01.ckpt', '/ceph/hpc/data/st2207-pgp-users/models_luka/swinv2_large_window12to16_192to256.ms_in22k_ft_in1k/x81may9t/swinv2_large_window12to16_192to256.ms_in22k_ft_in1k-epoch=24-val_loss=0.02-train_loss=0.01.ckpt', '/ceph/hpc/data/st2207-pgp-users/models_luka/swinv2_large_window12to16_192to256.ms_in22k_ft_in1k/x81may9t/swinv2_large_window12to16_192to256.ms_in22k_ft_in1k-epoch=25-val_loss=0.03-train_loss=0.01.ckpt', '/ceph/hpc/data/st2207-pgp-users/models_luka/swinv2_large_window12to16_192to256.ms_in22k_ft_in1k/x81may9t/swinv2_large_window12to16_192to256.ms_in22k_ft_in1k-epoch=26-val_loss=0.03-train_loss=0.01.ckpt', '/ceph/hpc/data/st2207-pgp-users/models_luka/swinv2_large_window12to16_192to256.ms_in22k_ft_in1k/x81may9t/swinv2_large_window12to16_192to256.ms_in22k_ft_in1k-epoch=27-val_loss=0.03-train_loss=0.01.ckpt', '/ceph/hpc/data/st2207-pgp-users/models_luka/swinv2_large_window12to16_192to256.ms_in22k_ft_in1k/x81may9t/swinv2_large_window12to16_192to256.ms_in22k_ft_in1k-epoch=28-val_loss=0.05-train_loss=0.01.ckpt', '/ceph/hpc/data/st2207-pgp-users/models_luka/swinv2_large_window12to16_192to256.ms_in22k_ft_in1k/x81may9t/swinv2_large_window12to16_192to256.ms_in22k_ft_in1k-epoch=29-val_loss=0.03-train_loss=0.01.ckpt', '/ceph/hpc/data/st2207-pgp-users/models_luka/swinv2_large_window12to16_192to256.ms_in22k_ft_in1k/x81may9t/swinv2_large_window12to16_192to256.ms_in22k_ft_in1k-epoch=30-val_loss=0.04-train_loss=0.01.ckpt', '/ceph/hpc/data/st2207-pgp-users/models_luka/swinv2_large_window12to16_192to256.ms_in22k_ft_in1k/x81may9t/swinv2_large_window12to16_192to256.ms_in22k_ft_in1k-epoch=31-val_loss=0.05-train_loss=0.01.ckpt', '/ceph/hpc/data/st2207-pgp-users/models_luka/swinv2_large_window12to16_192to256.ms_in22k_ft_in1k/x81may9t/swinv2_large_window12to16_192to256.ms_in22k_ft_in1k-epoch=32-val_loss=0.03-train_loss=0.01.ckpt', '/ceph/hpc/data/st2207-pgp-users/models_luka/swinv2_large_window12to16_192to256.ms_in22k_ft_in1k/x81may9t/swinv2_large_window12to16_192to256.ms_in22k_ft_in1k-epoch=33-val_loss=0.03-train_loss=0.01.ckpt', '/ceph/hpc/data/st2207-pgp-users/models_luka/swinv2_large_window12to16_192to256.ms_in22k_ft_in1k/x81may9t/swinv2_large_window12to16_192to256.ms_in22k_ft_in1k-epoch=34-val_loss=0.04-train_loss=0.01.ckpt', '/ceph/hpc/data/st2207-pgp-users/models_luka/swinv2_large_window12to16_192to256.ms_in22k_ft_in1k/x81may9t/swinv2_large_window12to16_192to256.ms_in22k_ft_in1k-epoch=35-val_loss=0.05-train_loss=0.01.ckpt', '/ceph/hpc/data/st2207-pgp-users/models_luka/swinv2_large_window12to16_192to256.ms_in22k_ft_in1k/x81may9t/swinv2_large_window12to16_192to256.ms_in22k_ft_in1k-epoch=36-val_loss=0.04-train_loss=0.01.ckpt', '/ceph/hpc/data/st2207-pgp-users/models_luka/swinv2_large_window12to16_192to256.ms_in22k_ft_in1k/x81may9t/swinv2_large_window12to16_192to256.ms_in22k_ft_in1k-epoch=37-val_loss=0.05-train_loss=0.01.ckpt', '/ceph/hpc/data/st2207-pgp-users/models_luka/swinv2_large_window12to16_192to256.ms_in22k_ft_in1k/x81may9t/swinv2_large_window12to16_192to256.ms_in22k_ft_in1k-epoch=38-val_loss=0.03-train_loss=0.01.ckpt', '/ceph/hpc/data/st2207-pgp-users/models_luka/swinv2_large_window12to16_192to256.ms_in22k_ft_in1k/x81may9t/swinv2_large_window12to16_192to256.ms_in22k_ft_in1k-epoch=39-val_loss=0.02-train_loss=0.01.ckpt', '/ceph/hpc/data/st2207-pgp-users/models_luka/swinv2_large_window12to16_192to256.ms_in22k_ft_in1k/x81may9t/swinv2_large_window12to16_192to256.ms_in22k_ft_in1k-epoch=40-val_loss=0.02-train_loss=0.01.ckpt', '/ceph/hpc/data/st2207-pgp-users/models_luka/swinv2_large_window12to16_192to256.ms_in22k_ft_in1k/x81may9t/swinv2_large_window12to16_192to256.ms_in22k_ft_in1k-epoch=41-val_loss=0.03-train_loss=0.01.ckpt', '/ceph/hpc/data/st2207-pgp-users/models_luka/swinv2_large_window12to16_192to256.ms_in22k_ft_in1k/x81may9t/swinv2_large_window12to16_192to256.ms_in22k_ft_in1k-epoch=42-val_loss=0.03-train_loss=0.01.ckpt', '/ceph/hpc/data/st2207-pgp-users/models_luka/swinv2_large_window12to16_192to256.ms_in22k_ft_in1k/x81may9t/swinv2_large_window12to16_192to256.ms_in22k_ft_in1k-epoch=43-val_loss=0.03-train_loss=0.01.ckpt', '/ceph/hpc/data/st2207-pgp-users/models_luka/swinv2_large_window12to16_192to256.ms_in22k_ft_in1k/x81may9t/swinv2_large_window12to16_192to256.ms_in22k_ft_in1k-epoch=44-val_loss=0.04-train_loss=0.01.ckpt', '/ceph/hpc/data/st2207-pgp-users/models_luka/swinv2_large_window12to16_192to256.ms_in22k_ft_in1k/x81may9t/swinv2_large_window12to16_192to256.ms_in22k_ft_in1k-epoch=45-val_loss=0.03-train_loss=0.01.ckpt', '/ceph/hpc/data/st2207-pgp-users/models_luka/swinv2_large_window12to16_192to256.ms_in22k_ft_in1k/x81may9t/swinv2_large_window12to16_192to256.ms_in22k_ft_in1k-epoch=46-val_loss=0.03-train_loss=0.01.ckpt', '/ceph/hpc/data/st2207-pgp-users/models_luka/swinv2_large_window12to16_192to256.ms_in22k_ft_in1k/x81may9t/swinv2_large_window12to16_192to256.ms_in22k_ft_in1k-epoch=47-val_loss=0.05-train_loss=0.01.ckpt', '/ceph/hpc/data/st2207-pgp-users/models_luka/swinv2_large_window12to16_192to256.ms_in22k_ft_in1k/x81may9t/swinv2_large_window12to16_192to256.ms_in22k_ft_in1k-epoch=48-val_loss=0.04-train_loss=0.01.ckpt', '/ceph/hpc/data/st2207-pgp-users/models_luka/swinv2_large_window12to16_192to256.ms_in22k_ft_in1k/x81may9t/swinv2_large_window12to16_192to256.ms_in22k_ft_in1k-epoch=49-val_loss=0.03-train_loss=0.01.ckpt', '/ceph/hpc/data/st2207-pgp-users/models_luka/swinv2_large_window12to16_192to256.ms_in22k_ft_in1k/x81may9t/swinv2_large_window12to16_192to256.ms_in22k_ft_in1k-epoch=50-val_loss=0.03-train_loss=0.01.ckpt', '/ceph/hpc/data/st2207-pgp-users/models_luka/swinv2_large_window12to16_192to256.ms_in22k_ft_in1k/x81may9t/swinv2_large_window12to16_192to256.ms_in22k_ft_in1k-epoch=51-val_loss=0.02-train_loss=0.01.ckpt', '/ceph/hpc/data/st2207-pgp-users/models_luka/swinv2_large_window12to16_192to256.ms_in22k_ft_in1k/x81may9t/swinv2_large_window12to16_192to256.ms_in22k_ft_in1k-epoch=52-val_loss=0.04-train_loss=0.01.ckpt', '/ceph/hpc/data/st2207-pgp-users/models_luka/swinv2_large_window12to16_192to256.ms_in22k_ft_in1k/x81may9t/swinv2_large_window12to16_192to256.ms_in22k_ft_in1k-epoch=53-val_loss=0.04-train_loss=0.01.ckpt', '/ceph/hpc/data/st2207-pgp-users/models_luka/swinv2_large_window12to16_192to256.ms_in22k_ft_in1k/x81may9t/swinv2_large_window12to16_192to256.ms_in22k_ft_in1k-epoch=54-val_loss=0.05-train_loss=0.01.ckpt', '/ceph/hpc/data/st2207-pgp-users/models_luka/swinv2_large_window12to16_192to256.ms_in22k_ft_in1k/x81may9t/swinv2_large_window12to16_192to256.ms_in22k_ft_in1k-epoch=55-val_loss=0.03-train_loss=0.01.ckpt', '/ceph/hpc/data/st2207-pgp-users/models_luka/swinv2_large_window12to16_192to256.ms_in22k_ft_in1k/x81may9t/swinv2_large_window12to16_192to256.ms_in22k_ft_in1k-epoch=56-val_loss=0.03-train_loss=0.01.ckpt', '/ceph/hpc/data/st2207-pgp-users/models_luka/swinv2_large_window12to16_192to256.ms_in22k_ft_in1k/x81may9t/swinv2_large_window12to16_192to256.ms_in22k_ft_in1k-epoch=57-val_loss=0.04-train_loss=0.01.ckpt', '/ceph/hpc/data/st2207-pgp-users/models_luka/swinv2_large_window12to16_192to256.ms_in22k_ft_in1k/x81may9t/swinv2_large_window12to16_192to256.ms_in22k_ft_in1k-epoch=58-val_loss=0.02-train_loss=0.01.ckpt', '/ceph/hpc/data/st2207-pgp-users/models_luka/swinv2_large_window12to16_192to256.ms_in22k_ft_in1k/x81may9t/swinv2_large_window12to16_192to256.ms_in22k_ft_in1k-epoch=59-val_loss=0.03-train_loss=0.01.ckpt', '/ceph/hpc/data/st2207-pgp-users/models_luka/swinv2_large_window12to16_192to256.ms_in22k_ft_in1k/x81may9t/swinv2_large_window12to16_192to256.ms_in22k_ft_in1k_final.ckpt']
epoch 00
skipping 00
epoch 01
skipping 01
epoch 02
skipping 02
epoch 03
skipping 03
epoch 04
skipping 04
epoch 05
skipping 05
epoch 06
skipping 06
epoch 07
skipping 07
epoch 08
skipping 08
epoch 09
skipping 09
epoch 10
skipping 10
epoch 11
skipping 11
epoch 12
skipping 12
epoch 13
skipping 13
epoch 14
skipping 14
epoch 15
skipping 15
epoch 16
skipping 16
epoch 17
skipping 17
epoch 18
skipping 18
epoch 19
skipping 19
epoch 20
skipping 20
epoch 21
skipping 21
epoch 22
skipping 22
epoch 23
skipping 23
epoch 24
skipping 24
epoch 25
skipping 25
epoch 26
skipping 26
epoch 27
skipping 27
epoch 28
skipping 28
epoch 29
skipping 29
epoch 30
skipping 30
epoch 31
skipping 31
epoch 32
skipping 32
epoch 33
skipping 33
epoch 34
skipping 34
epoch 35
skipping 35
epoch 36
skipping 36
epoch 37
skipping 37
epoch 38
skipping 38
epoch 39
AUC@ROC: 0.8695022551865843, threshold:0.072851, EER: 0.2316043425814234, APCER:0.23039806996381182, BPCER:0.23016440314510364, ACER:0.23028123655445773
AUC score for model /ceph/hpc/data/st2207-pgp-users/models_luka/swinv2_large_window12to16_192to256.ms_in22k_ft_in1k/x81may9t/swinv2_large_window12to16_192to256.ms_in22k_ft_in1k-epoch=39-val_loss=0.02-train_loss=0.01.ckpt is 0.869502
new best_auc 0.8695022551865843
epoch 40
AUC@ROC: 0.8695914969420688, threshold:0.07352, EER: 0.2316043425814234, APCER:0.23039806996381182, BPCER:0.23016440314510364, ACER:0.23028123655445773
AUC score for model /ceph/hpc/data/st2207-pgp-users/models_luka/swinv2_large_window12to16_192to256.ms_in22k_ft_in1k/x81may9t/swinv2_large_window12to16_192to256.ms_in22k_ft_in1k-epoch=40-val_loss=0.02-train_loss=0.01.ckpt is 0.869591
new best_auc 0.8695914969420688
epoch 41
AUC@ROC: 0.8695583007335069, threshold:0.073016, EER: 0.2316043425814234, APCER:0.23039806996381182, BPCER:0.23016440314510364, ACER:0.23028123655445773
AUC score for model /ceph/hpc/data/st2207-pgp-users/models_luka/swinv2_large_window12to16_192to256.ms_in22k_ft_in1k/x81may9t/swinv2_large_window12to16_192to256.ms_in22k_ft_in1k-epoch=41-val_loss=0.03-train_loss=0.01.ckpt is 0.869558
epoch 42
AUC@ROC: 0.8695971014967611, threshold:0.073244, EER: 0.2316043425814234, APCER:0.23039806996381182, BPCER:0.23016440314510364, ACER:0.23028123655445773
AUC score for model /ceph/hpc/data/st2207-pgp-users/models_luka/swinv2_large_window12to16_192to256.ms_in22k_ft_in1k/x81may9t/swinv2_large_window12to16_192to256.ms_in22k_ft_in1k-epoch=42-val_loss=0.03-train_loss=0.01.ckpt is 0.869597
new best_auc 0.8695971014967611
epoch 43
AUC@ROC: 0.8696320221836898, threshold:0.072962, EER: 0.23039806996381182, APCER:0.23039806996381182, BPCER:0.23087919942816298, ACER:0.2306386346959874
AUC score for model /ceph/hpc/data/st2207-pgp-users/models_luka/swinv2_large_window12to16_192to256.ms_in22k_ft_in1k/x81may9t/swinv2_large_window12to16_192to256.ms_in22k_ft_in1k-epoch=43-val_loss=0.03-train_loss=0.01.ckpt is 0.869632
new best_auc 0.8696320221836898
epoch 44
AUC@ROC: 0.8696350400208317, threshold:0.071908, EER: 0.23039806996381182, APCER:0.23039806996381182, BPCER:0.23087919942816298, ACER:0.2306386346959874
AUC score for model /ceph/hpc/data/st2207-pgp-users/models_luka/swinv2_large_window12to16_192to256.ms_in22k_ft_in1k/x81may9t/swinv2_large_window12to16_192to256.ms_in22k_ft_in1k-epoch=44-val_loss=0.04-train_loss=0.01.ckpt is 0.869635
new best_auc 0.8696350400208317
epoch 45
AUC@ROC: 0.8698355106309781, threshold:0.072451, EER: 0.23039806996381182, APCER:0.23039806996381182, BPCER:0.23087919942816298, ACER:0.2306386346959874
AUC score for model /ceph/hpc/data/st2207-pgp-users/models_luka/swinv2_large_window12to16_192to256.ms_in22k_ft_in1k/x81may9t/swinv2_large_window12to16_192to256.ms_in22k_ft_in1k-epoch=45-val_loss=0.03-train_loss=0.01.ckpt is 0.869836
new best_auc 0.8698355106309781
epoch 46
AUC@ROC: 0.8699622597909416, threshold:0.072811, EER: 0.2316043425814234, APCER:0.23039806996381182, BPCER:0.23016440314510364, ACER:0.23028123655445773
AUC score for model /ceph/hpc/data/st2207-pgp-users/models_luka/swinv2_large_window12to16_192to256.ms_in22k_ft_in1k/x81may9t/swinv2_large_window12to16_192to256.ms_in22k_ft_in1k-epoch=46-val_loss=0.03-train_loss=0.01.ckpt is 0.869962
new best_auc 0.8699622597909416
epoch 47
AUC@ROC: 0.8700351190019409, threshold:0.072524, EER: 0.2316043425814234, APCER:0.23039806996381182, BPCER:0.23016440314510364, ACER:0.23028123655445773
AUC score for model /ceph/hpc/data/st2207-pgp-users/models_luka/swinv2_large_window12to16_192to256.ms_in22k_ft_in1k/x81may9t/swinv2_large_window12to16_192to256.ms_in22k_ft_in1k-epoch=47-val_loss=0.05-train_loss=0.01.ckpt is 0.870035
new best_auc 0.8700351190019409
epoch 48
AUC@ROC: 0.8701187562027332, threshold:0.072474, EER: 0.2316043425814234, APCER:0.23039806996381182, BPCER:0.23016440314510364, ACER:0.23028123655445773
AUC score for model /ceph/hpc/data/st2207-pgp-users/models_luka/swinv2_large_window12to16_192to256.ms_in22k_ft_in1k/x81may9t/swinv2_large_window12to16_192to256.ms_in22k_ft_in1k-epoch=48-val_loss=0.04-train_loss=0.01.ckpt is 0.870119
new best_auc 0.8701187562027332
epoch 49
AUC@ROC: 0.8701347076276265, threshold:0.072694, EER: 0.2316043425814234, APCER:0.23039806996381182, BPCER:0.23016440314510364, ACER:0.23028123655445773
AUC score for model /ceph/hpc/data/st2207-pgp-users/models_luka/swinv2_large_window12to16_192to256.ms_in22k_ft_in1k/x81may9t/swinv2_large_window12to16_192to256.ms_in22k_ft_in1k-epoch=49-val_loss=0.03-train_loss=0.01.ckpt is 0.870135
new best_auc 0.8701347076276265
epoch 50
AUC@ROC: 0.8701230673986503, threshold:0.072318, EER: 0.2316043425814234, APCER:0.23039806996381182, BPCER:0.23016440314510364, ACER:0.23028123655445773
AUC score for model /ceph/hpc/data/st2207-pgp-users/models_luka/swinv2_large_window12to16_192to256.ms_in22k_ft_in1k/x81may9t/swinv2_large_window12to16_192to256.ms_in22k_ft_in1k-epoch=50-val_loss=0.03-train_loss=0.01.ckpt is 0.870123
epoch 51
AUC@ROC: 0.8701704905537386, threshold:0.072883, EER: 0.2316043425814234, APCER:0.23039806996381182, BPCER:0.23016440314510364, ACER:0.23028123655445773
AUC score for model /ceph/hpc/data/st2207-pgp-users/models_luka/swinv2_large_window12to16_192to256.ms_in22k_ft_in1k/x81may9t/swinv2_large_window12to16_192to256.ms_in22k_ft_in1k-epoch=51-val_loss=0.02-train_loss=0.01.ckpt is 0.870170
new best_auc 0.8701704905537386
epoch 52
AUC@ROC: 0.8701273785945673, threshold:0.073326, EER: 0.2316043425814234, APCER:0.23039806996381182, BPCER:0.23016440314510364, ACER:0.23028123655445773
AUC score for model /ceph/hpc/data/st2207-pgp-users/models_luka/swinv2_large_window12to16_192to256.ms_in22k_ft_in1k/x81may9t/swinv2_large_window12to16_192to256.ms_in22k_ft_in1k-epoch=52-val_loss=0.04-train_loss=0.01.ckpt is 0.870127
epoch 53
AUC@ROC: 0.8700583994598934, threshold:0.073297, EER: 0.2316043425814234, APCER:0.23039806996381182, BPCER:0.23016440314510364, ACER:0.23028123655445773
AUC score for model /ceph/hpc/data/st2207-pgp-users/models_luka/swinv2_large_window12to16_192to256.ms_in22k_ft_in1k/x81may9t/swinv2_large_window12to16_192to256.ms_in22k_ft_in1k-epoch=53-val_loss=0.04-train_loss=0.01.ckpt is 0.870058
epoch 54
AUC@ROC: 0.8701338453884431, threshold:0.073333, EER: 0.2316043425814234, APCER:0.23039806996381182, BPCER:0.23016440314510364, ACER:0.23028123655445773
AUC score for model /ceph/hpc/data/st2207-pgp-users/models_luka/swinv2_large_window12to16_192to256.ms_in22k_ft_in1k/x81may9t/swinv2_large_window12to16_192to256.ms_in22k_ft_in1k-epoch=54-val_loss=0.05-train_loss=0.01.ckpt is 0.870134
epoch 55
AUC@ROC: 0.8701252229966088, threshold:0.072982, EER: 0.2316043425814234, APCER:0.23039806996381182, BPCER:0.23016440314510364, ACER:0.23028123655445773
AUC score for model /ceph/hpc/data/st2207-pgp-users/models_luka/swinv2_large_window12to16_192to256.ms_in22k_ft_in1k/x81may9t/swinv2_large_window12to16_192to256.ms_in22k_ft_in1k-epoch=55-val_loss=0.03-train_loss=0.01.ckpt is 0.870125
epoch 56
AUC@ROC: 0.8702062734798508, threshold:0.073087, EER: 0.23039806996381182, APCER:0.22919179734620024, BPCER:0.23016440314510364, ACER:0.22967810024565194
AUC score for model /ceph/hpc/data/st2207-pgp-users/models_luka/swinv2_large_window12to16_192to256.ms_in22k_ft_in1k/x81may9t/swinv2_large_window12to16_192to256.ms_in22k_ft_in1k-epoch=56-val_loss=0.03-train_loss=0.01.ckpt is 0.870206
new best_auc 0.8702062734798508
epoch 57
AUC@ROC: 0.8702726658969745, threshold:0.072386, EER: 0.22919179734620024, APCER:0.22919179734620024, BPCER:0.23016440314510364, ACER:0.22967810024565194
AUC score for model /ceph/hpc/data/st2207-pgp-users/models_luka/swinv2_large_window12to16_192to256.ms_in22k_ft_in1k/x81may9t/swinv2_large_window12to16_192to256.ms_in22k_ft_in1k-epoch=57-val_loss=0.04-train_loss=0.01.ckpt is 0.870273
new best_auc 0.8702726658969745
epoch 58
AUC@ROC: 0.87033948943369, threshold:0.072548, EER: 0.22919179734620024, APCER:0.22919179734620024, BPCER:0.23016440314510364, ACER:0.22967810024565194
AUC score for model /ceph/hpc/data/st2207-pgp-users/models_luka/swinv2_large_window12to16_192to256.ms_in22k_ft_in1k/x81may9t/swinv2_large_window12to16_192to256.ms_in22k_ft_in1k-epoch=58-val_loss=0.02-train_loss=0.01.ckpt is 0.870339
new best_auc 0.87033948943369
epoch 59
AUC@ROC: 0.87032440024798, threshold:0.072564, EER: 0.23039806996381182, APCER:0.22919179734620024, BPCER:0.23016440314510364, ACER:0.22967810024565194
AUC score for model /ceph/hpc/data/st2207-pgp-users/models_luka/swinv2_large_window12to16_192to256.ms_in22k_ft_in1k/x81may9t/swinv2_large_window12to16_192to256.ms_in22k_ft_in1k-epoch=59-val_loss=0.03-train_loss=0.01.ckpt is 0.870324
