start
imports done
wandb run ys59z47m
model_name swinv2_large_window12to16_192to256.ms_in22k_ft_in1k
resolution 256
Timm data_cfg {'input_size': (3, 256, 256), 'interpolation': 'bicubic', 'mean': (0.485, 0.456, 0.406), 'std': (0.229, 0.224, 0.225), 'crop_pct': 0.9, 'crop_mode': 'center'}
using norm_std (0.229, 0.224, 0.225)
using norm_mean (0.485, 0.456, 0.406)
found ['/ceph/hpc/data/st2207-pgp-users/models_luka/swinv2_large_window12to16_192to256.ms_in22k_ft_in1k/ys59z47m/swinv2_large_window12to16_192to256.ms_in22k_ft_in1k-epoch=00-val_loss=0.19-train_loss=0.18.ckpt', '/ceph/hpc/data/st2207-pgp-users/models_luka/swinv2_large_window12to16_192to256.ms_in22k_ft_in1k/ys59z47m/swinv2_large_window12to16_192to256.ms_in22k_ft_in1k-epoch=01-val_loss=0.22-train_loss=0.12.ckpt', '/ceph/hpc/data/st2207-pgp-users/models_luka/swinv2_large_window12to16_192to256.ms_in22k_ft_in1k/ys59z47m/swinv2_large_window12to16_192to256.ms_in22k_ft_in1k-epoch=02-val_loss=0.19-train_loss=0.10.ckpt', '/ceph/hpc/data/st2207-pgp-users/models_luka/swinv2_large_window12to16_192to256.ms_in22k_ft_in1k/ys59z47m/swinv2_large_window12to16_192to256.ms_in22k_ft_in1k-epoch=03-val_loss=0.12-train_loss=0.09.ckpt', '/ceph/hpc/data/st2207-pgp-users/models_luka/swinv2_large_window12to16_192to256.ms_in22k_ft_in1k/ys59z47m/swinv2_large_window12to16_192to256.ms_in22k_ft_in1k-epoch=04-val_loss=0.24-train_loss=0.08.ckpt', '/ceph/hpc/data/st2207-pgp-users/models_luka/swinv2_large_window12to16_192to256.ms_in22k_ft_in1k/ys59z47m/swinv2_large_window12to16_192to256.ms_in22k_ft_in1k-epoch=05-val_loss=0.14-train_loss=0.08.ckpt', '/ceph/hpc/data/st2207-pgp-users/models_luka/swinv2_large_window12to16_192to256.ms_in22k_ft_in1k/ys59z47m/swinv2_large_window12to16_192to256.ms_in22k_ft_in1k-epoch=06-val_loss=0.13-train_loss=0.07.ckpt', '/ceph/hpc/data/st2207-pgp-users/models_luka/swinv2_large_window12to16_192to256.ms_in22k_ft_in1k/ys59z47m/swinv2_large_window12to16_192to256.ms_in22k_ft_in1k-epoch=07-val_loss=0.10-train_loss=0.05.ckpt', '/ceph/hpc/data/st2207-pgp-users/models_luka/swinv2_large_window12to16_192to256.ms_in22k_ft_in1k/ys59z47m/swinv2_large_window12to16_192to256.ms_in22k_ft_in1k-epoch=08-val_loss=0.08-train_loss=0.04.ckpt', '/ceph/hpc/data/st2207-pgp-users/models_luka/swinv2_large_window12to16_192to256.ms_in22k_ft_in1k/ys59z47m/swinv2_large_window12to16_192to256.ms_in22k_ft_in1k-epoch=09-val_loss=0.09-train_loss=0.04.ckpt', '/ceph/hpc/data/st2207-pgp-users/models_luka/swinv2_large_window12to16_192to256.ms_in22k_ft_in1k/ys59z47m/swinv2_large_window12to16_192to256.ms_in22k_ft_in1k-epoch=10-val_loss=0.07-train_loss=0.04.ckpt', '/ceph/hpc/data/st2207-pgp-users/models_luka/swinv2_large_window12to16_192to256.ms_in22k_ft_in1k/ys59z47m/swinv2_large_window12to16_192to256.ms_in22k_ft_in1k-epoch=11-val_loss=0.10-train_loss=0.04.ckpt', '/ceph/hpc/data/st2207-pgp-users/models_luka/swinv2_large_window12to16_192to256.ms_in22k_ft_in1k/ys59z47m/swinv2_large_window12to16_192to256.ms_in22k_ft_in1k-epoch=12-val_loss=0.12-train_loss=0.04.ckpt', '/ceph/hpc/data/st2207-pgp-users/models_luka/swinv2_large_window12to16_192to256.ms_in22k_ft_in1k/ys59z47m/swinv2_large_window12to16_192to256.ms_in22k_ft_in1k-epoch=13-val_loss=0.08-train_loss=0.03.ckpt', '/ceph/hpc/data/st2207-pgp-users/models_luka/swinv2_large_window12to16_192to256.ms_in22k_ft_in1k/ys59z47m/swinv2_large_window12to16_192to256.ms_in22k_ft_in1k-epoch=14-val_loss=0.08-train_loss=0.03.ckpt', '/ceph/hpc/data/st2207-pgp-users/models_luka/swinv2_large_window12to16_192to256.ms_in22k_ft_in1k/ys59z47m/swinv2_large_window12to16_192to256.ms_in22k_ft_in1k-epoch=15-val_loss=0.05-train_loss=0.03.ckpt', '/ceph/hpc/data/st2207-pgp-users/models_luka/swinv2_large_window12to16_192to256.ms_in22k_ft_in1k/ys59z47m/swinv2_large_window12to16_192to256.ms_in22k_ft_in1k-epoch=16-val_loss=0.09-train_loss=0.03.ckpt', '/ceph/hpc/data/st2207-pgp-users/models_luka/swinv2_large_window12to16_192to256.ms_in22k_ft_in1k/ys59z47m/swinv2_large_window12to16_192to256.ms_in22k_ft_in1k-epoch=17-val_loss=0.09-train_loss=0.03.ckpt', '/ceph/hpc/data/st2207-pgp-users/models_luka/swinv2_large_window12to16_192to256.ms_in22k_ft_in1k/ys59z47m/swinv2_large_window12to16_192to256.ms_in22k_ft_in1k-epoch=18-val_loss=0.09-train_loss=0.03.ckpt', '/ceph/hpc/data/st2207-pgp-users/models_luka/swinv2_large_window12to16_192to256.ms_in22k_ft_in1k/ys59z47m/swinv2_large_window12to16_192to256.ms_in22k_ft_in1k-epoch=19-val_loss=0.09-train_loss=0.03.ckpt', '/ceph/hpc/data/st2207-pgp-users/models_luka/swinv2_large_window12to16_192to256.ms_in22k_ft_in1k/ys59z47m/swinv2_large_window12to16_192to256.ms_in22k_ft_in1k-epoch=20-val_loss=0.08-train_loss=0.03.ckpt', '/ceph/hpc/data/st2207-pgp-users/models_luka/swinv2_large_window12to16_192to256.ms_in22k_ft_in1k/ys59z47m/swinv2_large_window12to16_192to256.ms_in22k_ft_in1k-epoch=21-val_loss=0.03-train_loss=0.03.ckpt', '/ceph/hpc/data/st2207-pgp-users/models_luka/swinv2_large_window12to16_192to256.ms_in22k_ft_in1k/ys59z47m/swinv2_large_window12to16_192to256.ms_in22k_ft_in1k-epoch=22-val_loss=0.08-train_loss=0.03.ckpt', '/ceph/hpc/data/st2207-pgp-users/models_luka/swinv2_large_window12to16_192to256.ms_in22k_ft_in1k/ys59z47m/swinv2_large_window12to16_192to256.ms_in22k_ft_in1k-epoch=23-val_loss=0.06-train_loss=0.03.ckpt', '/ceph/hpc/data/st2207-pgp-users/models_luka/swinv2_large_window12to16_192to256.ms_in22k_ft_in1k/ys59z47m/swinv2_large_window12to16_192to256.ms_in22k_ft_in1k-epoch=24-val_loss=0.10-train_loss=0.03.ckpt', '/ceph/hpc/data/st2207-pgp-users/models_luka/swinv2_large_window12to16_192to256.ms_in22k_ft_in1k/ys59z47m/swinv2_large_window12to16_192to256.ms_in22k_ft_in1k-epoch=25-val_loss=0.05-train_loss=0.03.ckpt', '/ceph/hpc/data/st2207-pgp-users/models_luka/swinv2_large_window12to16_192to256.ms_in22k_ft_in1k/ys59z47m/swinv2_large_window12to16_192to256.ms_in22k_ft_in1k-epoch=26-val_loss=0.10-train_loss=0.03.ckpt', '/ceph/hpc/data/st2207-pgp-users/models_luka/swinv2_large_window12to16_192to256.ms_in22k_ft_in1k/ys59z47m/swinv2_large_window12to16_192to256.ms_in22k_ft_in1k-epoch=27-val_loss=0.05-train_loss=0.03.ckpt', '/ceph/hpc/data/st2207-pgp-users/models_luka/swinv2_large_window12to16_192to256.ms_in22k_ft_in1k/ys59z47m/swinv2_large_window12to16_192to256.ms_in22k_ft_in1k-epoch=28-val_loss=0.02-train_loss=0.03.ckpt', '/ceph/hpc/data/st2207-pgp-users/models_luka/swinv2_large_window12to16_192to256.ms_in22k_ft_in1k/ys59z47m/swinv2_large_window12to16_192to256.ms_in22k_ft_in1k-epoch=29-val_loss=0.05-train_loss=0.03.ckpt', '/ceph/hpc/data/st2207-pgp-users/models_luka/swinv2_large_window12to16_192to256.ms_in22k_ft_in1k/ys59z47m/swinv2_large_window12to16_192to256.ms_in22k_ft_in1k-epoch=30-val_loss=0.11-train_loss=0.03.ckpt', '/ceph/hpc/data/st2207-pgp-users/models_luka/swinv2_large_window12to16_192to256.ms_in22k_ft_in1k/ys59z47m/swinv2_large_window12to16_192to256.ms_in22k_ft_in1k-epoch=31-val_loss=0.06-train_loss=0.03.ckpt', '/ceph/hpc/data/st2207-pgp-users/models_luka/swinv2_large_window12to16_192to256.ms_in22k_ft_in1k/ys59z47m/swinv2_large_window12to16_192to256.ms_in22k_ft_in1k-epoch=32-val_loss=0.07-train_loss=0.03.ckpt', '/ceph/hpc/data/st2207-pgp-users/models_luka/swinv2_large_window12to16_192to256.ms_in22k_ft_in1k/ys59z47m/swinv2_large_window12to16_192to256.ms_in22k_ft_in1k-epoch=33-val_loss=0.08-train_loss=0.03.ckpt', '/ceph/hpc/data/st2207-pgp-users/models_luka/swinv2_large_window12to16_192to256.ms_in22k_ft_in1k/ys59z47m/swinv2_large_window12to16_192to256.ms_in22k_ft_in1k-epoch=34-val_loss=0.10-train_loss=0.03.ckpt', '/ceph/hpc/data/st2207-pgp-users/models_luka/swinv2_large_window12to16_192to256.ms_in22k_ft_in1k/ys59z47m/swinv2_large_window12to16_192to256.ms_in22k_ft_in1k-epoch=35-val_loss=0.09-train_loss=0.03.ckpt', '/ceph/hpc/data/st2207-pgp-users/models_luka/swinv2_large_window12to16_192to256.ms_in22k_ft_in1k/ys59z47m/swinv2_large_window12to16_192to256.ms_in22k_ft_in1k-epoch=36-val_loss=0.06-train_loss=0.03.ckpt', '/ceph/hpc/data/st2207-pgp-users/models_luka/swinv2_large_window12to16_192to256.ms_in22k_ft_in1k/ys59z47m/swinv2_large_window12to16_192to256.ms_in22k_ft_in1k-epoch=37-val_loss=0.05-train_loss=0.03.ckpt', '/ceph/hpc/data/st2207-pgp-users/models_luka/swinv2_large_window12to16_192to256.ms_in22k_ft_in1k/ys59z47m/swinv2_large_window12to16_192to256.ms_in22k_ft_in1k-epoch=38-val_loss=0.10-train_loss=0.03.ckpt', '/ceph/hpc/data/st2207-pgp-users/models_luka/swinv2_large_window12to16_192to256.ms_in22k_ft_in1k/ys59z47m/swinv2_large_window12to16_192to256.ms_in22k_ft_in1k-epoch=39-val_loss=0.06-train_loss=0.03.ckpt', '/ceph/hpc/data/st2207-pgp-users/models_luka/swinv2_large_window12to16_192to256.ms_in22k_ft_in1k/ys59z47m/swinv2_large_window12to16_192to256.ms_in22k_ft_in1k-epoch=40-val_loss=0.10-train_loss=0.03.ckpt', '/ceph/hpc/data/st2207-pgp-users/models_luka/swinv2_large_window12to16_192to256.ms_in22k_ft_in1k/ys59z47m/swinv2_large_window12to16_192to256.ms_in22k_ft_in1k-epoch=41-val_loss=0.09-train_loss=0.03.ckpt', '/ceph/hpc/data/st2207-pgp-users/models_luka/swinv2_large_window12to16_192to256.ms_in22k_ft_in1k/ys59z47m/swinv2_large_window12to16_192to256.ms_in22k_ft_in1k-epoch=42-val_loss=0.04-train_loss=0.03.ckpt', '/ceph/hpc/data/st2207-pgp-users/models_luka/swinv2_large_window12to16_192to256.ms_in22k_ft_in1k/ys59z47m/swinv2_large_window12to16_192to256.ms_in22k_ft_in1k-epoch=43-val_loss=0.09-train_loss=0.03.ckpt', '/ceph/hpc/data/st2207-pgp-users/models_luka/swinv2_large_window12to16_192to256.ms_in22k_ft_in1k/ys59z47m/swinv2_large_window12to16_192to256.ms_in22k_ft_in1k-epoch=44-val_loss=0.10-train_loss=0.03.ckpt', '/ceph/hpc/data/st2207-pgp-users/models_luka/swinv2_large_window12to16_192to256.ms_in22k_ft_in1k/ys59z47m/swinv2_large_window12to16_192to256.ms_in22k_ft_in1k-epoch=45-val_loss=0.09-train_loss=0.03.ckpt', '/ceph/hpc/data/st2207-pgp-users/models_luka/swinv2_large_window12to16_192to256.ms_in22k_ft_in1k/ys59z47m/swinv2_large_window12to16_192to256.ms_in22k_ft_in1k-epoch=46-val_loss=0.12-train_loss=0.03.ckpt', '/ceph/hpc/data/st2207-pgp-users/models_luka/swinv2_large_window12to16_192to256.ms_in22k_ft_in1k/ys59z47m/swinv2_large_window12to16_192to256.ms_in22k_ft_in1k-epoch=47-val_loss=0.06-train_loss=0.03.ckpt', '/ceph/hpc/data/st2207-pgp-users/models_luka/swinv2_large_window12to16_192to256.ms_in22k_ft_in1k/ys59z47m/swinv2_large_window12to16_192to256.ms_in22k_ft_in1k-epoch=48-val_loss=0.08-train_loss=0.03.ckpt', '/ceph/hpc/data/st2207-pgp-users/models_luka/swinv2_large_window12to16_192to256.ms_in22k_ft_in1k/ys59z47m/swinv2_large_window12to16_192to256.ms_in22k_ft_in1k-epoch=49-val_loss=0.04-train_loss=0.03.ckpt', '/ceph/hpc/data/st2207-pgp-users/models_luka/swinv2_large_window12to16_192to256.ms_in22k_ft_in1k/ys59z47m/swinv2_large_window12to16_192to256.ms_in22k_ft_in1k-epoch=50-val_loss=0.06-train_loss=0.03.ckpt', '/ceph/hpc/data/st2207-pgp-users/models_luka/swinv2_large_window12to16_192to256.ms_in22k_ft_in1k/ys59z47m/swinv2_large_window12to16_192to256.ms_in22k_ft_in1k-epoch=51-val_loss=0.10-train_loss=0.03.ckpt', '/ceph/hpc/data/st2207-pgp-users/models_luka/swinv2_large_window12to16_192to256.ms_in22k_ft_in1k/ys59z47m/swinv2_large_window12to16_192to256.ms_in22k_ft_in1k-epoch=52-val_loss=0.07-train_loss=0.03.ckpt', '/ceph/hpc/data/st2207-pgp-users/models_luka/swinv2_large_window12to16_192to256.ms_in22k_ft_in1k/ys59z47m/swinv2_large_window12to16_192to256.ms_in22k_ft_in1k-epoch=53-val_loss=0.06-train_loss=0.03.ckpt', '/ceph/hpc/data/st2207-pgp-users/models_luka/swinv2_large_window12to16_192to256.ms_in22k_ft_in1k/ys59z47m/swinv2_large_window12to16_192to256.ms_in22k_ft_in1k-epoch=54-val_loss=0.07-train_loss=0.03.ckpt', '/ceph/hpc/data/st2207-pgp-users/models_luka/swinv2_large_window12to16_192to256.ms_in22k_ft_in1k/ys59z47m/swinv2_large_window12to16_192to256.ms_in22k_ft_in1k-epoch=55-val_loss=0.07-train_loss=0.03.ckpt', '/ceph/hpc/data/st2207-pgp-users/models_luka/swinv2_large_window12to16_192to256.ms_in22k_ft_in1k/ys59z47m/swinv2_large_window12to16_192to256.ms_in22k_ft_in1k-epoch=56-val_loss=0.09-train_loss=0.03.ckpt', '/ceph/hpc/data/st2207-pgp-users/models_luka/swinv2_large_window12to16_192to256.ms_in22k_ft_in1k/ys59z47m/swinv2_large_window12to16_192to256.ms_in22k_ft_in1k-epoch=57-val_loss=0.10-train_loss=0.03.ckpt', '/ceph/hpc/data/st2207-pgp-users/models_luka/swinv2_large_window12to16_192to256.ms_in22k_ft_in1k/ys59z47m/swinv2_large_window12to16_192to256.ms_in22k_ft_in1k-epoch=58-val_loss=0.03-train_loss=0.03.ckpt', '/ceph/hpc/data/st2207-pgp-users/models_luka/swinv2_large_window12to16_192to256.ms_in22k_ft_in1k/ys59z47m/swinv2_large_window12to16_192to256.ms_in22k_ft_in1k-epoch=59-val_loss=0.08-train_loss=0.03.ckpt', '/ceph/hpc/data/st2207-pgp-users/models_luka/swinv2_large_window12to16_192to256.ms_in22k_ft_in1k/ys59z47m/swinv2_large_window12to16_192to256.ms_in22k_ft_in1k_final.ckpt']
epoch 00
AUC score for model /ceph/hpc/data/st2207-pgp-users/models_luka/swinv2_large_window12to16_192to256.ms_in22k_ft_in1k/ys59z47m/swinv2_large_window12to16_192to256.ms_in22k_ft_in1k-epoch=00-val_loss=0.19-train_loss=0.18.ckpt is 0.861435
epoch 01
AUC score for model /ceph/hpc/data/st2207-pgp-users/models_luka/swinv2_large_window12to16_192to256.ms_in22k_ft_in1k/ys59z47m/swinv2_large_window12to16_192to256.ms_in22k_ft_in1k-epoch=01-val_loss=0.22-train_loss=0.12.ckpt is 0.887638
epoch 02
AUC score for model /ceph/hpc/data/st2207-pgp-users/models_luka/swinv2_large_window12to16_192to256.ms_in22k_ft_in1k/ys59z47m/swinv2_large_window12to16_192to256.ms_in22k_ft_in1k-epoch=02-val_loss=0.19-train_loss=0.10.ckpt is 0.859030
epoch 03
AUC score for model /ceph/hpc/data/st2207-pgp-users/models_luka/swinv2_large_window12to16_192to256.ms_in22k_ft_in1k/ys59z47m/swinv2_large_window12to16_192to256.ms_in22k_ft_in1k-epoch=03-val_loss=0.12-train_loss=0.09.ckpt is 0.890103
epoch 04
AUC score for model /ceph/hpc/data/st2207-pgp-users/models_luka/swinv2_large_window12to16_192to256.ms_in22k_ft_in1k/ys59z47m/swinv2_large_window12to16_192to256.ms_in22k_ft_in1k-epoch=04-val_loss=0.24-train_loss=0.08.ckpt is 0.870519
epoch 05
AUC score for model /ceph/hpc/data/st2207-pgp-users/models_luka/swinv2_large_window12to16_192to256.ms_in22k_ft_in1k/ys59z47m/swinv2_large_window12to16_192to256.ms_in22k_ft_in1k-epoch=05-val_loss=0.14-train_loss=0.08.ckpt is 0.898761
epoch 06
AUC score for model /ceph/hpc/data/st2207-pgp-users/models_luka/swinv2_large_window12to16_192to256.ms_in22k_ft_in1k/ys59z47m/swinv2_large_window12to16_192to256.ms_in22k_ft_in1k-epoch=06-val_loss=0.13-train_loss=0.07.ckpt is 0.872584
epoch 07
AUC score for model /ceph/hpc/data/st2207-pgp-users/models_luka/swinv2_large_window12to16_192to256.ms_in22k_ft_in1k/ys59z47m/swinv2_large_window12to16_192to256.ms_in22k_ft_in1k-epoch=07-val_loss=0.10-train_loss=0.05.ckpt is 0.888432
epoch 08
AUC score for model /ceph/hpc/data/st2207-pgp-users/models_luka/swinv2_large_window12to16_192to256.ms_in22k_ft_in1k/ys59z47m/swinv2_large_window12to16_192to256.ms_in22k_ft_in1k-epoch=08-val_loss=0.08-train_loss=0.04.ckpt is 0.894939
epoch 09
AUC score for model /ceph/hpc/data/st2207-pgp-users/models_luka/swinv2_large_window12to16_192to256.ms_in22k_ft_in1k/ys59z47m/swinv2_large_window12to16_192to256.ms_in22k_ft_in1k-epoch=09-val_loss=0.09-train_loss=0.04.ckpt is 0.905231
new best_auc 0.9052312913497578
epoch 10
AUC score for model /ceph/hpc/data/st2207-pgp-users/models_luka/swinv2_large_window12to16_192to256.ms_in22k_ft_in1k/ys59z47m/swinv2_large_window12to16_192to256.ms_in22k_ft_in1k-epoch=10-val_loss=0.07-train_loss=0.04.ckpt is 0.893901
epoch 11
AUC score for model /ceph/hpc/data/st2207-pgp-users/models_luka/swinv2_large_window12to16_192to256.ms_in22k_ft_in1k/ys59z47m/swinv2_large_window12to16_192to256.ms_in22k_ft_in1k-epoch=11-val_loss=0.10-train_loss=0.04.ckpt is 0.891376
epoch 12
AUC score for model /ceph/hpc/data/st2207-pgp-users/models_luka/swinv2_large_window12to16_192to256.ms_in22k_ft_in1k/ys59z47m/swinv2_large_window12to16_192to256.ms_in22k_ft_in1k-epoch=12-val_loss=0.12-train_loss=0.04.ckpt is 0.897292
epoch 13
AUC score for model /ceph/hpc/data/st2207-pgp-users/models_luka/swinv2_large_window12to16_192to256.ms_in22k_ft_in1k/ys59z47m/swinv2_large_window12to16_192to256.ms_in22k_ft_in1k-epoch=13-val_loss=0.08-train_loss=0.03.ckpt is 0.900532
epoch 14
AUC score for model /ceph/hpc/data/st2207-pgp-users/models_luka/swinv2_large_window12to16_192to256.ms_in22k_ft_in1k/ys59z47m/swinv2_large_window12to16_192to256.ms_in22k_ft_in1k-epoch=14-val_loss=0.08-train_loss=0.03.ckpt is 0.898658
epoch 15
AUC score for model /ceph/hpc/data/st2207-pgp-users/models_luka/swinv2_large_window12to16_192to256.ms_in22k_ft_in1k/ys59z47m/swinv2_large_window12to16_192to256.ms_in22k_ft_in1k-epoch=15-val_loss=0.05-train_loss=0.03.ckpt is 0.897971
epoch 16
AUC score for model /ceph/hpc/data/st2207-pgp-users/models_luka/swinv2_large_window12to16_192to256.ms_in22k_ft_in1k/ys59z47m/swinv2_large_window12to16_192to256.ms_in22k_ft_in1k-epoch=16-val_loss=0.09-train_loss=0.03.ckpt is 0.895031
epoch 17
AUC score for model /ceph/hpc/data/st2207-pgp-users/models_luka/swinv2_large_window12to16_192to256.ms_in22k_ft_in1k/ys59z47m/swinv2_large_window12to16_192to256.ms_in22k_ft_in1k-epoch=17-val_loss=0.09-train_loss=0.03.ckpt is 0.896497
epoch 18
AUC score for model /ceph/hpc/data/st2207-pgp-users/models_luka/swinv2_large_window12to16_192to256.ms_in22k_ft_in1k/ys59z47m/swinv2_large_window12to16_192to256.ms_in22k_ft_in1k-epoch=18-val_loss=0.09-train_loss=0.03.ckpt is 0.898797
epoch 19
AUC score for model /ceph/hpc/data/st2207-pgp-users/models_luka/swinv2_large_window12to16_192to256.ms_in22k_ft_in1k/ys59z47m/swinv2_large_window12to16_192to256.ms_in22k_ft_in1k-epoch=19-val_loss=0.09-train_loss=0.03.ckpt is 0.898928
epoch 20
AUC score for model /ceph/hpc/data/st2207-pgp-users/models_luka/swinv2_large_window12to16_192to256.ms_in22k_ft_in1k/ys59z47m/swinv2_large_window12to16_192to256.ms_in22k_ft_in1k-epoch=20-val_loss=0.08-train_loss=0.03.ckpt is 0.898991
epoch 21
AUC score for model /ceph/hpc/data/st2207-pgp-users/models_luka/swinv2_large_window12to16_192to256.ms_in22k_ft_in1k/ys59z47m/swinv2_large_window12to16_192to256.ms_in22k_ft_in1k-epoch=21-val_loss=0.03-train_loss=0.03.ckpt is 0.899330
epoch 22
AUC score for model /ceph/hpc/data/st2207-pgp-users/models_luka/swinv2_large_window12to16_192to256.ms_in22k_ft_in1k/ys59z47m/swinv2_large_window12to16_192to256.ms_in22k_ft_in1k-epoch=22-val_loss=0.08-train_loss=0.03.ckpt is 0.899040
epoch 23
AUC score for model /ceph/hpc/data/st2207-pgp-users/models_luka/swinv2_large_window12to16_192to256.ms_in22k_ft_in1k/ys59z47m/swinv2_large_window12to16_192to256.ms_in22k_ft_in1k-epoch=23-val_loss=0.06-train_loss=0.03.ckpt is 0.898833
epoch 24
AUC score for model /ceph/hpc/data/st2207-pgp-users/models_luka/swinv2_large_window12to16_192to256.ms_in22k_ft_in1k/ys59z47m/swinv2_large_window12to16_192to256.ms_in22k_ft_in1k-epoch=24-val_loss=0.10-train_loss=0.03.ckpt is 0.899213
epoch 25
AUC score for model /ceph/hpc/data/st2207-pgp-users/models_luka/swinv2_large_window12to16_192to256.ms_in22k_ft_in1k/ys59z47m/swinv2_large_window12to16_192to256.ms_in22k_ft_in1k-epoch=25-val_loss=0.05-train_loss=0.03.ckpt is 0.899152
epoch 26
AUC score for model /ceph/hpc/data/st2207-pgp-users/models_luka/swinv2_large_window12to16_192to256.ms_in22k_ft_in1k/ys59z47m/swinv2_large_window12to16_192to256.ms_in22k_ft_in1k-epoch=26-val_loss=0.10-train_loss=0.03.ckpt is 0.899190
epoch 27
AUC score for model /ceph/hpc/data/st2207-pgp-users/models_luka/swinv2_large_window12to16_192to256.ms_in22k_ft_in1k/ys59z47m/swinv2_large_window12to16_192to256.ms_in22k_ft_in1k-epoch=27-val_loss=0.05-train_loss=0.03.ckpt is 0.899224
epoch 28
AUC score for model /ceph/hpc/data/st2207-pgp-users/models_luka/swinv2_large_window12to16_192to256.ms_in22k_ft_in1k/ys59z47m/swinv2_large_window12to16_192to256.ms_in22k_ft_in1k-epoch=28-val_loss=0.02-train_loss=0.03.ckpt is 0.899238
epoch 29
AUC score for model /ceph/hpc/data/st2207-pgp-users/models_luka/swinv2_large_window12to16_192to256.ms_in22k_ft_in1k/ys59z47m/swinv2_large_window12to16_192to256.ms_in22k_ft_in1k-epoch=29-val_loss=0.05-train_loss=0.03.ckpt is 0.899226
epoch 30
AUC score for model /ceph/hpc/data/st2207-pgp-users/models_luka/swinv2_large_window12to16_192to256.ms_in22k_ft_in1k/ys59z47m/swinv2_large_window12to16_192to256.ms_in22k_ft_in1k-epoch=30-val_loss=0.11-train_loss=0.03.ckpt is 0.899306
epoch 31
AUC score for model /ceph/hpc/data/st2207-pgp-users/models_luka/swinv2_large_window12to16_192to256.ms_in22k_ft_in1k/ys59z47m/swinv2_large_window12to16_192to256.ms_in22k_ft_in1k-epoch=31-val_loss=0.06-train_loss=0.03.ckpt is 0.899347
epoch 32
AUC score for model /ceph/hpc/data/st2207-pgp-users/models_luka/swinv2_large_window12to16_192to256.ms_in22k_ft_in1k/ys59z47m/swinv2_large_window12to16_192to256.ms_in22k_ft_in1k-epoch=32-val_loss=0.07-train_loss=0.03.ckpt is 0.899380
epoch 33
AUC score for model /ceph/hpc/data/st2207-pgp-users/models_luka/swinv2_large_window12to16_192to256.ms_in22k_ft_in1k/ys59z47m/swinv2_large_window12to16_192to256.ms_in22k_ft_in1k-epoch=33-val_loss=0.08-train_loss=0.03.ckpt is 0.899325
epoch 34
AUC score for model /ceph/hpc/data/st2207-pgp-users/models_luka/swinv2_large_window12to16_192to256.ms_in22k_ft_in1k/ys59z47m/swinv2_large_window12to16_192to256.ms_in22k_ft_in1k-epoch=34-val_loss=0.10-train_loss=0.03.ckpt is 0.899333
epoch 35
AUC score for model /ceph/hpc/data/st2207-pgp-users/models_luka/swinv2_large_window12to16_192to256.ms_in22k_ft_in1k/ys59z47m/swinv2_large_window12to16_192to256.ms_in22k_ft_in1k-epoch=35-val_loss=0.09-train_loss=0.03.ckpt is 0.899291
epoch 36
AUC score for model /ceph/hpc/data/st2207-pgp-users/models_luka/swinv2_large_window12to16_192to256.ms_in22k_ft_in1k/ys59z47m/swinv2_large_window12to16_192to256.ms_in22k_ft_in1k-epoch=36-val_loss=0.06-train_loss=0.03.ckpt is 0.899325
epoch 37
AUC score for model /ceph/hpc/data/st2207-pgp-users/models_luka/swinv2_large_window12to16_192to256.ms_in22k_ft_in1k/ys59z47m/swinv2_large_window12to16_192to256.ms_in22k_ft_in1k-epoch=37-val_loss=0.05-train_loss=0.03.ckpt is 0.899317
epoch 38
AUC score for model /ceph/hpc/data/st2207-pgp-users/models_luka/swinv2_large_window12to16_192to256.ms_in22k_ft_in1k/ys59z47m/swinv2_large_window12to16_192to256.ms_in22k_ft_in1k-epoch=38-val_loss=0.10-train_loss=0.03.ckpt is 0.899406
epoch 39
AUC score for model /ceph/hpc/data/st2207-pgp-users/models_luka/swinv2_large_window12to16_192to256.ms_in22k_ft_in1k/ys59z47m/swinv2_large_window12to16_192to256.ms_in22k_ft_in1k-epoch=39-val_loss=0.06-train_loss=0.03.ckpt is 0.899436
epoch 40
AUC score for model /ceph/hpc/data/st2207-pgp-users/models_luka/swinv2_large_window12to16_192to256.ms_in22k_ft_in1k/ys59z47m/swinv2_large_window12to16_192to256.ms_in22k_ft_in1k-epoch=40-val_loss=0.10-train_loss=0.03.ckpt is 0.899375
epoch 41
AUC score for model /ceph/hpc/data/st2207-pgp-users/models_luka/swinv2_large_window12to16_192to256.ms_in22k_ft_in1k/ys59z47m/swinv2_large_window12to16_192to256.ms_in22k_ft_in1k-epoch=41-val_loss=0.09-train_loss=0.03.ckpt is 0.899424
epoch 42
AUC score for model /ceph/hpc/data/st2207-pgp-users/models_luka/swinv2_large_window12to16_192to256.ms_in22k_ft_in1k/ys59z47m/swinv2_large_window12to16_192to256.ms_in22k_ft_in1k-epoch=42-val_loss=0.04-train_loss=0.03.ckpt is 0.899415
epoch 43
AUC score for model /ceph/hpc/data/st2207-pgp-users/models_luka/swinv2_large_window12to16_192to256.ms_in22k_ft_in1k/ys59z47m/swinv2_large_window12to16_192to256.ms_in22k_ft_in1k-epoch=43-val_loss=0.09-train_loss=0.03.ckpt is 0.899419
epoch 44
AUC score for model /ceph/hpc/data/st2207-pgp-users/models_luka/swinv2_large_window12to16_192to256.ms_in22k_ft_in1k/ys59z47m/swinv2_large_window12to16_192to256.ms_in22k_ft_in1k-epoch=44-val_loss=0.10-train_loss=0.03.ckpt is 0.899411
epoch 45
AUC score for model /ceph/hpc/data/st2207-pgp-users/models_luka/swinv2_large_window12to16_192to256.ms_in22k_ft_in1k/ys59z47m/swinv2_large_window12to16_192to256.ms_in22k_ft_in1k-epoch=45-val_loss=0.09-train_loss=0.03.ckpt is 0.899459
epoch 46
AUC score for model /ceph/hpc/data/st2207-pgp-users/models_luka/swinv2_large_window12to16_192to256.ms_in22k_ft_in1k/ys59z47m/swinv2_large_window12to16_192to256.ms_in22k_ft_in1k-epoch=46-val_loss=0.12-train_loss=0.03.ckpt is 0.899404
epoch 47
AUC score for model /ceph/hpc/data/st2207-pgp-users/models_luka/swinv2_large_window12to16_192to256.ms_in22k_ft_in1k/ys59z47m/swinv2_large_window12to16_192to256.ms_in22k_ft_in1k-epoch=47-val_loss=0.06-train_loss=0.03.ckpt is 0.899428
epoch 48
AUC score for model /ceph/hpc/data/st2207-pgp-users/models_luka/swinv2_large_window12to16_192to256.ms_in22k_ft_in1k/ys59z47m/swinv2_large_window12to16_192to256.ms_in22k_ft_in1k-epoch=48-val_loss=0.08-train_loss=0.03.ckpt is 0.899450
epoch 49
AUC score for model /ceph/hpc/data/st2207-pgp-users/models_luka/swinv2_large_window12to16_192to256.ms_in22k_ft_in1k/ys59z47m/swinv2_large_window12to16_192to256.ms_in22k_ft_in1k-epoch=49-val_loss=0.04-train_loss=0.03.ckpt is 0.899400
epoch 50
AUC score for model /ceph/hpc/data/st2207-pgp-users/models_luka/swinv2_large_window12to16_192to256.ms_in22k_ft_in1k/ys59z47m/swinv2_large_window12to16_192to256.ms_in22k_ft_in1k-epoch=50-val_loss=0.06-train_loss=0.03.ckpt is 0.899419
epoch 51
AUC score for model /ceph/hpc/data/st2207-pgp-users/models_luka/swinv2_large_window12to16_192to256.ms_in22k_ft_in1k/ys59z47m/swinv2_large_window12to16_192to256.ms_in22k_ft_in1k-epoch=51-val_loss=0.10-train_loss=0.03.ckpt is 0.899553
epoch 52
AUC score for model /ceph/hpc/data/st2207-pgp-users/models_luka/swinv2_large_window12to16_192to256.ms_in22k_ft_in1k/ys59z47m/swinv2_large_window12to16_192to256.ms_in22k_ft_in1k-epoch=52-val_loss=0.07-train_loss=0.03.ckpt is 0.899538
epoch 53
AUC score for model /ceph/hpc/data/st2207-pgp-users/models_luka/swinv2_large_window12to16_192to256.ms_in22k_ft_in1k/ys59z47m/swinv2_large_window12to16_192to256.ms_in22k_ft_in1k-epoch=53-val_loss=0.06-train_loss=0.03.ckpt is 0.899462
epoch 54
AUC score for model /ceph/hpc/data/st2207-pgp-users/models_luka/swinv2_large_window12to16_192to256.ms_in22k_ft_in1k/ys59z47m/swinv2_large_window12to16_192to256.ms_in22k_ft_in1k-epoch=54-val_loss=0.07-train_loss=0.03.ckpt is 0.899398
epoch 55
AUC score for model /ceph/hpc/data/st2207-pgp-users/models_luka/swinv2_large_window12to16_192to256.ms_in22k_ft_in1k/ys59z47m/swinv2_large_window12to16_192to256.ms_in22k_ft_in1k-epoch=55-val_loss=0.07-train_loss=0.03.ckpt is 0.899434
epoch 56
AUC score for model /ceph/hpc/data/st2207-pgp-users/models_luka/swinv2_large_window12to16_192to256.ms_in22k_ft_in1k/ys59z47m/swinv2_large_window12to16_192to256.ms_in22k_ft_in1k-epoch=56-val_loss=0.09-train_loss=0.03.ckpt is 0.899436
epoch 57
AUC score for model /ceph/hpc/data/st2207-pgp-users/models_luka/swinv2_large_window12to16_192to256.ms_in22k_ft_in1k/ys59z47m/swinv2_large_window12to16_192to256.ms_in22k_ft_in1k-epoch=57-val_loss=0.10-train_loss=0.03.ckpt is 0.899425
epoch 58
AUC score for model /ceph/hpc/data/st2207-pgp-users/models_luka/swinv2_large_window12to16_192to256.ms_in22k_ft_in1k/ys59z47m/swinv2_large_window12to16_192to256.ms_in22k_ft_in1k-epoch=58-val_loss=0.03-train_loss=0.03.ckpt is 0.899439
epoch 59
AUC score for model /ceph/hpc/data/st2207-pgp-users/models_luka/swinv2_large_window12to16_192to256.ms_in22k_ft_in1k/ys59z47m/swinv2_large_window12to16_192to256.ms_in22k_ft_in1k-epoch=59-val_loss=0.08-train_loss=0.03.ckpt is 0.899421
