start
imports done
wandb run 39w97nsi
model_name swin_large_patch4_window12_384.ms_in22k_ft_in1k
resolution 384
Timm data_cfg {'input_size': (3, 384, 384), 'interpolation': 'bicubic', 'mean': (0.485, 0.456, 0.406), 'std': (0.229, 0.224, 0.225), 'crop_pct': 1.0, 'crop_mode': 'center'}
using norm_std (0.229, 0.224, 0.225)
using norm_mean (0.485, 0.456, 0.406)
found ['/ceph/hpc/data/st2207-pgp-users/models_luka/swin_large_patch4_window12_384.ms_in22k_ft_in1k/39w97nsi/swin_large_patch4_window12_384.ms_in22k_ft_in1k-epoch=00-val_loss=0.28-train_loss=0.18.ckpt', '/ceph/hpc/data/st2207-pgp-users/models_luka/swin_large_patch4_window12_384.ms_in22k_ft_in1k/39w97nsi/swin_large_patch4_window12_384.ms_in22k_ft_in1k-epoch=01-val_loss=0.13-train_loss=0.11.ckpt', '/ceph/hpc/data/st2207-pgp-users/models_luka/swin_large_patch4_window12_384.ms_in22k_ft_in1k/39w97nsi/swin_large_patch4_window12_384.ms_in22k_ft_in1k-epoch=02-val_loss=0.08-train_loss=0.10.ckpt', '/ceph/hpc/data/st2207-pgp-users/models_luka/swin_large_patch4_window12_384.ms_in22k_ft_in1k/39w97nsi/swin_large_patch4_window12_384.ms_in22k_ft_in1k-epoch=03-val_loss=0.15-train_loss=0.09.ckpt', '/ceph/hpc/data/st2207-pgp-users/models_luka/swin_large_patch4_window12_384.ms_in22k_ft_in1k/39w97nsi/swin_large_patch4_window12_384.ms_in22k_ft_in1k-epoch=04-val_loss=0.11-train_loss=0.08.ckpt', '/ceph/hpc/data/st2207-pgp-users/models_luka/swin_large_patch4_window12_384.ms_in22k_ft_in1k/39w97nsi/swin_large_patch4_window12_384.ms_in22k_ft_in1k-epoch=05-val_loss=0.15-train_loss=0.07.ckpt', '/ceph/hpc/data/st2207-pgp-users/models_luka/swin_large_patch4_window12_384.ms_in22k_ft_in1k/39w97nsi/swin_large_patch4_window12_384.ms_in22k_ft_in1k-epoch=06-val_loss=0.08-train_loss=0.05.ckpt', '/ceph/hpc/data/st2207-pgp-users/models_luka/swin_large_patch4_window12_384.ms_in22k_ft_in1k/39w97nsi/swin_large_patch4_window12_384.ms_in22k_ft_in1k-epoch=07-val_loss=0.08-train_loss=0.04.ckpt', '/ceph/hpc/data/st2207-pgp-users/models_luka/swin_large_patch4_window12_384.ms_in22k_ft_in1k/39w97nsi/swin_large_patch4_window12_384.ms_in22k_ft_in1k-epoch=08-val_loss=0.07-train_loss=0.04.ckpt', '/ceph/hpc/data/st2207-pgp-users/models_luka/swin_large_patch4_window12_384.ms_in22k_ft_in1k/39w97nsi/swin_large_patch4_window12_384.ms_in22k_ft_in1k-epoch=09-val_loss=0.07-train_loss=0.04.ckpt', '/ceph/hpc/data/st2207-pgp-users/models_luka/swin_large_patch4_window12_384.ms_in22k_ft_in1k/39w97nsi/swin_large_patch4_window12_384.ms_in22k_ft_in1k-epoch=10-val_loss=0.08-train_loss=0.04.ckpt', '/ceph/hpc/data/st2207-pgp-users/models_luka/swin_large_patch4_window12_384.ms_in22k_ft_in1k/39w97nsi/swin_large_patch4_window12_384.ms_in22k_ft_in1k-epoch=11-val_loss=0.07-train_loss=0.04.ckpt', '/ceph/hpc/data/st2207-pgp-users/models_luka/swin_large_patch4_window12_384.ms_in22k_ft_in1k/39w97nsi/swin_large_patch4_window12_384.ms_in22k_ft_in1k-epoch=12-val_loss=0.12-train_loss=0.03.ckpt', '/ceph/hpc/data/st2207-pgp-users/models_luka/swin_large_patch4_window12_384.ms_in22k_ft_in1k/39w97nsi/swin_large_patch4_window12_384.ms_in22k_ft_in1k-epoch=13-val_loss=0.06-train_loss=0.03.ckpt', '/ceph/hpc/data/st2207-pgp-users/models_luka/swin_large_patch4_window12_384.ms_in22k_ft_in1k/39w97nsi/swin_large_patch4_window12_384.ms_in22k_ft_in1k-epoch=14-val_loss=0.04-train_loss=0.03.ckpt', '/ceph/hpc/data/st2207-pgp-users/models_luka/swin_large_patch4_window12_384.ms_in22k_ft_in1k/39w97nsi/swin_large_patch4_window12_384.ms_in22k_ft_in1k-epoch=15-val_loss=0.02-train_loss=0.03.ckpt', '/ceph/hpc/data/st2207-pgp-users/models_luka/swin_large_patch4_window12_384.ms_in22k_ft_in1k/39w97nsi/swin_large_patch4_window12_384.ms_in22k_ft_in1k-epoch=16-val_loss=0.04-train_loss=0.03.ckpt', '/ceph/hpc/data/st2207-pgp-users/models_luka/swin_large_patch4_window12_384.ms_in22k_ft_in1k/39w97nsi/swin_large_patch4_window12_384.ms_in22k_ft_in1k-epoch=17-val_loss=0.09-train_loss=0.03.ckpt', '/ceph/hpc/data/st2207-pgp-users/models_luka/swin_large_patch4_window12_384.ms_in22k_ft_in1k/39w97nsi/swin_large_patch4_window12_384.ms_in22k_ft_in1k-epoch=18-val_loss=0.08-train_loss=0.03.ckpt', '/ceph/hpc/data/st2207-pgp-users/models_luka/swin_large_patch4_window12_384.ms_in22k_ft_in1k/39w97nsi/swin_large_patch4_window12_384.ms_in22k_ft_in1k-epoch=19-val_loss=0.02-train_loss=0.03.ckpt', '/ceph/hpc/data/st2207-pgp-users/models_luka/swin_large_patch4_window12_384.ms_in22k_ft_in1k/39w97nsi/swin_large_patch4_window12_384.ms_in22k_ft_in1k-epoch=20-val_loss=0.06-train_loss=0.03.ckpt', '/ceph/hpc/data/st2207-pgp-users/models_luka/swin_large_patch4_window12_384.ms_in22k_ft_in1k/39w97nsi/swin_large_patch4_window12_384.ms_in22k_ft_in1k-epoch=21-val_loss=0.02-train_loss=0.03.ckpt', '/ceph/hpc/data/st2207-pgp-users/models_luka/swin_large_patch4_window12_384.ms_in22k_ft_in1k/39w97nsi/swin_large_patch4_window12_384.ms_in22k_ft_in1k-epoch=22-val_loss=0.05-train_loss=0.03.ckpt', '/ceph/hpc/data/st2207-pgp-users/models_luka/swin_large_patch4_window12_384.ms_in22k_ft_in1k/39w97nsi/swin_large_patch4_window12_384.ms_in22k_ft_in1k-epoch=23-val_loss=0.04-train_loss=0.03.ckpt', '/ceph/hpc/data/st2207-pgp-users/models_luka/swin_large_patch4_window12_384.ms_in22k_ft_in1k/39w97nsi/swin_large_patch4_window12_384.ms_in22k_ft_in1k-epoch=24-val_loss=0.02-train_loss=0.03.ckpt', '/ceph/hpc/data/st2207-pgp-users/models_luka/swin_large_patch4_window12_384.ms_in22k_ft_in1k/39w97nsi/swin_large_patch4_window12_384.ms_in22k_ft_in1k-epoch=25-val_loss=0.03-train_loss=0.03.ckpt', '/ceph/hpc/data/st2207-pgp-users/models_luka/swin_large_patch4_window12_384.ms_in22k_ft_in1k/39w97nsi/swin_large_patch4_window12_384.ms_in22k_ft_in1k-epoch=26-val_loss=0.04-train_loss=0.03.ckpt', '/ceph/hpc/data/st2207-pgp-users/models_luka/swin_large_patch4_window12_384.ms_in22k_ft_in1k/39w97nsi/swin_large_patch4_window12_384.ms_in22k_ft_in1k-epoch=27-val_loss=0.02-train_loss=0.03.ckpt', '/ceph/hpc/data/st2207-pgp-users/models_luka/swin_large_patch4_window12_384.ms_in22k_ft_in1k/39w97nsi/swin_large_patch4_window12_384.ms_in22k_ft_in1k-epoch=28-val_loss=0.06-train_loss=0.03.ckpt', '/ceph/hpc/data/st2207-pgp-users/models_luka/swin_large_patch4_window12_384.ms_in22k_ft_in1k/39w97nsi/swin_large_patch4_window12_384.ms_in22k_ft_in1k-epoch=29-val_loss=0.04-train_loss=0.03.ckpt', '/ceph/hpc/data/st2207-pgp-users/models_luka/swin_large_patch4_window12_384.ms_in22k_ft_in1k/39w97nsi/swin_large_patch4_window12_384.ms_in22k_ft_in1k-epoch=30-val_loss=0.05-train_loss=0.03.ckpt', '/ceph/hpc/data/st2207-pgp-users/models_luka/swin_large_patch4_window12_384.ms_in22k_ft_in1k/39w97nsi/swin_large_patch4_window12_384.ms_in22k_ft_in1k-epoch=31-val_loss=0.11-train_loss=0.03.ckpt', '/ceph/hpc/data/st2207-pgp-users/models_luka/swin_large_patch4_window12_384.ms_in22k_ft_in1k/39w97nsi/swin_large_patch4_window12_384.ms_in22k_ft_in1k-epoch=32-val_loss=0.04-train_loss=0.03.ckpt', '/ceph/hpc/data/st2207-pgp-users/models_luka/swin_large_patch4_window12_384.ms_in22k_ft_in1k/39w97nsi/swin_large_patch4_window12_384.ms_in22k_ft_in1k-epoch=33-val_loss=0.06-train_loss=0.03.ckpt', '/ceph/hpc/data/st2207-pgp-users/models_luka/swin_large_patch4_window12_384.ms_in22k_ft_in1k/39w97nsi/swin_large_patch4_window12_384.ms_in22k_ft_in1k-epoch=34-val_loss=0.02-train_loss=0.03.ckpt', '/ceph/hpc/data/st2207-pgp-users/models_luka/swin_large_patch4_window12_384.ms_in22k_ft_in1k/39w97nsi/swin_large_patch4_window12_384.ms_in22k_ft_in1k-epoch=35-val_loss=0.05-train_loss=0.03.ckpt', '/ceph/hpc/data/st2207-pgp-users/models_luka/swin_large_patch4_window12_384.ms_in22k_ft_in1k/39w97nsi/swin_large_patch4_window12_384.ms_in22k_ft_in1k-epoch=36-val_loss=0.02-train_loss=0.03.ckpt', '/ceph/hpc/data/st2207-pgp-users/models_luka/swin_large_patch4_window12_384.ms_in22k_ft_in1k/39w97nsi/swin_large_patch4_window12_384.ms_in22k_ft_in1k-epoch=37-val_loss=0.02-train_loss=0.03.ckpt', '/ceph/hpc/data/st2207-pgp-users/models_luka/swin_large_patch4_window12_384.ms_in22k_ft_in1k/39w97nsi/swin_large_patch4_window12_384.ms_in22k_ft_in1k-epoch=38-val_loss=0.04-train_loss=0.03.ckpt', '/ceph/hpc/data/st2207-pgp-users/models_luka/swin_large_patch4_window12_384.ms_in22k_ft_in1k/39w97nsi/swin_large_patch4_window12_384.ms_in22k_ft_in1k-epoch=39-val_loss=0.08-train_loss=0.03.ckpt', '/ceph/hpc/data/st2207-pgp-users/models_luka/swin_large_patch4_window12_384.ms_in22k_ft_in1k/39w97nsi/swin_large_patch4_window12_384.ms_in22k_ft_in1k-epoch=40-val_loss=0.04-train_loss=0.03.ckpt', '/ceph/hpc/data/st2207-pgp-users/models_luka/swin_large_patch4_window12_384.ms_in22k_ft_in1k/39w97nsi/swin_large_patch4_window12_384.ms_in22k_ft_in1k-epoch=41-val_loss=0.06-train_loss=0.03.ckpt', '/ceph/hpc/data/st2207-pgp-users/models_luka/swin_large_patch4_window12_384.ms_in22k_ft_in1k/39w97nsi/swin_large_patch4_window12_384.ms_in22k_ft_in1k-epoch=42-val_loss=0.07-train_loss=0.03.ckpt', '/ceph/hpc/data/st2207-pgp-users/models_luka/swin_large_patch4_window12_384.ms_in22k_ft_in1k/39w97nsi/swin_large_patch4_window12_384.ms_in22k_ft_in1k-epoch=43-val_loss=0.02-train_loss=0.03.ckpt', '/ceph/hpc/data/st2207-pgp-users/models_luka/swin_large_patch4_window12_384.ms_in22k_ft_in1k/39w97nsi/swin_large_patch4_window12_384.ms_in22k_ft_in1k-epoch=44-val_loss=0.05-train_loss=0.03.ckpt', '/ceph/hpc/data/st2207-pgp-users/models_luka/swin_large_patch4_window12_384.ms_in22k_ft_in1k/39w97nsi/swin_large_patch4_window12_384.ms_in22k_ft_in1k-epoch=45-val_loss=0.06-train_loss=0.03.ckpt', '/ceph/hpc/data/st2207-pgp-users/models_luka/swin_large_patch4_window12_384.ms_in22k_ft_in1k/39w97nsi/swin_large_patch4_window12_384.ms_in22k_ft_in1k-epoch=46-val_loss=0.09-train_loss=0.03.ckpt', '/ceph/hpc/data/st2207-pgp-users/models_luka/swin_large_patch4_window12_384.ms_in22k_ft_in1k/39w97nsi/swin_large_patch4_window12_384.ms_in22k_ft_in1k-epoch=47-val_loss=0.07-train_loss=0.03.ckpt', '/ceph/hpc/data/st2207-pgp-users/models_luka/swin_large_patch4_window12_384.ms_in22k_ft_in1k/39w97nsi/swin_large_patch4_window12_384.ms_in22k_ft_in1k-epoch=48-val_loss=0.01-train_loss=0.03.ckpt', '/ceph/hpc/data/st2207-pgp-users/models_luka/swin_large_patch4_window12_384.ms_in22k_ft_in1k/39w97nsi/swin_large_patch4_window12_384.ms_in22k_ft_in1k-epoch=49-val_loss=0.03-train_loss=0.03.ckpt', '/ceph/hpc/data/st2207-pgp-users/models_luka/swin_large_patch4_window12_384.ms_in22k_ft_in1k/39w97nsi/swin_large_patch4_window12_384.ms_in22k_ft_in1k-epoch=50-val_loss=0.09-train_loss=0.03.ckpt', '/ceph/hpc/data/st2207-pgp-users/models_luka/swin_large_patch4_window12_384.ms_in22k_ft_in1k/39w97nsi/swin_large_patch4_window12_384.ms_in22k_ft_in1k-epoch=51-val_loss=0.09-train_loss=0.03.ckpt', '/ceph/hpc/data/st2207-pgp-users/models_luka/swin_large_patch4_window12_384.ms_in22k_ft_in1k/39w97nsi/swin_large_patch4_window12_384.ms_in22k_ft_in1k-epoch=52-val_loss=0.04-train_loss=0.03.ckpt', '/ceph/hpc/data/st2207-pgp-users/models_luka/swin_large_patch4_window12_384.ms_in22k_ft_in1k/39w97nsi/swin_large_patch4_window12_384.ms_in22k_ft_in1k-epoch=53-val_loss=0.07-train_loss=0.03.ckpt', '/ceph/hpc/data/st2207-pgp-users/models_luka/swin_large_patch4_window12_384.ms_in22k_ft_in1k/39w97nsi/swin_large_patch4_window12_384.ms_in22k_ft_in1k-epoch=54-val_loss=0.08-train_loss=0.03.ckpt', '/ceph/hpc/data/st2207-pgp-users/models_luka/swin_large_patch4_window12_384.ms_in22k_ft_in1k/39w97nsi/swin_large_patch4_window12_384.ms_in22k_ft_in1k-epoch=55-val_loss=0.12-train_loss=0.03.ckpt', '/ceph/hpc/data/st2207-pgp-users/models_luka/swin_large_patch4_window12_384.ms_in22k_ft_in1k/39w97nsi/swin_large_patch4_window12_384.ms_in22k_ft_in1k-epoch=56-val_loss=0.04-train_loss=0.03.ckpt', '/ceph/hpc/data/st2207-pgp-users/models_luka/swin_large_patch4_window12_384.ms_in22k_ft_in1k/39w97nsi/swin_large_patch4_window12_384.ms_in22k_ft_in1k-epoch=57-val_loss=0.03-train_loss=0.03.ckpt', '/ceph/hpc/data/st2207-pgp-users/models_luka/swin_large_patch4_window12_384.ms_in22k_ft_in1k/39w97nsi/swin_large_patch4_window12_384.ms_in22k_ft_in1k-epoch=58-val_loss=0.09-train_loss=0.03.ckpt', '/ceph/hpc/data/st2207-pgp-users/models_luka/swin_large_patch4_window12_384.ms_in22k_ft_in1k/39w97nsi/swin_large_patch4_window12_384.ms_in22k_ft_in1k-epoch=59-val_loss=0.03-train_loss=0.03.ckpt', '/ceph/hpc/data/st2207-pgp-users/models_luka/swin_large_patch4_window12_384.ms_in22k_ft_in1k/39w97nsi/swin_large_patch4_window12_384.ms_in22k_ft_in1k_final.ckpt']
epoch 00
skipping 00
epoch 01
skipping 01
epoch 02
skipping 02
epoch 03
skipping 03
epoch 04
skipping 04
epoch 05
skipping 05
epoch 06
skipping 06
epoch 07
skipping 07
epoch 08
skipping 08
epoch 09
skipping 09
epoch 10
skipping 10
epoch 11
skipping 11
epoch 12
skipping 12
epoch 13
skipping 13
epoch 14
skipping 14
epoch 15
skipping 15
epoch 16
skipping 16
epoch 17
skipping 17
epoch 18
skipping 18
epoch 19
skipping 19
epoch 20
skipping 20
epoch 21
skipping 21
epoch 22
skipping 22
epoch 23
skipping 23
epoch 24
skipping 24
epoch 25
skipping 25
epoch 26
skipping 26
epoch 27
skipping 27
epoch 28
skipping 28
epoch 29
skipping 29
epoch 30
skipping 30
epoch 31
skipping 31
epoch 32
skipping 32
epoch 33
skipping 33
epoch 34
skipping 34
epoch 35
skipping 35
epoch 36
skipping 36
epoch 37
skipping 37
epoch 38
skipping 38
epoch 39
skipping 39
epoch 40
skipping 40
epoch 41
skipping 41
epoch 42
skipping 42
epoch 43
skipping 43
epoch 44
skipping 44
epoch 45
AUC score for model /ceph/hpc/data/st2207-pgp-users/models_luka/swin_large_patch4_window12_384.ms_in22k_ft_in1k/39w97nsi/swin_large_patch4_window12_384.ms_in22k_ft_in1k-epoch=45-val_loss=0.06-train_loss=0.03.ckpt is 0.903020
new best_auc 0.9030196478442726
epoch 46
AUC score for model /ceph/hpc/data/st2207-pgp-users/models_luka/swin_large_patch4_window12_384.ms_in22k_ft_in1k/39w97nsi/swin_large_patch4_window12_384.ms_in22k_ft_in1k-epoch=46-val_loss=0.09-train_loss=0.03.ckpt is 0.903065
new best_auc 0.9030653465209942
epoch 47
AUC score for model /ceph/hpc/data/st2207-pgp-users/models_luka/swin_large_patch4_window12_384.ms_in22k_ft_in1k/39w97nsi/swin_large_patch4_window12_384.ms_in22k_ft_in1k-epoch=47-val_loss=0.07-train_loss=0.03.ckpt is 0.903075
new best_auc 0.9030752622716036
epoch 48
AUC score for model /ceph/hpc/data/st2207-pgp-users/models_luka/swin_large_patch4_window12_384.ms_in22k_ft_in1k/39w97nsi/swin_large_patch4_window12_384.ms_in22k_ft_in1k-epoch=48-val_loss=0.01-train_loss=0.03.ckpt is 0.903107
new best_auc 0.9031067340017986
epoch 49
AUC score for model /ceph/hpc/data/st2207-pgp-users/models_luka/swin_large_patch4_window12_384.ms_in22k_ft_in1k/39w97nsi/swin_large_patch4_window12_384.ms_in22k_ft_in1k-epoch=49-val_loss=0.03-train_loss=0.03.ckpt is 0.903163
new best_auc 0.903163210668313
epoch 50
AUC score for model /ceph/hpc/data/st2207-pgp-users/models_luka/swin_large_patch4_window12_384.ms_in22k_ft_in1k/39w97nsi/swin_large_patch4_window12_384.ms_in22k_ft_in1k-epoch=50-val_loss=0.09-train_loss=0.03.ckpt is 0.903180
new best_auc 0.9031800243323895
epoch 51
AUC score for model /ceph/hpc/data/st2207-pgp-users/models_luka/swin_large_patch4_window12_384.ms_in22k_ft_in1k/39w97nsi/swin_large_patch4_window12_384.ms_in22k_ft_in1k-epoch=51-val_loss=0.09-train_loss=0.03.ckpt is 0.903153
epoch 52
AUC score for model /ceph/hpc/data/st2207-pgp-users/models_luka/swin_large_patch4_window12_384.ms_in22k_ft_in1k/39w97nsi/swin_large_patch4_window12_384.ms_in22k_ft_in1k-epoch=52-val_loss=0.04-train_loss=0.03.ckpt is 0.903185
new best_auc 0.9031851977674902
epoch 53
AUC score for model /ceph/hpc/data/st2207-pgp-users/models_luka/swin_large_patch4_window12_384.ms_in22k_ft_in1k/39w97nsi/swin_large_patch4_window12_384.ms_in22k_ft_in1k-epoch=53-val_loss=0.07-train_loss=0.03.ckpt is 0.903256
new best_auc 0.9032563325001229
epoch 54
AUC score for model /ceph/hpc/data/st2207-pgp-users/models_luka/swin_large_patch4_window12_384.ms_in22k_ft_in1k/39w97nsi/swin_large_patch4_window12_384.ms_in22k_ft_in1k-epoch=54-val_loss=0.08-train_loss=0.03.ckpt is 0.903302
new best_auc 0.9033024622964361
epoch 55
AUC score for model /ceph/hpc/data/st2207-pgp-users/models_luka/swin_large_patch4_window12_384.ms_in22k_ft_in1k/39w97nsi/swin_large_patch4_window12_384.ms_in22k_ft_in1k-epoch=55-val_loss=0.12-train_loss=0.03.ckpt is 0.903424
new best_auc 0.9034244691408906
epoch 56
AUC score for model /ceph/hpc/data/st2207-pgp-users/models_luka/swin_large_patch4_window12_384.ms_in22k_ft_in1k/39w97nsi/swin_large_patch4_window12_384.ms_in22k_ft_in1k-epoch=56-val_loss=0.04-train_loss=0.03.ckpt is 0.903404
epoch 57
AUC score for model /ceph/hpc/data/st2207-pgp-users/models_luka/swin_large_patch4_window12_384.ms_in22k_ft_in1k/39w97nsi/swin_large_patch4_window12_384.ms_in22k_ft_in1k-epoch=57-val_loss=0.03-train_loss=0.03.ckpt is 0.903427
new best_auc 0.903427055858441
epoch 58
AUC score for model /ceph/hpc/data/st2207-pgp-users/models_luka/swin_large_patch4_window12_384.ms_in22k_ft_in1k/39w97nsi/swin_large_patch4_window12_384.ms_in22k_ft_in1k-epoch=58-val_loss=0.09-train_loss=0.03.ckpt is 0.903452
new best_auc 0.903452491914352
epoch 59
AUC score for model /ceph/hpc/data/st2207-pgp-users/models_luka/swin_large_patch4_window12_384.ms_in22k_ft_in1k/39w97nsi/swin_large_patch4_window12_384.ms_in22k_ft_in1k-epoch=59-val_loss=0.03-train_loss=0.03.ckpt is 0.903461
new best_auc 0.9034611143061863
