start
imports done
resolution 384
Timm data_cfg {'input_size': (3, 384, 384), 'interpolation': 'bicubic', 'mean': (0.485, 0.456, 0.406), 'std': (0.229, 0.224, 0.225), 'crop_pct': 1.0, 'crop_mode': 'center'}
using norm_std (0.229, 0.224, 0.225)
using norm_mean (0.485, 0.456, 0.406)
trained_models ['swin_large_patch4_window12_384.ms_in22k_ft_in1k-epoch=19-train_loss=0.02.ckpt', 'swin_large_patch4_window12_384.ms_in22k_ft_in1k-epoch=06-train_loss=0.05.ckpt', 'swin_large_patch4_window12_384.ms_in22k_ft_in1k-epoch=02-train_loss=0.09.ckpt', 'swin_large_patch4_window12_384.ms_in22k_ft_in1k-epoch=12-train_loss=0.03.ckpt', 'swin_large_patch4_window12_384.ms_in22k_ft_in1k-epoch=10-train_loss=0.04.ckpt', 'swin_large_patch4_window12_384.ms_in22k_ft_in1k-epoch=14-train_loss=0.03.ckpt', 'swin_large_patch4_window12_384.ms_in22k_ft_in1k-epoch=01-train_loss=0.10.ckpt', 'swin_large_patch4_window12_384.ms_in22k_ft_in1k-epoch=08-train_loss=0.04.ckpt', 'swin_large_patch4_window12_384.ms_in22k_ft_in1k-epoch=00-train_loss=0.17.ckpt', 'last.ckpt', 'swin_large_patch4_window12_384.ms_in22k_ft_in1k-epoch=13-train_loss=0.03.ckpt', 'swin_large_patch4_window12_384.ms_in22k_ft_in1k-epoch=15-train_loss=0.03.ckpt', 'swin_large_patch4_window12_384.ms_in22k_ft_in1k-epoch=16-train_loss=0.03.ckpt', 'swin_large_patch4_window12_384.ms_in22k_ft_in1k-epoch=03-train_loss=0.08.ckpt', 'swin_large_patch4_window12_384.ms_in22k_ft_in1k-epoch=18-train_loss=0.02.ckpt', 'swin_large_patch4_window12_384.ms_in22k_ft_in1k-epoch=17-train_loss=0.03.ckpt', 'swin_large_patch4_window12_384.ms_in22k_ft_in1k-epoch=09-train_loss=0.04.ckpt', 'swin_large_patch4_window12_384.ms_in22k_ft_in1k-epoch=11-train_loss=0.04.ckpt', 'swin_large_patch4_window12_384.ms_in22k_ft_in1k-epoch=04-train_loss=0.07.ckpt', 'swin_large_patch4_window12_384.ms_in22k_ft_in1k-epoch=05-train_loss=0.06.ckpt', 'swin_large_patch4_window12_384.ms_in22k_ft_in1k-epoch=07-train_loss=0.05.ckpt']
['/ceph/hpc/data/st2207-pgp-users/models_luka/swin_large_patch4_window12_384.ms_in22k_ft_in1k/swin_large_patch4_window12_384.ms_in22k_ft_in1k-epoch=00-train_loss=0.17.ckpt', '/ceph/hpc/data/st2207-pgp-users/models_luka/swin_large_patch4_window12_384.ms_in22k_ft_in1k/swin_large_patch4_window12_384.ms_in22k_ft_in1k-epoch=01-train_loss=0.10.ckpt', '/ceph/hpc/data/st2207-pgp-users/models_luka/swin_large_patch4_window12_384.ms_in22k_ft_in1k/swin_large_patch4_window12_384.ms_in22k_ft_in1k-epoch=02-train_loss=0.09.ckpt', '/ceph/hpc/data/st2207-pgp-users/models_luka/swin_large_patch4_window12_384.ms_in22k_ft_in1k/swin_large_patch4_window12_384.ms_in22k_ft_in1k-epoch=03-train_loss=0.08.ckpt', '/ceph/hpc/data/st2207-pgp-users/models_luka/swin_large_patch4_window12_384.ms_in22k_ft_in1k/swin_large_patch4_window12_384.ms_in22k_ft_in1k-epoch=04-train_loss=0.07.ckpt', '/ceph/hpc/data/st2207-pgp-users/models_luka/swin_large_patch4_window12_384.ms_in22k_ft_in1k/swin_large_patch4_window12_384.ms_in22k_ft_in1k-epoch=05-train_loss=0.06.ckpt', '/ceph/hpc/data/st2207-pgp-users/models_luka/swin_large_patch4_window12_384.ms_in22k_ft_in1k/swin_large_patch4_window12_384.ms_in22k_ft_in1k-epoch=06-train_loss=0.05.ckpt', '/ceph/hpc/data/st2207-pgp-users/models_luka/swin_large_patch4_window12_384.ms_in22k_ft_in1k/swin_large_patch4_window12_384.ms_in22k_ft_in1k-epoch=07-train_loss=0.05.ckpt', '/ceph/hpc/data/st2207-pgp-users/models_luka/swin_large_patch4_window12_384.ms_in22k_ft_in1k/swin_large_patch4_window12_384.ms_in22k_ft_in1k-epoch=08-train_loss=0.04.ckpt', '/ceph/hpc/data/st2207-pgp-users/models_luka/swin_large_patch4_window12_384.ms_in22k_ft_in1k/swin_large_patch4_window12_384.ms_in22k_ft_in1k-epoch=09-train_loss=0.04.ckpt', '/ceph/hpc/data/st2207-pgp-users/models_luka/swin_large_patch4_window12_384.ms_in22k_ft_in1k/swin_large_patch4_window12_384.ms_in22k_ft_in1k-epoch=10-train_loss=0.04.ckpt', '/ceph/hpc/data/st2207-pgp-users/models_luka/swin_large_patch4_window12_384.ms_in22k_ft_in1k/swin_large_patch4_window12_384.ms_in22k_ft_in1k-epoch=11-train_loss=0.04.ckpt', '/ceph/hpc/data/st2207-pgp-users/models_luka/swin_large_patch4_window12_384.ms_in22k_ft_in1k/swin_large_patch4_window12_384.ms_in22k_ft_in1k-epoch=12-train_loss=0.03.ckpt', '/ceph/hpc/data/st2207-pgp-users/models_luka/swin_large_patch4_window12_384.ms_in22k_ft_in1k/swin_large_patch4_window12_384.ms_in22k_ft_in1k-epoch=13-train_loss=0.03.ckpt', '/ceph/hpc/data/st2207-pgp-users/models_luka/swin_large_patch4_window12_384.ms_in22k_ft_in1k/swin_large_patch4_window12_384.ms_in22k_ft_in1k-epoch=14-train_loss=0.03.ckpt', '/ceph/hpc/data/st2207-pgp-users/models_luka/swin_large_patch4_window12_384.ms_in22k_ft_in1k/swin_large_patch4_window12_384.ms_in22k_ft_in1k-epoch=15-train_loss=0.03.ckpt', '/ceph/hpc/data/st2207-pgp-users/models_luka/swin_large_patch4_window12_384.ms_in22k_ft_in1k/swin_large_patch4_window12_384.ms_in22k_ft_in1k-epoch=16-train_loss=0.03.ckpt', '/ceph/hpc/data/st2207-pgp-users/models_luka/swin_large_patch4_window12_384.ms_in22k_ft_in1k/swin_large_patch4_window12_384.ms_in22k_ft_in1k-epoch=17-train_loss=0.03.ckpt', '/ceph/hpc/data/st2207-pgp-users/models_luka/swin_large_patch4_window12_384.ms_in22k_ft_in1k/swin_large_patch4_window12_384.ms_in22k_ft_in1k-epoch=18-train_loss=0.02.ckpt', '/ceph/hpc/data/st2207-pgp-users/models_luka/swin_large_patch4_window12_384.ms_in22k_ft_in1k/swin_large_patch4_window12_384.ms_in22k_ft_in1k-epoch=19-train_loss=0.02.ckpt', '/ceph/hpc/data/st2207-pgp-users/models_luka/swin_large_patch4_window12_384.ms_in22k_ft_in1k/last.ckpt']
epoch /ceph/hpc/data/st2207
AUC score for model /ceph/hpc/data/st2207-pgp-users/models_luka/swin_large_patch4_window12_384.ms_in22k_ft_in1k/swin_large_patch4_window12_384.ms_in22k_ft_in1k-epoch=00-train_loss=0.17.ckpt is 0.884973
epoch /ceph/hpc/data/st2207
AUC score for model /ceph/hpc/data/st2207-pgp-users/models_luka/swin_large_patch4_window12_384.ms_in22k_ft_in1k/swin_large_patch4_window12_384.ms_in22k_ft_in1k-epoch=01-train_loss=0.10.ckpt is 0.874728
epoch /ceph/hpc/data/st2207
AUC score for model /ceph/hpc/data/st2207-pgp-users/models_luka/swin_large_patch4_window12_384.ms_in22k_ft_in1k/swin_large_patch4_window12_384.ms_in22k_ft_in1k-epoch=02-train_loss=0.09.ckpt is 0.847843
epoch /ceph/hpc/data/st2207
AUC score for model /ceph/hpc/data/st2207-pgp-users/models_luka/swin_large_patch4_window12_384.ms_in22k_ft_in1k/swin_large_patch4_window12_384.ms_in22k_ft_in1k-epoch=03-train_loss=0.08.ckpt is 0.873656
epoch /ceph/hpc/data/st2207
AUC score for model /ceph/hpc/data/st2207-pgp-users/models_luka/swin_large_patch4_window12_384.ms_in22k_ft_in1k/swin_large_patch4_window12_384.ms_in22k_ft_in1k-epoch=04-train_loss=0.07.ckpt is 0.909792
epoch /ceph/hpc/data/st2207
AUC score for model /ceph/hpc/data/st2207-pgp-users/models_luka/swin_large_patch4_window12_384.ms_in22k_ft_in1k/swin_large_patch4_window12_384.ms_in22k_ft_in1k-epoch=05-train_loss=0.06.ckpt is 0.864441
epoch /ceph/hpc/data/st2207
AUC score for model /ceph/hpc/data/st2207-pgp-users/models_luka/swin_large_patch4_window12_384.ms_in22k_ft_in1k/swin_large_patch4_window12_384.ms_in22k_ft_in1k-epoch=06-train_loss=0.05.ckpt is 0.899011
epoch /ceph/hpc/data/st2207
AUC score for model /ceph/hpc/data/st2207-pgp-users/models_luka/swin_large_patch4_window12_384.ms_in22k_ft_in1k/swin_large_patch4_window12_384.ms_in22k_ft_in1k-epoch=07-train_loss=0.05.ckpt is 0.905892
epoch /ceph/hpc/data/st2207
AUC score for model /ceph/hpc/data/st2207-pgp-users/models_luka/swin_large_patch4_window12_384.ms_in22k_ft_in1k/swin_large_patch4_window12_384.ms_in22k_ft_in1k-epoch=08-train_loss=0.04.ckpt is 0.931872
epoch /ceph/hpc/data/st2207
AUC score for model /ceph/hpc/data/st2207-pgp-users/models_luka/swin_large_patch4_window12_384.ms_in22k_ft_in1k/swin_large_patch4_window12_384.ms_in22k_ft_in1k-epoch=09-train_loss=0.04.ckpt is 0.928038
epoch /ceph/hpc/data/st2207
AUC score for model /ceph/hpc/data/st2207-pgp-users/models_luka/swin_large_patch4_window12_384.ms_in22k_ft_in1k/swin_large_patch4_window12_384.ms_in22k_ft_in1k-epoch=10-train_loss=0.04.ckpt is 0.888345
epoch /ceph/hpc/data/st2207
AUC score for model /ceph/hpc/data/st2207-pgp-users/models_luka/swin_large_patch4_window12_384.ms_in22k_ft_in1k/swin_large_patch4_window12_384.ms_in22k_ft_in1k-epoch=11-train_loss=0.04.ckpt is 0.926620
epoch /ceph/hpc/data/st2207
AUC score for model /ceph/hpc/data/st2207-pgp-users/models_luka/swin_large_patch4_window12_384.ms_in22k_ft_in1k/swin_large_patch4_window12_384.ms_in22k_ft_in1k-epoch=12-train_loss=0.03.ckpt is 0.935419
epoch /ceph/hpc/data/st2207
AUC score for model /ceph/hpc/data/st2207-pgp-users/models_luka/swin_large_patch4_window12_384.ms_in22k_ft_in1k/swin_large_patch4_window12_384.ms_in22k_ft_in1k-epoch=13-train_loss=0.03.ckpt is 0.916285
epoch /ceph/hpc/data/st2207
AUC score for model /ceph/hpc/data/st2207-pgp-users/models_luka/swin_large_patch4_window12_384.ms_in22k_ft_in1k/swin_large_patch4_window12_384.ms_in22k_ft_in1k-epoch=14-train_loss=0.03.ckpt is 0.914534
epoch /ceph/hpc/data/st2207
AUC score for model /ceph/hpc/data/st2207-pgp-users/models_luka/swin_large_patch4_window12_384.ms_in22k_ft_in1k/swin_large_patch4_window12_384.ms_in22k_ft_in1k-epoch=15-train_loss=0.03.ckpt is 0.927701
epoch /ceph/hpc/data/st2207
AUC score for model /ceph/hpc/data/st2207-pgp-users/models_luka/swin_large_patch4_window12_384.ms_in22k_ft_in1k/swin_large_patch4_window12_384.ms_in22k_ft_in1k-epoch=16-train_loss=0.03.ckpt is 0.910627
epoch /ceph/hpc/data/st2207
AUC score for model /ceph/hpc/data/st2207-pgp-users/models_luka/swin_large_patch4_window12_384.ms_in22k_ft_in1k/swin_large_patch4_window12_384.ms_in22k_ft_in1k-epoch=17-train_loss=0.03.ckpt is 0.932197
epoch /ceph/hpc/data/st2207
AUC score for model /ceph/hpc/data/st2207-pgp-users/models_luka/swin_large_patch4_window12_384.ms_in22k_ft_in1k/swin_large_patch4_window12_384.ms_in22k_ft_in1k-epoch=18-train_loss=0.02.ckpt is 0.925369
epoch /ceph/hpc/data/st2207
AUC score for model /ceph/hpc/data/st2207-pgp-users/models_luka/swin_large_patch4_window12_384.ms_in22k_ft_in1k/swin_large_patch4_window12_384.ms_in22k_ft_in1k-epoch=19-train_loss=0.02.ckpt is 0.918775
epoch /ceph/hpc/data/st2207
AUC score for model /ceph/hpc/data/st2207-pgp-users/models_luka/swin_large_patch4_window12_384.ms_in22k_ft_in1k/last.ckpt is 0.918775
